[2020-12-22 20:47:06.737] [exthost] [info] extension host started
[2020-12-22 20:47:06.920] [exthost] [info] ExtensionService#_doActivateExtension ms-toolsai.jupyter {"startup":false,"extensionId":{"value":"ms-toolsai.jupyter","_lower":"ms-toolsai.jupyter"},"activationEvent":"onLanguage:python"}
[2020-12-22 20:47:06.921] [exthost] [info] ExtensionService#loadCommonJSModule file:///home/smarthome/.vscode-server/extensions/ms-toolsai.jupyter-2020.12.414227025/out/client/extension
[2020-12-22 20:47:07.313] [exthost] [info] ExtensionService#_doActivateExtension vscode.debug-auto-launch {"startup":true,"extensionId":{"value":"vscode.debug-auto-launch","_lower":"vscode.debug-auto-launch"},"activationEvent":"*"}
[2020-12-22 20:47:07.313] [exthost] [info] ExtensionService#loadCommonJSModule file:///home/smarthome/.vscode-server/bin/ea3859d4ba2f3e577a159bc91e3074c5d85c0523/extensions/debug-auto-launch/dist/extension
[2020-12-22 20:47:07.318] [exthost] [info] ExtensionService#_doActivateExtension vscode.emmet {"startup":true,"extensionId":{"value":"vscode.emmet","_lower":"vscode.emmet"},"activationEvent":"*"}
[2020-12-22 20:47:07.318] [exthost] [info] ExtensionService#loadCommonJSModule file:///home/smarthome/.vscode-server/bin/ea3859d4ba2f3e577a159bc91e3074c5d85c0523/extensions/emmet/dist/node/emmetNodeMain
[2020-12-22 20:47:07.365] [exthost] [info] ExtensionService#_doActivateExtension vscode.git {"startup":true,"extensionId":{"value":"vscode.github","_lower":"vscode.github"},"activationEvent":"*"}
[2020-12-22 20:47:07.365] [exthost] [info] ExtensionService#loadCommonJSModule file:///home/smarthome/.vscode-server/bin/ea3859d4ba2f3e577a159bc91e3074c5d85c0523/extensions/git/dist/main
[2020-12-22 20:47:07.546] [exthost] [info] ExtensionService#_doActivateExtension vscode.merge-conflict {"startup":true,"extensionId":{"value":"vscode.merge-conflict","_lower":"vscode.merge-conflict"},"activationEvent":"*"}
[2020-12-22 20:47:07.546] [exthost] [info] ExtensionService#loadCommonJSModule file:///home/smarthome/.vscode-server/bin/ea3859d4ba2f3e577a159bc91e3074c5d85c0523/extensions/merge-conflict/dist/mergeConflictMain
[2020-12-22 20:47:07.555] [exthost] [info] ExtensionService#_doActivateExtension vscode.search-result {"startup":true,"extensionId":{"value":"vscode.search-result","_lower":"vscode.search-result"},"activationEvent":"*"}
[2020-12-22 20:47:07.568] [exthost] [info] ExtensionService#loadCommonJSModule file:///home/smarthome/.vscode-server/bin/ea3859d4ba2f3e577a159bc91e3074c5d85c0523/extensions/search-result/dist/extension.js
[2020-12-22 20:47:07.793] [exthost] [info] ExtensionService#_doActivateExtension vscode.github {"startup":true,"extensionId":{"value":"vscode.github","_lower":"vscode.github"},"activationEvent":"*"}
[2020-12-22 20:47:07.794] [exthost] [info] ExtensionService#loadCommonJSModule file:///home/smarthome/.vscode-server/bin/ea3859d4ba2f3e577a159bc91e3074c5d85c0523/extensions/github/dist/extension.js
[2020-12-22 20:47:07.978] [exthost] [info] eager extensions activated
[2020-12-22 20:47:08.021] [exthost] [info] ExtensionService#_doActivateExtension ms-vscode.js-debug {"startup":false,"extensionId":{"value":"ms-vscode.js-debug","_lower":"ms-vscode.js-debug"},"activationEvent":"onCommand:extension.js-debug.clearAutoAttachVariables"}
[2020-12-22 20:47:08.024] [exthost] [info] ExtensionService#loadCommonJSModule file:///home/smarthome/.vscode-server/bin/ea3859d4ba2f3e577a159bc91e3074c5d85c0523/extensions/ms-vscode.js-debug/src/extension.js
[2020-12-22 20:47:10.359] [exthost] [info] ExtensionService#_doActivateExtension ms-python.python {"startup":false,"extensionId":{"value":"ms-python.python","_lower":"ms-python.python"},"activationEvent":"onLanguage:python"}
[2020-12-22 20:47:10.364] [exthost] [info] ExtensionService#loadCommonJSModule file:///home/smarthome/.vscode-server/extensions/ms-python.python-2020.12.424452561/out/client/extension
[2020-12-22 20:47:11.108] [exthost] [warning] [Decorations] CAPPING events from decorations provider vscode.git 5000
