Looking for git in: git
Using git 2.25.1 from git
> git rev-parse --git-dir
Open repository: /home/smarthome
> git status -z -u
> git check-ignore -v -z --stdin
> git symbolic-ref --short HEAD
> git rev-parse master
> git rev-parse --symbolic-full-name master@{u}
> git rev-list --left-right master...refs/remotes/origin/master
> git for-each-ref --sort -committerdate --format %(refname) %(objectname) %(*objectname)
> git remote --verbose
> git config --get commit.template
> git check-ignore -v -z --stdin
> git show --textconv :smarthome/debug.log
> git ls-files --stage -- /home/smarthome/smarthome/debug.log
> git cat-file -s ae3d824ce88e7cbe5de44874193d191a7f0bf82a
> git show --textconv :debug.log
> git ls-files --stage -- /home/smarthome/debug.log
> git cat-file -s ae5f6f6213995481c92d5ef17464e58741907c87
> git show --textconv :smarthome/debug.log
> git ls-files --stage -- /home/smarthome/smarthome/debug.log
> git cat-file -s ae3d824ce88e7cbe5de44874193d191a7f0bf82a
> git show --textconv :debug.log
> git ls-files --stage -- /home/smarthome/debug.log
> git cat-file -s ae5f6f6213995481c92d5ef17464e58741907c87
> git show --textconv :smarthome/debug.log
> git ls-files --stage -- /home/smarthome/smarthome/debug.log
> git cat-file -s ae3d824ce88e7cbe5de44874193d191a7f0bf82a
> git show --textconv :debug.log
> git ls-files --stage -- /home/smarthome/debug.log
> git cat-file -s ae5f6f6213995481c92d5ef17464e58741907c87
> git show --textconv :smarthome/debug.log
> git ls-files --stage -- /home/smarthome/smarthome/debug.log
> git cat-file -s ae3d824ce88e7cbe5de44874193d191a7f0bf82a
> git show --textconv :debug.log
> git ls-files --stage -- /home/smarthome/debug.log
> git cat-file -s ae5f6f6213995481c92d5ef17464e58741907c87
> git show --textconv :smarthome/debug.log
> git ls-files --stage -- /home/smarthome/smarthome/debug.log
> git cat-file -s ae3d824ce88e7cbe5de44874193d191a7f0bf82a
> git check-ignore -v -z --stdin
> git check-ignore -v -z --stdin
> git show --textconv :debug.log
> git ls-files --stage -- /home/smarthome/debug.log
> git cat-file -s ae5f6f6213995481c92d5ef17464e58741907c87
> git show --textconv :smarthome/debug.log
> git ls-files --stage -- /home/smarthome/smarthome/debug.log
> git cat-file -s ae3d824ce88e7cbe5de44874193d191a7f0bf82a
> git show --textconv :smarthome/debug.log
> git ls-files --stage -- /home/smarthome/smarthome/debug.log
> git cat-file -s ae3d824ce88e7cbe5de44874193d191a7f0bf82a
> git check-ignore -v -z --stdin
> git show --textconv :smarthome/manage.py
> git ls-files --stage -- /home/smarthome/smarthome/manage.py
> git cat-file -s 6d5caf42a1e1f77d4c29346711ef6553ce64355f
> git show --textconv :smarthome/debug.log
> git ls-files --stage -- /home/smarthome/smarthome/debug.log
> git cat-file -s ae3d824ce88e7cbe5de44874193d191a7f0bf82a
> git check-ignore -v -z --stdin
> git show --textconv :smarthome/debug.log
> git ls-files --stage -- /home/smarthome/smarthome/debug.log
> git cat-file -s ae3d824ce88e7cbe5de44874193d191a7f0bf82a
> git check-ignore -v -z --stdin
> git show --textconv :smarthome/smarthomeproj/server/models.py
> git ls-files --stage -- /home/smarthome/smarthome/smarthomeproj/server/models.py
> git cat-file -s 09f475c5d740e0a4e3d5034533f7cef283277ef0
> git show --textconv :smarthome/smarthomeproj/server/views.py
> git ls-files --stage -- /home/smarthome/smarthome/smarthomeproj/server/views.py
> git cat-file -s eebc8267f5964aed949a6a152a9df80e7c72dfa2
> git show --textconv :smarthome/debug.log
> git ls-files --stage -- /home/smarthome/smarthome/debug.log
> git cat-file -s ae3d824ce88e7cbe5de44874193d191a7f0bf82a
> git show --textconv :smarthome/manage.py
> git ls-files --stage -- /home/smarthome/smarthome/manage.py
> git cat-file -s 6d5caf42a1e1f77d4c29346711ef6553ce64355f
> git show --textconv :smarthome/debug.log
> git ls-files --stage -- /home/smarthome/smarthome/debug.log
> git cat-file -s ae3d824ce88e7cbe5de44874193d191a7f0bf82a
> git show --textconv :smarthome/manage.py
> git ls-files --stage -- /home/smarthome/smarthome/manage.py
> git cat-file -s 6d5caf42a1e1f77d4c29346711ef6553ce64355f
> git show --textconv :smarthome/debug.log
> git ls-files --stage -- /home/smarthome/smarthome/debug.log
> git cat-file -s ae3d824ce88e7cbe5de44874193d191a7f0bf82a
> git show --textconv :smarthome/manage.py
> git ls-files --stage -- /home/smarthome/smarthome/manage.py
> git cat-file -s 6d5caf42a1e1f77d4c29346711ef6553ce64355f
> git show --textconv :smarthome/debug.log
> git ls-files --stage -- /home/smarthome/smarthome/debug.log
> git cat-file -s ae3d824ce88e7cbe5de44874193d191a7f0bf82a
> git show --textconv :smarthome/smarthomeproj/server/views.py
> git ls-files --stage -- /home/smarthome/smarthome/smarthomeproj/server/views.py
> git cat-file -s eebc8267f5964aed949a6a152a9df80e7c72dfa2
> git show --textconv :smarthome/debug.log
> git ls-files --stage -- /home/smarthome/smarthome/debug.log
> git cat-file -s ae3d824ce88e7cbe5de44874193d191a7f0bf82a
> git show --textconv :smarthome/staticFrontend/index.html
> git ls-files --stage -- /home/smarthome/smarthome/staticFrontend/index.html
> git cat-file -s 1c8c95fb1ddaeb13953bf6fb2b20fb333b431ab7
> git show --textconv :smarthome/debug.log
> git ls-files --stage -- /home/smarthome/smarthome/debug.log
> git cat-file -s ae3d824ce88e7cbe5de44874193d191a7f0bf82a
> git show --textconv :smarthome/smarthomeproj/server/models.py
> git ls-files --stage -- /home/smarthome/smarthome/smarthomeproj/server/models.py
> git cat-file -s 09f475c5d740e0a4e3d5034533f7cef283277ef0
> git show --textconv :smarthome/smarthomeproj/server/views.py
> git ls-files --stage -- /home/smarthome/smarthome/smarthomeproj/server/views.py
> git cat-file -s eebc8267f5964aed949a6a152a9df80e7c72dfa2
> git show --textconv :smarthome/debug.log
> git ls-files --stage -- /home/smarthome/smarthome/debug.log
> git cat-file -s ae3d824ce88e7cbe5de44874193d191a7f0bf82a
> git show --textconv :smarthome/staticFrontend/index.html
> git ls-files --stage -- /home/smarthome/smarthome/staticFrontend/index.html
> git cat-file -s 1c8c95fb1ddaeb13953bf6fb2b20fb333b431ab7
> git show --textconv :smarthome/debug.log
> git ls-files --stage -- /home/smarthome/smarthome/debug.log
> git cat-file -s ae3d824ce88e7cbe5de44874193d191a7f0bf82a
> git show --textconv :smarthome/smarthomeproj/server/views.py
> git ls-files --stage -- /home/smarthome/smarthome/smarthomeproj/server/views.py
> git cat-file -s eebc8267f5964aed949a6a152a9df80e7c72dfa2
> git show --textconv :smarthome/debug.log
> git ls-files --stage -- /home/smarthome/smarthome/debug.log
> git cat-file -s ae3d824ce88e7cbe5de44874193d191a7f0bf82a
> git show --textconv :smarthome/smarthomeproj/server/views.py
> git ls-files --stage -- /home/smarthome/smarthome/smarthomeproj/server/views.py
> git cat-file -s eebc8267f5964aed949a6a152a9df80e7c72dfa2
> git show --textconv :smarthome/debug.log
> git ls-files --stage -- /home/smarthome/smarthome/debug.log
> git cat-file -s ae3d824ce88e7cbe5de44874193d191a7f0bf82a
> git show --textconv :smarthome/smarthomeproj/server/views.py
> git ls-files --stage -- /home/smarthome/smarthome/smarthomeproj/server/views.py
> git cat-file -s eebc8267f5964aed949a6a152a9df80e7c72dfa2
> git show --textconv :smarthome/smarthomeproj/settings.py
> git ls-files --stage -- /home/smarthome/smarthome/smarthomeproj/settings.py
> git cat-file -s 82f87d62fa2117a8d386e7d2c73fffc07eb79ec0
> git show --textconv :smarthome/smarthomeproj/server/views.py
> git ls-files --stage -- /home/smarthome/smarthome/smarthomeproj/server/views.py
> git cat-file -s eebc8267f5964aed949a6a152a9df80e7c72dfa2
> git show --textconv :smarthome/manage.py
> git ls-files --stage -- /home/smarthome/smarthome/manage.py
> git cat-file -s 6d5caf42a1e1f77d4c29346711ef6553ce64355f
> git show --textconv :smarthome/debug.log
> git ls-files --stage -- /home/smarthome/smarthome/debug.log
> git cat-file -s ae3d824ce88e7cbe5de44874193d191a7f0bf82a
> git show --textconv :smarthome/smarthomeproj/wsgi.py
> git ls-files --stage -- /home/smarthome/smarthome/smarthomeproj/wsgi.py
> git cat-file -s 0d6dcf62829f4fc087fbc28cc8c47c244452cdcc
> git show --textconv :smarthome/debug.log
> git ls-files --stage -- /home/smarthome/smarthome/debug.log
> git cat-file -s ae3d824ce88e7cbe5de44874193d191a7f0bf82a
> git show --textconv :smarthome/smarthomeproj/server/views.py
> git ls-files --stage -- /home/smarthome/smarthome/smarthomeproj/server/views.py
> git cat-file -s eebc8267f5964aed949a6a152a9df80e7c72dfa2
> git show --textconv :smarthome/debug.log
> git ls-files --stage -- /home/smarthome/smarthome/debug.log
> git cat-file -s ae3d824ce88e7cbe5de44874193d191a7f0bf82a
> git show --textconv :smarthome/manage.py
> git ls-files --stage -- /home/smarthome/smarthome/manage.py
> git cat-file -s 6d5caf42a1e1f77d4c29346711ef6553ce64355f
> git show --textconv :smarthome/debug.log
> git ls-files --stage -- /home/smarthome/smarthome/debug.log
> git cat-file -s ae3d824ce88e7cbe5de44874193d191a7f0bf82a
> git show --textconv :smarthome/manage.py
> git ls-files --stage -- /home/smarthome/smarthome/manage.py
> git cat-file -s 6d5caf42a1e1f77d4c29346711ef6553ce64355f
> git show --textconv :smarthome/debug.log
> git ls-files --stage -- /home/smarthome/smarthome/debug.log
> git cat-file -s ae3d824ce88e7cbe5de44874193d191a7f0bf82a
> git show --textconv :smarthome/manage.py
> git ls-files --stage -- /home/smarthome/smarthome/manage.py
> git cat-file -s 6d5caf42a1e1f77d4c29346711ef6553ce64355f
> git show --textconv :smarthome/debug.log
> git ls-files --stage -- /home/smarthome/smarthome/debug.log
> git cat-file -s ae3d824ce88e7cbe5de44874193d191a7f0bf82a
> git show --textconv :smarthome/staticFrontend/index.html
> git ls-files --stage -- /home/smarthome/smarthome/staticFrontend/index.html
> git cat-file -s 1c8c95fb1ddaeb13953bf6fb2b20fb333b431ab7
> git show --textconv :smarthome/debug.log
> git ls-files --stage -- /home/smarthome/smarthome/debug.log
> git cat-file -s ae3d824ce88e7cbe5de44874193d191a7f0bf82a
> git check-ignore -v -z --stdin
> git show --textconv :smarthome/smarthomeproj/server/models.py
> git ls-files --stage -- /home/smarthome/smarthome/smarthomeproj/server/models.py
> git cat-file -s 09f475c5d740e0a4e3d5034533f7cef283277ef0
> git show --textconv :smarthome/smarthomeproj/urls.py
> git ls-files --stage -- /home/smarthome/smarthome/smarthomeproj/urls.py
> git cat-file -s ab0e177258e86b6da7e9b4f5fdef43f3794d431b
> git show --textconv :smarthome/smarthomeproj/server/views.py
> git ls-files --stage -- /home/smarthome/smarthome/smarthomeproj/server/views.py
> git cat-file -s eebc8267f5964aed949a6a152a9df80e7c72dfa2
> git show --textconv :smarthome/smarthomeproj/server/serializers.py
> git ls-files --stage -- /home/smarthome/smarthome/smarthomeproj/server/serializers.py
> git cat-file -s b6db1855c672dba79584e9ca3be32fb5287d9b59
> git show --textconv :smarthome/smarthomeproj/server/models.py
> git ls-files --stage -- /home/smarthome/smarthome/smarthomeproj/server/models.py
> git cat-file -s 09f475c5d740e0a4e3d5034533f7cef283277ef0
> git show --textconv :smarthome/smarthomeproj/urls.py
> git ls-files --stage -- /home/smarthome/smarthome/smarthomeproj/urls.py
> git cat-file -s ab0e177258e86b6da7e9b4f5fdef43f3794d431b
> git show --textconv :smarthome/smarthomeproj/server/models.py
> git ls-files --stage -- /home/smarthome/smarthome/smarthomeproj/server/models.py
> git cat-file -s 09f475c5d740e0a4e3d5034533f7cef283277ef0
> git show --textconv :smarthome/smarthomeproj/server/serializers.py
> git ls-files --stage -- /home/smarthome/smarthome/smarthomeproj/server/serializers.py
> git cat-file -s b6db1855c672dba79584e9ca3be32fb5287d9b59
> git show --textconv :smarthome/smarthomeproj/server/views.py
> git ls-files --stage -- /home/smarthome/smarthome/smarthomeproj/server/views.py
> git cat-file -s eebc8267f5964aed949a6a152a9df80e7c72dfa2
> git show --textconv :smarthome/smarthomeproj/server/serializers.py
> git ls-files --stage -- /home/smarthome/smarthome/smarthomeproj/server/serializers.py
> git cat-file -s b6db1855c672dba79584e9ca3be32fb5287d9b59
> git show --textconv :smarthome/smarthomeproj/server/models.py
> git ls-files --stage -- /home/smarthome/smarthome/smarthomeproj/server/models.py
> git cat-file -s 09f475c5d740e0a4e3d5034533f7cef283277ef0
> git show --textconv :smarthome/smarthomeproj/server/views.py
> git ls-files --stage -- /home/smarthome/smarthome/smarthomeproj/server/views.py
> git cat-file -s eebc8267f5964aed949a6a152a9df80e7c72dfa2
> git show --textconv :smarthome/smarthomeproj/server/models.py
> git ls-files --stage -- /home/smarthome/smarthome/smarthomeproj/server/models.py
> git cat-file -s 09f475c5d740e0a4e3d5034533f7cef283277ef0
> git show --textconv :smarthome/smarthomeproj/server/views.py
> git ls-files --stage -- /home/smarthome/smarthome/smarthomeproj/server/views.py
> git cat-file -s eebc8267f5964aed949a6a152a9df80e7c72dfa2
> git show --textconv :smarthome/smarthomeproj/server/models.py
> git ls-files --stage -- /home/smarthome/smarthome/smarthomeproj/server/models.py
> git cat-file -s 09f475c5d740e0a4e3d5034533f7cef283277ef0
> git show --textconv :smarthome/smarthomeproj/server/views.py
> git ls-files --stage -- /home/smarthome/smarthome/smarthomeproj/server/views.py
> git cat-file -s eebc8267f5964aed949a6a152a9df80e7c72dfa2
> git show --textconv :smarthome/smarthomeproj/server/serializers.py
> git ls-files --stage -- /home/smarthome/smarthome/smarthomeproj/server/serializers.py
> git cat-file -s b6db1855c672dba79584e9ca3be32fb5287d9b59
> git show --textconv :smarthome/smarthomeproj/server/models.py
> git ls-files --stage -- /home/smarthome/smarthome/smarthomeproj/server/models.py
> git cat-file -s 09f475c5d740e0a4e3d5034533f7cef283277ef0
> git show --textconv :smarthome/smarthomeproj/server/serializers.py
> git ls-files --stage -- /home/smarthome/smarthome/smarthomeproj/server/serializers.py
> git cat-file -s b6db1855c672dba79584e9ca3be32fb5287d9b59
> git show --textconv :smarthome/smarthomeproj/server/models.py
> git ls-files --stage -- /home/smarthome/smarthome/smarthomeproj/server/models.py
> git cat-file -s 09f475c5d740e0a4e3d5034533f7cef283277ef0
> git show --textconv :smarthome/smarthomeproj/server/serializers.py
> git ls-files --stage -- /home/smarthome/smarthome/smarthomeproj/server/serializers.py
> git cat-file -s b6db1855c672dba79584e9ca3be32fb5287d9b59
> git show --textconv :smarthome/smarthomeproj/server/views.py
> git ls-files --stage -- /home/smarthome/smarthome/smarthomeproj/server/views.py
> git cat-file -s eebc8267f5964aed949a6a152a9df80e7c72dfa2
> git show --textconv :smarthome/smarthomeproj/server/serializers.py
> git ls-files --stage -- /home/smarthome/smarthome/smarthomeproj/server/serializers.py
> git cat-file -s b6db1855c672dba79584e9ca3be32fb5287d9b59
> git show --textconv :smarthome/smarthomeproj/server/models.py
> git ls-files --stage -- /home/smarthome/smarthome/smarthomeproj/server/models.py
> git cat-file -s 09f475c5d740e0a4e3d5034533f7cef283277ef0
> git show --textconv :smarthome/smarthomeproj/server/views.py
> git ls-files --stage -- /home/smarthome/smarthome/smarthomeproj/server/views.py
> git cat-file -s eebc8267f5964aed949a6a152a9df80e7c72dfa2
> git show --textconv :smarthome/smarthomeproj/server/models.py
> git ls-files --stage -- /home/smarthome/smarthome/smarthomeproj/server/models.py
> git cat-file -s 09f475c5d740e0a4e3d5034533f7cef283277ef0
> git show --textconv :smarthome/smarthomeproj/server/views.py
> git ls-files --stage -- /home/smarthome/smarthome/smarthomeproj/server/views.py
> git cat-file -s eebc8267f5964aed949a6a152a9df80e7c72dfa2
> git show --textconv :smarthome/smarthomeproj/urls.py
> git ls-files --stage -- /home/smarthome/smarthome/smarthomeproj/urls.py
> git cat-file -s ab0e177258e86b6da7e9b4f5fdef43f3794d431b
> git show --textconv :smarthome/smarthomeproj/server/models.py
> git ls-files --stage -- /home/smarthome/smarthome/smarthomeproj/server/models.py
> git cat-file -s 09f475c5d740e0a4e3d5034533f7cef283277ef0
> git show --textconv :smarthome/smarthomeproj/server/serializers.py
> git ls-files --stage -- /home/smarthome/smarthome/smarthomeproj/server/serializers.py
> git cat-file -s b6db1855c672dba79584e9ca3be32fb5287d9b59
> git show --textconv :smarthome/smarthomeproj/server/models.py
> git ls-files --stage -- /home/smarthome/smarthome/smarthomeproj/server/models.py
> git cat-file -s 09f475c5d740e0a4e3d5034533f7cef283277ef0
> git show --textconv :smarthome/smarthomeproj/server/views.py
> git ls-files --stage -- /home/smarthome/smarthome/smarthomeproj/server/views.py
> git cat-file -s eebc8267f5964aed949a6a152a9df80e7c72dfa2
> git show --textconv :smarthome/smarthomeproj/server/serializers.py
> git ls-files --stage -- /home/smarthome/smarthome/smarthomeproj/server/serializers.py
> git cat-file -s b6db1855c672dba79584e9ca3be32fb5287d9b59
> git show --textconv :smarthome/smarthomeproj/server/models.py
> git ls-files --stage -- /home/smarthome/smarthome/smarthomeproj/server/models.py
> git cat-file -s 09f475c5d740e0a4e3d5034533f7cef283277ef0
> git show --textconv :smarthome/smarthomeproj/server/views.py
> git ls-files --stage -- /home/smarthome/smarthome/smarthomeproj/server/views.py
> git cat-file -s eebc8267f5964aed949a6a152a9df80e7c72dfa2
> git show --textconv :smarthome/smarthomeproj/server/serializers.py
> git ls-files --stage -- /home/smarthome/smarthome/smarthomeproj/server/serializers.py
> git cat-file -s b6db1855c672dba79584e9ca3be32fb5287d9b59
> git show --textconv :smarthome/smarthomeproj/server/views.py
> git ls-files --stage -- /home/smarthome/smarthome/smarthomeproj/server/views.py
> git cat-file -s eebc8267f5964aed949a6a152a9df80e7c72dfa2
> git show --textconv :smarthome/smarthomeproj/urls.py
> git ls-files --stage -- /home/smarthome/smarthome/smarthomeproj/urls.py
> git cat-file -s ab0e177258e86b6da7e9b4f5fdef43f3794d431b
> git show --textconv :smarthome/smarthomeproj/server/views.py
> git ls-files --stage -- /home/smarthome/smarthome/smarthomeproj/server/views.py
> git cat-file -s eebc8267f5964aed949a6a152a9df80e7c72dfa2
> git show --textconv :smarthome/smarthomeproj/server/models.py
> git ls-files --stage -- /home/smarthome/smarthome/smarthomeproj/server/models.py
> git cat-file -s 09f475c5d740e0a4e3d5034533f7cef283277ef0
> git show --textconv :smarthome/smarthomeproj/server/views.py
> git ls-files --stage -- /home/smarthome/smarthome/smarthomeproj/server/views.py
> git cat-file -s eebc8267f5964aed949a6a152a9df80e7c72dfa2
> git show --textconv :smarthome/smarthomeproj/server/serializers.py
> git ls-files --stage -- /home/smarthome/smarthome/smarthomeproj/server/serializers.py
> git cat-file -s b6db1855c672dba79584e9ca3be32fb5287d9b59
> git show --textconv :smarthome/smarthomeproj/server/models.py
> git ls-files --stage -- /home/smarthome/smarthome/smarthomeproj/server/models.py
> git cat-file -s 09f475c5d740e0a4e3d5034533f7cef283277ef0
> git show --textconv :smarthome/smarthomeproj/server/serializers.py
> git ls-files --stage -- /home/smarthome/smarthome/smarthomeproj/server/serializers.py
> git cat-file -s b6db1855c672dba79584e9ca3be32fb5287d9b59
> git show --textconv :smarthome/smarthomeproj/server/models.py
> git ls-files --stage -- /home/smarthome/smarthome/smarthomeproj/server/models.py
> git cat-file -s 09f475c5d740e0a4e3d5034533f7cef283277ef0
> git show --textconv :smarthome/smarthomeproj/server/views.py
> git ls-files --stage -- /home/smarthome/smarthome/smarthomeproj/server/views.py
> git cat-file -s eebc8267f5964aed949a6a152a9df80e7c72dfa2
> git show --textconv :smarthome/smarthomeproj/server/serializers.py
> git ls-files --stage -- /home/smarthome/smarthome/smarthomeproj/server/serializers.py
> git cat-file -s b6db1855c672dba79584e9ca3be32fb5287d9b59
> git show --textconv :smarthome/smarthomeproj/server/models.py
> git ls-files --stage -- /home/smarthome/smarthome/smarthomeproj/server/models.py
> git cat-file -s 09f475c5d740e0a4e3d5034533f7cef283277ef0
> git show --textconv :smarthome/smarthomeproj/server/views.py
> git ls-files --stage -- /home/smarthome/smarthome/smarthomeproj/server/views.py
> git cat-file -s eebc8267f5964aed949a6a152a9df80e7c72dfa2
> git show --textconv :smarthome/smarthomeproj/server/models.py
> git ls-files --stage -- /home/smarthome/smarthome/smarthomeproj/server/models.py
> git cat-file -s 09f475c5d740e0a4e3d5034533f7cef283277ef0
> git show --textconv :smarthome/smarthomeproj/server/serializers.py
> git ls-files --stage -- /home/smarthome/smarthome/smarthomeproj/server/serializers.py
> git cat-file -s b6db1855c672dba79584e9ca3be32fb5287d9b59
> git show --textconv :smarthome/smarthomeproj/server/views.py
> git ls-files --stage -- /home/smarthome/smarthome/smarthomeproj/server/views.py
> git cat-file -s eebc8267f5964aed949a6a152a9df80e7c72dfa2
> git show --textconv :smarthome/smarthomeproj/urls.py
> git ls-files --stage -- /home/smarthome/smarthome/smarthomeproj/urls.py
> git cat-file -s ab0e177258e86b6da7e9b4f5fdef43f3794d431b
> git show --textconv :smarthome/smarthomeproj/server/models.py
> git ls-files --stage -- /home/smarthome/smarthome/smarthomeproj/server/models.py
> git cat-file -s 09f475c5d740e0a4e3d5034533f7cef283277ef0
> git show --textconv :smarthome/smarthomeproj/server/views.py
> git ls-files --stage -- /home/smarthome/smarthome/smarthomeproj/server/views.py
> git cat-file -s eebc8267f5964aed949a6a152a9df80e7c72dfa2
> git show --textconv :smarthome/smarthomeproj/server/serializers.py
> git ls-files --stage -- /home/smarthome/smarthome/smarthomeproj/server/serializers.py
> git cat-file -s b6db1855c672dba79584e9ca3be32fb5287d9b59
> git show --textconv :smarthome/smarthomeproj/server/views.py
> git ls-files --stage -- /home/smarthome/smarthome/smarthomeproj/server/views.py
> git cat-file -s eebc8267f5964aed949a6a152a9df80e7c72dfa2
> git show --textconv :smarthome/smarthomeproj/server/models.py
> git ls-files --stage -- /home/smarthome/smarthome/smarthomeproj/server/models.py
> git cat-file -s 09f475c5d740e0a4e3d5034533f7cef283277ef0
> git show --textconv :smarthome/smarthomeproj/server/serializers.py
> git ls-files --stage -- /home/smarthome/smarthome/smarthomeproj/server/serializers.py
> git cat-file -s b6db1855c672dba79584e9ca3be32fb5287d9b59
> git show --textconv :smarthome/smarthomeproj/server/models.py
> git ls-files --stage -- /home/smarthome/smarthome/smarthomeproj/server/models.py
> git cat-file -s 09f475c5d740e0a4e3d5034533f7cef283277ef0
> git show --textconv :smarthome/smarthomeproj/server/serializers.py
> git ls-files --stage -- /home/smarthome/smarthome/smarthomeproj/server/serializers.py
> git cat-file -s b6db1855c672dba79584e9ca3be32fb5287d9b59
> git show --textconv :smarthome/smarthomeproj/server/models.py
> git ls-files --stage -- /home/smarthome/smarthome/smarthomeproj/server/models.py
> git cat-file -s 09f475c5d740e0a4e3d5034533f7cef283277ef0
> git show --textconv :smarthome/smarthomeproj/server/serializers.py
> git ls-files --stage -- /home/smarthome/smarthome/smarthomeproj/server/serializers.py
> git cat-file -s b6db1855c672dba79584e9ca3be32fb5287d9b59
> git show --textconv :smarthome/smarthomeproj/server/models.py
> git ls-files --stage -- /home/smarthome/smarthome/smarthomeproj/server/models.py
> git cat-file -s 09f475c5d740e0a4e3d5034533f7cef283277ef0
> git show --textconv :smarthome/smarthomeproj/server/serializers.py
> git ls-files --stage -- /home/smarthome/smarthome/smarthomeproj/server/serializers.py
> git cat-file -s b6db1855c672dba79584e9ca3be32fb5287d9b59
> git show --textconv :smarthome/smarthomeproj/server/models.py
> git ls-files --stage -- /home/smarthome/smarthome/smarthomeproj/server/models.py
> git cat-file -s 09f475c5d740e0a4e3d5034533f7cef283277ef0
> git show --textconv :smarthome/smarthomeproj/server/serializers.py
> git ls-files --stage -- /home/smarthome/smarthome/smarthomeproj/server/serializers.py
> git cat-file -s b6db1855c672dba79584e9ca3be32fb5287d9b59
> git show --textconv :smarthome/smarthomeproj/server/models.py
> git ls-files --stage -- /home/smarthome/smarthome/smarthomeproj/server/models.py
> git cat-file -s 09f475c5d740e0a4e3d5034533f7cef283277ef0
> git show --textconv :smarthome/smarthomeproj/server/serializers.py
> git ls-files --stage -- /home/smarthome/smarthome/smarthomeproj/server/serializers.py
> git cat-file -s b6db1855c672dba79584e9ca3be32fb5287d9b59
> git show --textconv :smarthome/smarthomeproj/urls.py
> git ls-files --stage -- /home/smarthome/smarthome/smarthomeproj/urls.py
> git cat-file -s ab0e177258e86b6da7e9b4f5fdef43f3794d431b
> git show --textconv :smarthome/smarthomeproj/server/serializers.py
> git ls-files --stage -- /home/smarthome/smarthome/smarthomeproj/server/serializers.py
> git cat-file -s b6db1855c672dba79584e9ca3be32fb5287d9b59
> git show --textconv :smarthome/smarthomeproj/server/views.py
> git ls-files --stage -- /home/smarthome/smarthome/smarthomeproj/server/views.py
> git cat-file -s eebc8267f5964aed949a6a152a9df80e7c72dfa2
> git show --textconv :smarthome/smarthomeproj/server/serializers.py
> git ls-files --stage -- /home/smarthome/smarthome/smarthomeproj/server/serializers.py
> git cat-file -s b6db1855c672dba79584e9ca3be32fb5287d9b59
> git show --textconv :smarthome/debug.log
> git ls-files --stage -- /home/smarthome/smarthome/debug.log
> git cat-file -s ae3d824ce88e7cbe5de44874193d191a7f0bf82a
> git show --textconv :smarthome/smarthomeproj/server/models.py
> git ls-files --stage -- /home/smarthome/smarthome/smarthomeproj/server/models.py
> git cat-file -s 09f475c5d740e0a4e3d5034533f7cef283277ef0
> git show --textconv :smarthome/smarthomeproj/server/serializers.py
> git ls-files --stage -- /home/smarthome/smarthome/smarthomeproj/server/serializers.py
> git cat-file -s b6db1855c672dba79584e9ca3be32fb5287d9b59
> git show --textconv :smarthome/smarthomeproj/server/models.py
> git ls-files --stage -- /home/smarthome/smarthome/smarthomeproj/server/models.py
> git cat-file -s 09f475c5d740e0a4e3d5034533f7cef283277ef0
> git show --textconv :smarthome/smarthomeproj/server/serializers.py
> git ls-files --stage -- /home/smarthome/smarthome/smarthomeproj/server/serializers.py
> git cat-file -s b6db1855c672dba79584e9ca3be32fb5287d9b59
> git show --textconv :smarthome/debug.log
> git ls-files --stage -- /home/smarthome/smarthome/debug.log
> git cat-file -s ae3d824ce88e7cbe5de44874193d191a7f0bf82a
> git show --textconv :smarthome/smarthomeproj/server/models.py
> git ls-files --stage -- /home/smarthome/smarthome/smarthomeproj/server/models.py
> git cat-file -s 09f475c5d740e0a4e3d5034533f7cef283277ef0
> git show --textconv :smarthome/smarthomeproj/server/serializers.py
> git ls-files --stage -- /home/smarthome/smarthome/smarthomeproj/server/serializers.py
> git cat-file -s b6db1855c672dba79584e9ca3be32fb5287d9b59
> git status -z -u
> git ls-files --stage -- /home/smarthome/smarthome/smarthomeproj/server/serializers.py
> git symbolic-ref --short HEAD
> git cat-file -s 20b44b09f2940ba573e41aaad3cd698bf63d1135
> git rev-parse master
> git rev-parse --symbolic-full-name master@{u}
> git rev-list --left-right master...refs/remotes/origin/master
> git for-each-ref --sort -committerdate --format %(refname) %(objectname) %(*objectname)
> git remote --verbose
> git config --get commit.template
> git show --textconv :smarthome/smarthomeproj/server/serializers.py
> git status -z -u
> git ls-files --stage -- /home/smarthome/smarthome/smarthomeproj/server/serializers.py
> git cat-file -s 20b44b09f2940ba573e41aaad3cd698bf63d1135
> git symbolic-ref --short HEAD
> git rev-parse master
> git rev-parse --symbolic-full-name master@{u}
> git rev-list --left-right master...refs/remotes/origin/master
> git for-each-ref --sort -committerdate --format %(refname) %(objectname) %(*objectname)
> git remote --verbose
> git config --get commit.template
> git show --textconv :smarthome/smarthomeproj/server/serializers.py
> git status -z -u
> git symbolic-ref --short HEAD
> git rev-parse master
> git rev-parse --symbolic-full-name master@{u}
> git rev-list --left-right master...refs/remotes/origin/master
> git for-each-ref --sort -committerdate --format %(refname) %(objectname) %(*objectname)
> git remote --verbose
> git ls-files --stage -- /home/smarthome/smarthome/smarthomeproj/server/serializers.py
> git config --get commit.template
> git cat-file -s 20b44b09f2940ba573e41aaad3cd698bf63d1135
> git show --textconv :smarthome/smarthomeproj/server/serializers.py
