Looking for git in: git
Using git 2.25.1 from git
> git rev-parse --git-dir
Open repository: /home/smarthome
> git status -z -u
> git check-ignore -v -z --stdin
> git symbolic-ref --short HEAD
> git rev-parse master
> git rev-parse --symbolic-full-name master@{u}
> git rev-list --left-right master...refs/remotes/origin/master
> git for-each-ref --sort -committerdate --format %(refname) %(objectname) %(*objectname)
> git remote --verbose
> git config --get commit.template
> git show --textconv :smarthome/smarthomeproj/urls.py
> git ls-files --stage -- /home/smarthome/smarthome/smarthomeproj/urls.py
> git cat-file -s 8a2b1a3de9eafc7e475e4f74aedda652a74a44dd
> git show --textconv :smarthome/smarthomeproj/server/views.py
> git ls-files --stage -- /home/smarthome/smarthome/smarthomeproj/server/views.py
> git cat-file -s 0d815d6ae51b8ff8765fd257f8f36dad79ef3270
> git show --textconv :smarthome/smarthomeproj/urls.py
> git ls-files --stage -- /home/smarthome/smarthome/smarthomeproj/urls.py
> git cat-file -s 8a2b1a3de9eafc7e475e4f74aedda652a74a44dd
> git show --textconv :smarthome/smarthomeproj/server/views.py
> git ls-files --stage -- /home/smarthome/smarthome/smarthomeproj/server/views.py
> git cat-file -s 0d815d6ae51b8ff8765fd257f8f36dad79ef3270
> git show --textconv :smarthome/smarthomeproj/urls.py
> git ls-files --stage -- /home/smarthome/smarthome/smarthomeproj/urls.py
> git cat-file -s 8a2b1a3de9eafc7e475e4f74aedda652a74a44dd
> git show --textconv :smarthome/smarthomeproj/server/views.py
> git ls-files --stage -- /home/smarthome/smarthome/smarthomeproj/server/views.py
> git cat-file -s 0d815d6ae51b8ff8765fd257f8f36dad79ef3270
> git show --textconv :smarthome/smarthomeproj/server/serializers.py
> git ls-files --stage -- /home/smarthome/smarthome/smarthomeproj/server/serializers.py
> git cat-file -s cbbc1b3027643aeb183f3d31e0191e16aa0b7f2b
> git show --textconv :smarthome/smarthomeproj/server/models.py
> git ls-files --stage -- /home/smarthome/smarthome/smarthomeproj/server/models.py
> git cat-file -s fce5d66b76c43946e464089455bf5f355171efea
> git show --textconv :smarthome/smarthomeproj/server/serializers.py
> git ls-files --stage -- /home/smarthome/smarthome/smarthomeproj/server/serializers.py
> git cat-file -s cbbc1b3027643aeb183f3d31e0191e16aa0b7f2b
> git show --textconv :smarthome/smarthomeproj/urls.py
> git ls-files --stage -- /home/smarthome/smarthome/smarthomeproj/urls.py
> git cat-file -s 8a2b1a3de9eafc7e475e4f74aedda652a74a44dd
> git show --textconv :smarthome/smarthomeproj/server/serializers.py
> git ls-files --stage -- /home/smarthome/smarthome/smarthomeproj/server/serializers.py
> git cat-file -s cbbc1b3027643aeb183f3d31e0191e16aa0b7f2b
> git show --textconv :smarthome/smarthomeproj/urls.py
> git ls-files --stage -- /home/smarthome/smarthome/smarthomeproj/urls.py
> git cat-file -s 8a2b1a3de9eafc7e475e4f74aedda652a74a44dd
> git show --textconv :smarthome/smarthomeproj/server/views.py
> git ls-files --stage -- /home/smarthome/smarthome/smarthomeproj/server/views.py
> git cat-file -s 0d815d6ae51b8ff8765fd257f8f36dad79ef3270
> git show --textconv :smarthome/smarthomeproj/server/serializers.py
> git ls-files --stage -- /home/smarthome/smarthome/smarthomeproj/server/serializers.py
> git cat-file -s cbbc1b3027643aeb183f3d31e0191e16aa0b7f2b
> git show --textconv :smarthome/smarthomeproj/settings.py
> git ls-files --stage -- /home/smarthome/smarthome/smarthomeproj/settings.py
> git cat-file -s 9c2642762d338fd30f886ec0c88b5b6a770aaccc
> git show --textconv :smarthome/smarthomeproj/urls.py
> git ls-files --stage -- /home/smarthome/smarthome/smarthomeproj/urls.py
> git cat-file -s 8a2b1a3de9eafc7e475e4f74aedda652a74a44dd
> git show --textconv :smarthome/smarthomeproj/settings.py
> git ls-files --stage -- /home/smarthome/smarthome/smarthomeproj/settings.py
> git cat-file -s 9c2642762d338fd30f886ec0c88b5b6a770aaccc
> git show --textconv :smarthome/smarthomeproj/wsgi.py
> git ls-files --stage -- /home/smarthome/smarthome/smarthomeproj/wsgi.py
> git cat-file -s 0d6dcf62829f4fc087fbc28cc8c47c244452cdcc
> git show --textconv :smarthome/smarthomeproj/urls.py
> git ls-files --stage -- /home/smarthome/smarthome/smarthomeproj/urls.py
> git cat-file -s 8a2b1a3de9eafc7e475e4f74aedda652a74a44dd
> git show --textconv :smarthome/smarthomeproj/settings.py
> git ls-files --stage -- /home/smarthome/smarthome/smarthomeproj/settings.py
> git cat-file -s 9c2642762d338fd30f886ec0c88b5b6a770aaccc
> git show --textconv :smarthome/smarthomeproj/asgi.py
> git ls-files --stage -- /home/smarthome/smarthome/smarthomeproj/asgi.py
> git cat-file -s 0ddb9d2d41a84755a0b6c09cc2505971a8449579
> git show --textconv :smarthome/smarthomeproj/.postcssrc.js
> git ls-files --stage -- /home/smarthome/smarthome/smarthomeproj/.postcssrc.js
> git cat-file -s eee3e92d7fa6cc132a69a8018b1eb0fa1fdbd56c
> git show --textconv :smarthome/smarthomeproj/__init__.py
> git ls-files --stage -- /home/smarthome/smarthome/smarthomeproj/__init__.py
> git cat-file -s e69de29bb2d1d6434b8b29ae775ad8c2e48c5391
> git show --textconv :smarthome/smarthomeproj/server/views.py
> git ls-files --stage -- /home/smarthome/smarthome/smarthomeproj/server/views.py
> git cat-file -s 0d815d6ae51b8ff8765fd257f8f36dad79ef3270
> git show --textconv :smarthome/smarthomeproj/server/serializers.py
> git ls-files --stage -- /home/smarthome/smarthome/smarthomeproj/server/serializers.py
> git cat-file -s cbbc1b3027643aeb183f3d31e0191e16aa0b7f2b
> git show --textconv :smarthome/smarthomeproj/server/views.py
> git ls-files --stage -- /home/smarthome/smarthome/smarthomeproj/server/views.py
> git cat-file -s 0d815d6ae51b8ff8765fd257f8f36dad79ef3270
> git show --textconv :smarthome/smarthomeproj/__init__.py
> git ls-files --stage -- /home/smarthome/smarthome/smarthomeproj/__init__.py
> git cat-file -s e69de29bb2d1d6434b8b29ae775ad8c2e48c5391
> git show --textconv :smarthome/smarthomeproj/server/views.py
> git ls-files --stage -- /home/smarthome/smarthome/smarthomeproj/server/views.py
> git cat-file -s 0d815d6ae51b8ff8765fd257f8f36dad79ef3270
> git show --textconv :smarthome/smarthomeproj/server/mqtt.py
> git ls-files --stage -- /home/smarthome/smarthome/smarthomeproj/server/mqtt.py
> git cat-file -s 6fa7492b016a43de8008715417c7c21ffc3f228f
> git show --textconv :smarthome/smarthomeproj/urls.py
> git ls-files --stage -- /home/smarthome/smarthome/smarthomeproj/urls.py
> git cat-file -s 8a2b1a3de9eafc7e475e4f74aedda652a74a44dd
> git show --textconv :smarthome/smarthomeproj/server/views.py
> git ls-files --stage -- /home/smarthome/smarthome/smarthomeproj/server/views.py
> git cat-file -s 0d815d6ae51b8ff8765fd257f8f36dad79ef3270
> git show --textconv :smarthome/smarthomeproj/server/mqtt.py
> git ls-files --stage -- /home/smarthome/smarthome/smarthomeproj/server/mqtt.py
> git cat-file -s 6fa7492b016a43de8008715417c7c21ffc3f228f
