[2020-12-26 22:35:19.501] [exthost] [info] extension host started
[2020-12-26 22:35:20.153] [exthost] [info] ExtensionService#_doActivateExtension ms-toolsai.jupyter {"startup":false,"extensionId":{"value":"ms-toolsai.jupyter","_lower":"ms-toolsai.jupyter"},"activationEvent":"onLanguage:python"}
[2020-12-26 22:35:20.154] [exthost] [info] ExtensionService#loadCommonJSModule file:///home/smarthome/.vscode-server/extensions/ms-toolsai.jupyter-2020.12.414227025/out/client/extension
[2020-12-26 22:35:20.617] [exthost] [info] ExtensionService#_doActivateExtension vscode.debug-auto-launch {"startup":true,"extensionId":{"value":"vscode.debug-auto-launch","_lower":"vscode.debug-auto-launch"},"activationEvent":"*"}
[2020-12-26 22:35:20.618] [exthost] [info] ExtensionService#loadCommonJSModule file:///home/smarthome/.vscode-server/bin/ea3859d4ba2f3e577a159bc91e3074c5d85c0523/extensions/debug-auto-launch/dist/extension
[2020-12-26 22:35:20.624] [exthost] [info] ExtensionService#_doActivateExtension vscode.emmet {"startup":true,"extensionId":{"value":"vscode.emmet","_lower":"vscode.emmet"},"activationEvent":"*"}
[2020-12-26 22:35:20.624] [exthost] [info] ExtensionService#loadCommonJSModule file:///home/smarthome/.vscode-server/bin/ea3859d4ba2f3e577a159bc91e3074c5d85c0523/extensions/emmet/dist/node/emmetNodeMain
[2020-12-26 22:35:20.666] [exthost] [info] ExtensionService#_doActivateExtension vscode.git {"startup":true,"extensionId":{"value":"vscode.github","_lower":"vscode.github"},"activationEvent":"*"}
[2020-12-26 22:35:20.666] [exthost] [info] ExtensionService#loadCommonJSModule file:///home/smarthome/.vscode-server/bin/ea3859d4ba2f3e577a159bc91e3074c5d85c0523/extensions/git/dist/main
[2020-12-26 22:35:20.806] [exthost] [info] ExtensionService#_doActivateExtension vscode.merge-conflict {"startup":true,"extensionId":{"value":"vscode.merge-conflict","_lower":"vscode.merge-conflict"},"activationEvent":"*"}
[2020-12-26 22:35:20.806] [exthost] [info] ExtensionService#loadCommonJSModule file:///home/smarthome/.vscode-server/bin/ea3859d4ba2f3e577a159bc91e3074c5d85c0523/extensions/merge-conflict/dist/mergeConflictMain
[2020-12-26 22:35:20.813] [exthost] [info] ExtensionService#_doActivateExtension vscode.search-result {"startup":true,"extensionId":{"value":"vscode.search-result","_lower":"vscode.search-result"},"activationEvent":"*"}
[2020-12-26 22:35:20.813] [exthost] [info] ExtensionService#loadCommonJSModule file:///home/smarthome/.vscode-server/bin/ea3859d4ba2f3e577a159bc91e3074c5d85c0523/extensions/search-result/dist/extension.js
[2020-12-26 22:35:21.089] [exthost] [info] ExtensionService#_doActivateExtension vscode.github {"startup":true,"extensionId":{"value":"vscode.github","_lower":"vscode.github"},"activationEvent":"*"}
[2020-12-26 22:35:21.090] [exthost] [info] ExtensionService#loadCommonJSModule file:///home/smarthome/.vscode-server/bin/ea3859d4ba2f3e577a159bc91e3074c5d85c0523/extensions/github/dist/extension.js
[2020-12-26 22:35:21.333] [exthost] [info] eager extensions activated
[2020-12-26 22:35:23.307] [exthost] [info] ExtensionService#_doActivateExtension ms-vscode.js-debug {"startup":false,"extensionId":{"value":"ms-vscode.js-debug","_lower":"ms-vscode.js-debug"},"activationEvent":"onCommand:extension.js-debug.clearAutoAttachVariables"}
[2020-12-26 22:35:23.310] [exthost] [info] ExtensionService#loadCommonJSModule file:///home/smarthome/.vscode-server/bin/ea3859d4ba2f3e577a159bc91e3074c5d85c0523/extensions/ms-vscode.js-debug/src/extension.js
[2020-12-26 22:35:23.831] [exthost] [info] ExtensionService#_doActivateExtension ms-python.python {"startup":false,"extensionId":{"value":"ms-python.python","_lower":"ms-python.python"},"activationEvent":"onLanguage:python"}
[2020-12-26 22:35:23.832] [exthost] [info] ExtensionService#loadCommonJSModule file:///home/smarthome/.vscode-server/extensions/ms-python.python-2020.12.424452561/out/client/extension
[2020-12-26 22:35:24.494] [exthost] [warning] [Decorations] CAPPING events from decorations provider vscode.git 1051
[2020-12-26 23:15:16.887] [exthost] [warning] [Decorations] CAPPING events from decorations provider vscode.git 1054
[2020-12-26 23:15:22.318] [exthost] [warning] [Decorations] CAPPING events from decorations provider vscode.git 1054
[2020-12-26 23:20:40.325] [exthost] [warning] [Decorations] CAPPING events from decorations provider vscode.git 1054
[2020-12-26 23:20:45.761] [exthost] [warning] [Decorations] CAPPING events from decorations provider vscode.git 1054
[2020-12-26 23:27:19.135] [exthost] [warning] [Decorations] CAPPING events from decorations provider vscode.git 1054
[2020-12-26 23:28:11.734] [exthost] [warning] [Decorations] CAPPING events from decorations provider vscode.git 1054
[2020-12-26 23:28:17.207] [exthost] [warning] [Decorations] CAPPING events from decorations provider vscode.git 1054
[2020-12-26 23:37:09.644] [exthost] [warning] [Decorations] CAPPING events from decorations provider vscode.git 1054
[2020-12-26 23:57:41.504] [exthost] [warning] [Decorations] CAPPING events from decorations provider vscode.git 1056
[2020-12-26 23:58:59.492] [exthost] [warning] [Decorations] CAPPING events from decorations provider vscode.git 1056
[2020-12-26 23:59:04.959] [exthost] [warning] [Decorations] CAPPING events from decorations provider vscode.git 1056
[2020-12-27 00:01:24.753] [exthost] [warning] [Decorations] CAPPING events from decorations provider vscode.git 1056
[2020-12-27 00:01:30.239] [exthost] [warning] [Decorations] CAPPING events from decorations provider vscode.git 1056
[2020-12-27 00:13:48.642] [exthost] [warning] [Decorations] CAPPING events from decorations provider vscode.git 1057
[2020-12-27 00:22:01.947] [exthost] [warning] [Decorations] CAPPING events from decorations provider vscode.git 1057
[2020-12-27 00:22:48.637] [exthost] [warning] [Decorations] CAPPING events from decorations provider vscode.git 1057
[2020-12-27 00:23:55.034] [exthost] [warning] [Decorations] CAPPING events from decorations provider vscode.git 1058
[2020-12-27 00:24:01.180] [exthost] [warning] [Decorations] CAPPING events from decorations provider vscode.git 1058
[2020-12-27 00:25:34.800] [exthost] [warning] [Decorations] CAPPING events from decorations provider vscode.git 1484
[2020-12-27 00:25:56.876] [exthost] [warning] [Decorations] CAPPING events from decorations provider vscode.git 1484
[2020-12-27 00:28:22.411] [exthost] [warning] [Decorations] CAPPING events from decorations provider vscode.git 1484
[2020-12-27 00:28:41.331] [exthost] [warning] [Decorations] CAPPING events from decorations provider vscode.git 1484
[2020-12-27 00:40:49.860] [exthost] [warning] [Decorations] CAPPING events from decorations provider vscode.git 1483
[2020-12-27 00:40:55.319] [exthost] [warning] [Decorations] CAPPING events from decorations provider vscode.git 1483
[2020-12-27 02:10:51.947] [exthost] [warning] [Decorations] CAPPING events from decorations provider vscode.git 1483
