0 info it worked if it ends with ok
1 verbose cli [ '/usr/bin/node', '/usr/bin/npm', 'uninstall', '-g', 'serve' ]
2 info using npm@6.14.8
3 info using node@v14.15.1
4 verbose npm-session 83562fbf0356a7d1
5 silly install loadCurrentTree
6 silly install readGlobalPackageData
7 timing stage:loadCurrentTree Completed in 395ms
8 silly install loadIdealTree
9 silly install cloneCurrentTreeToIdealTree
10 timing stage:loadIdealTree:cloneCurrentTree Completed in 2ms
11 silly install loadShrinkwrap
12 timing stage:loadIdealTree:loadShrinkwrap Completed in 51ms
13 silly uninstall loadAllDepsIntoIdealTree
14 silly install loadAllDepsIntoIdealTree
15 timing stage:loadIdealTree:loadAllDepsIntoIdealTree Completed in 190ms
16 timing stage:loadIdealTree Completed in 285ms
17 silly currentTree lib
17 silly currentTree └─┬ serve@11.3.2
17 silly currentTree   ├── @zeit/schemas@2.6.0
17 silly currentTree   ├── accepts@1.3.7
17 silly currentTree   ├── ajv@6.5.3
17 silly currentTree   ├── ansi-align@2.0.0
17 silly currentTree   ├── ansi-regex@3.0.0
17 silly currentTree   ├── ansi-styles@3.2.1
17 silly currentTree   ├── arch@2.2.0
17 silly currentTree   ├── arg@2.0.0
17 silly currentTree   ├── balanced-match@1.0.0
17 silly currentTree   ├── boxen@1.3.0
17 silly currentTree   ├── brace-expansion@1.1.11
17 silly currentTree   ├── bytes@3.0.0
17 silly currentTree   ├── camelcase@4.1.0
17 silly currentTree   ├── chalk@2.4.1
17 silly currentTree   ├── cli-boxes@1.0.0
17 silly currentTree   ├─┬ clipboardy@1.2.3
17 silly currentTree   │ └── execa@0.8.0
17 silly currentTree   ├── color-convert@1.9.3
17 silly currentTree   ├── color-name@1.1.3
17 silly currentTree   ├── compressible@2.0.18
17 silly currentTree   ├── compression@1.7.3
17 silly currentTree   ├── concat-map@0.0.1
17 silly currentTree   ├── content-disposition@0.5.2
17 silly currentTree   ├── cross-spawn@5.1.0
17 silly currentTree   ├── debug@2.6.9
17 silly currentTree   ├── deep-extend@0.6.0
17 silly currentTree   ├── escape-string-regexp@1.0.5
17 silly currentTree   ├── execa@0.7.0
17 silly currentTree   ├── fast-deep-equal@2.0.1
17 silly currentTree   ├── fast-json-stable-stringify@2.1.0
17 silly currentTree   ├─┬ fast-url-parser@1.1.3
17 silly currentTree   │ └── punycode@1.4.1
17 silly currentTree   ├── get-stream@3.0.0
17 silly currentTree   ├── has-flag@3.0.0
17 silly currentTree   ├── ini@1.3.5
17 silly currentTree   ├── is-fullwidth-code-point@2.0.0
17 silly currentTree   ├── is-stream@1.1.0
17 silly currentTree   ├── isexe@2.0.0
17 silly currentTree   ├── json-schema-traverse@0.4.1
17 silly currentTree   ├── lru-cache@4.1.5
17 silly currentTree   ├── mime-db@1.44.0
17 silly currentTree   ├── mime-types@2.1.27
17 silly currentTree   ├── minimatch@3.0.4
17 silly currentTree   ├── minimist@1.2.5
17 silly currentTree   ├── ms@2.0.0
17 silly currentTree   ├── negotiator@0.6.2
17 silly currentTree   ├── npm-run-path@2.0.2
17 silly currentTree   ├── on-headers@1.0.2
17 silly currentTree   ├── p-finally@1.0.0
17 silly currentTree   ├── path-is-inside@1.0.2
17 silly currentTree   ├── path-key@2.0.1
17 silly currentTree   ├── path-to-regexp@2.2.1
17 silly currentTree   ├── pseudomap@1.0.2
17 silly currentTree   ├── punycode@2.1.1
17 silly currentTree   ├── range-parser@1.2.0
17 silly currentTree   ├── rc@1.2.8
17 silly currentTree   ├── registry-auth-token@3.3.2
17 silly currentTree   ├── registry-url@3.1.0
17 silly currentTree   ├── safe-buffer@5.1.2
17 silly currentTree   ├─┬ serve-handler@6.1.3
17 silly currentTree   │ ├── mime-db@1.33.0
17 silly currentTree   │ └── mime-types@2.1.18
17 silly currentTree   ├── shebang-command@1.2.0
17 silly currentTree   ├── shebang-regex@1.0.0
17 silly currentTree   ├── signal-exit@3.0.3
17 silly currentTree   ├── string-width@2.1.1
17 silly currentTree   ├── strip-ansi@4.0.0
17 silly currentTree   ├── strip-eof@1.0.0
17 silly currentTree   ├── strip-json-comments@2.0.1
17 silly currentTree   ├── supports-color@5.5.0
17 silly currentTree   ├── term-size@1.2.0
17 silly currentTree   ├── update-check@1.5.2
17 silly currentTree   ├── uri-js@4.4.0
17 silly currentTree   ├── vary@1.1.2
17 silly currentTree   ├── which@1.3.1
17 silly currentTree   ├── widest-line@2.0.1
17 silly currentTree   └── yallist@2.1.2
18 silly idealTree lib
19 silly install generateActionsToTake
20 warn checkPermissions Missing write access to /usr/lib/node_modules/serve/node_modules/@zeit/schemas
21 warn checkPermissions Missing write access to /usr/lib/node_modules/serve/node_modules/ansi-regex
22 warn checkPermissions Missing write access to /usr/lib/node_modules/serve/node_modules/arch
23 warn checkPermissions Missing write access to /usr/lib/node_modules/serve/node_modules/arg
24 warn checkPermissions Missing write access to /usr/lib/node_modules/serve/node_modules/balanced-match
25 warn checkPermissions Missing write access to /usr/lib/node_modules/serve/node_modules/bytes
26 warn checkPermissions Missing write access to /usr/lib/node_modules/serve/node_modules/camelcase
27 warn checkPermissions Missing write access to /usr/lib/node_modules/serve/node_modules/cli-boxes
28 warn checkPermissions Missing write access to /usr/lib/node_modules/serve/node_modules/color-name
29 warn checkPermissions Missing write access to /usr/lib/node_modules/serve/node_modules/color-convert
30 warn checkPermissions Missing write access to /usr/lib/node_modules/serve/node_modules/ansi-styles
31 warn checkPermissions Missing write access to /usr/lib/node_modules/serve/node_modules/concat-map
32 warn checkPermissions Missing write access to /usr/lib/node_modules/serve/node_modules/brace-expansion
33 warn checkPermissions Missing write access to /usr/lib/node_modules/serve/node_modules/content-disposition
34 warn checkPermissions Missing write access to /usr/lib/node_modules/serve/node_modules/deep-extend
35 warn checkPermissions Missing write access to /usr/lib/node_modules/serve/node_modules/escape-string-regexp
36 warn checkPermissions Missing write access to /usr/lib/node_modules/serve/node_modules/fast-deep-equal
37 warn checkPermissions Missing write access to /usr/lib/node_modules/serve/node_modules/fast-json-stable-stringify
38 warn checkPermissions Missing write access to /usr/lib/node_modules/serve/node_modules/fast-url-parser/node_modules/punycode
39 warn checkPermissions Missing write access to /usr/lib/node_modules/serve/node_modules/fast-url-parser
40 warn checkPermissions Missing write access to /usr/lib/node_modules/serve/node_modules/get-stream
41 warn checkPermissions Missing write access to /usr/lib/node_modules/serve/node_modules/has-flag
42 warn checkPermissions Missing write access to /usr/lib/node_modules/serve/node_modules/ini
43 warn checkPermissions Missing write access to /usr/lib/node_modules/serve/node_modules/is-fullwidth-code-point
44 warn checkPermissions Missing write access to /usr/lib/node_modules/serve/node_modules/is-stream
45 warn checkPermissions Missing write access to /usr/lib/node_modules/serve/node_modules/isexe
46 warn checkPermissions Missing write access to /usr/lib/node_modules/serve/node_modules/json-schema-traverse
47 warn checkPermissions Missing write access to /usr/lib/node_modules/serve/node_modules/mime-db
48 warn checkPermissions Missing write access to /usr/lib/node_modules/serve/node_modules/compressible
49 warn checkPermissions Missing write access to /usr/lib/node_modules/serve/node_modules/mime-types
50 warn checkPermissions Missing write access to /usr/lib/node_modules/serve/node_modules/minimatch
51 warn checkPermissions Missing write access to /usr/lib/node_modules/serve/node_modules/minimist
52 warn checkPermissions Missing write access to /usr/lib/node_modules/serve/node_modules/ms
53 warn checkPermissions Missing write access to /usr/lib/node_modules/serve/node_modules/debug
54 warn checkPermissions Missing write access to /usr/lib/node_modules/serve/node_modules/negotiator
55 warn checkPermissions Missing write access to /usr/lib/node_modules/serve/node_modules/accepts
56 warn checkPermissions Missing write access to /usr/lib/node_modules/serve/node_modules/on-headers
57 warn checkPermissions Missing write access to /usr/lib/node_modules/serve/node_modules/p-finally
58 warn checkPermissions Missing write access to /usr/lib/node_modules/serve/node_modules/path-is-inside
59 warn checkPermissions Missing write access to /usr/lib/node_modules/serve/node_modules/path-key
60 warn checkPermissions Missing write access to /usr/lib/node_modules/serve/node_modules/npm-run-path
61 warn checkPermissions Missing write access to /usr/lib/node_modules/serve/node_modules/path-to-regexp
62 warn checkPermissions Missing write access to /usr/lib/node_modules/serve/node_modules/pseudomap
63 warn checkPermissions Missing write access to /usr/lib/node_modules/serve/node_modules/punycode
64 warn checkPermissions Missing write access to /usr/lib/node_modules/serve/node_modules/range-parser
65 warn checkPermissions Missing write access to /usr/lib/node_modules/serve/node_modules/safe-buffer
66 warn checkPermissions Missing write access to /usr/lib/node_modules/serve/node_modules/serve-handler/node_modules/mime-db
67 warn checkPermissions Missing write access to /usr/lib/node_modules/serve/node_modules/serve-handler/node_modules/mime-types
68 warn checkPermissions Missing write access to /usr/lib/node_modules/serve/node_modules/serve-handler
69 warn checkPermissions Missing write access to /usr/lib/node_modules/serve/node_modules/shebang-regex
70 warn checkPermissions Missing write access to /usr/lib/node_modules/serve/node_modules/shebang-command
71 warn checkPermissions Missing write access to /usr/lib/node_modules/serve/node_modules/signal-exit
72 warn checkPermissions Missing write access to /usr/lib/node_modules/serve/node_modules/strip-ansi
73 warn checkPermissions Missing write access to /usr/lib/node_modules/serve/node_modules/string-width
74 warn checkPermissions Missing write access to /usr/lib/node_modules/serve/node_modules/ansi-align
75 warn checkPermissions Missing write access to /usr/lib/node_modules/serve/node_modules/strip-eof
76 warn checkPermissions Missing write access to /usr/lib/node_modules/serve/node_modules/strip-json-comments
77 warn checkPermissions Missing write access to /usr/lib/node_modules/serve/node_modules/rc
78 warn checkPermissions Missing write access to /usr/lib/node_modules/serve/node_modules/registry-auth-token
79 warn checkPermissions Missing write access to /usr/lib/node_modules/serve/node_modules/registry-url
80 warn checkPermissions Missing write access to /usr/lib/node_modules/serve/node_modules/supports-color
81 warn checkPermissions Missing write access to /usr/lib/node_modules/serve/node_modules/chalk
82 warn checkPermissions Missing write access to /usr/lib/node_modules/serve/node_modules/update-check
83 warn checkPermissions Missing write access to /usr/lib/node_modules/serve/node_modules/uri-js
84 warn checkPermissions Missing write access to /usr/lib/node_modules/serve/node_modules/ajv
85 warn checkPermissions Missing write access to /usr/lib/node_modules/serve/node_modules/vary
86 warn checkPermissions Missing write access to /usr/lib/node_modules/serve/node_modules/compression
87 warn checkPermissions Missing write access to /usr/lib/node_modules/serve/node_modules/which
88 warn checkPermissions Missing write access to /usr/lib/node_modules/serve/node_modules/widest-line
89 warn checkPermissions Missing write access to /usr/lib/node_modules/serve/node_modules/yallist
90 warn checkPermissions Missing write access to /usr/lib/node_modules/serve/node_modules/lru-cache
91 warn checkPermissions Missing write access to /usr/lib/node_modules/serve/node_modules/cross-spawn
92 warn checkPermissions Missing write access to /usr/lib/node_modules/serve/node_modules/clipboardy/node_modules/execa
93 warn checkPermissions Missing write access to /usr/lib/node_modules/serve/node_modules/clipboardy
94 warn checkPermissions Missing write access to /usr/lib/node_modules/serve/node_modules/execa
95 warn checkPermissions Missing write access to /usr/lib/node_modules/serve/node_modules/term-size
96 warn checkPermissions Missing write access to /usr/lib/node_modules/serve/node_modules/boxen
97 warn checkPermissions Missing write access to /usr/lib/node_modules/serve
98 warn checkPermissions Missing write access to /usr/lib/node_modules/serve/node_modules/@zeit
99 warn checkPermissions Missing write access to /usr/lib/node_modules/serve/node_modules
100 warn checkPermissions Missing write access to /usr/lib/node_modules/serve/node_modules/fast-url-parser/node_modules
101 warn checkPermissions Missing write access to /usr/lib/node_modules/serve/node_modules/serve-handler/node_modules
102 warn checkPermissions Missing write access to /usr/lib/node_modules/serve/node_modules/clipboardy/node_modules
103 warn checkPermissions Missing write access to /usr/lib/node_modules
104 timing stage:rollbackFailedOptional Completed in 1ms
105 timing stage:runTopLevelLifecycles Completed in 737ms
106 verbose stack Error: EACCES: permission denied, access '/usr/lib/node_modules/serve/node_modules/@zeit/schemas'
107 verbose cwd /home/smarthome/smarthome/smarthomeproj/frontend
108 verbose Linux 5.4.0-53-generic
109 verbose argv "/usr/bin/node" "/usr/bin/npm" "uninstall" "-g" "serve"
110 verbose node v14.15.1
111 verbose npm  v6.14.8
112 error code EACCES
113 error syscall access
114 error path /usr/lib/node_modules/serve/node_modules/@zeit/schemas
115 error errno -13
116 error Error: EACCES: permission denied, access '/usr/lib/node_modules/serve/node_modules/@zeit/schemas'
116 error  [Error: EACCES: permission denied, access '/usr/lib/node_modules/serve/node_modules/@zeit/schemas'] {
116 error   errno: -13,
116 error   code: 'EACCES',
116 error   syscall: 'access',
116 error   path: '/usr/lib/node_modules/serve/node_modules/@zeit/schemas'
116 error }
117 error The operation was rejected by your operating system.
117 error It is likely you do not have the permissions to access this file as the current user
117 error
117 error If you believe this might be a permissions issue, please double-check the
117 error permissions of the file and its containing directories, or try running
117 error the command again as root/Administrator.
118 verbose exit [ -13, true ]
