0 info it worked if it ends with ok
1 verbose cli [ '/usr/bin/node', '/usr/bin/npm', 'run', 'build' ]
2 info using npm@6.14.8
3 info using node@v14.15.1
4 verbose run-script [ 'prebuild', 'build', 'postbuild' ]
5 info lifecycle frontend@1.0.0~prebuild: frontend@1.0.0
6 info lifecycle frontend@1.0.0~build: frontend@1.0.0
7 verbose lifecycle frontend@1.0.0~build: unsafe-perm in lifecycle true
8 verbose lifecycle frontend@1.0.0~build: PATH: /usr/lib/node_modules/npm/node_modules/npm-lifecycle/node-gyp-bin:/home/smarthome/smarthome/smarthomeproj/frontend/node_modules/.bin:/home/smarthome/smarthomeenv/bin:/home/smarthome/.vscode-server/bin/e5a624b788d92b8d34d1392e4c4d9789406efe8f/bin:/home/smarthome/.local/bin:/home/smarthome/.vscode-server/bin/e5a624b788d92b8d34d1392e4c4d9789406efe8f/bin:/home/smarthome/.local/bin:/usr/local/sbin:/usr/local/bin:/usr/sbin:/usr/bin:/sbin:/bin:/usr/games:/usr/local/games:/snap/bin
9 verbose lifecycle frontend@1.0.0~build: CWD: /home/smarthome/smarthome/smarthomeproj/frontend
10 silly lifecycle frontend@1.0.0~build: Args: [ '-c', 'node build/build.js' ]
11 silly lifecycle frontend@1.0.0~build: Returned: code: 1  signal: null
12 info lifecycle frontend@1.0.0~build: Failed to exec build script
13 verbose stack Error: frontend@1.0.0 build: `node build/build.js`
13 verbose stack Exit status 1
13 verbose stack     at EventEmitter.<anonymous> (/usr/lib/node_modules/npm/node_modules/npm-lifecycle/index.js:332:16)
13 verbose stack     at EventEmitter.emit (events.js:315:20)
13 verbose stack     at ChildProcess.<anonymous> (/usr/lib/node_modules/npm/node_modules/npm-lifecycle/lib/spawn.js:55:14)
13 verbose stack     at ChildProcess.emit (events.js:315:20)
13 verbose stack     at maybeClose (internal/child_process.js:1048:16)
13 verbose stack     at Process.ChildProcess._handle.onexit (internal/child_process.js:288:5)
14 verbose pkgid frontend@1.0.0
15 verbose cwd /home/smarthome/smarthome/smarthomeproj/frontend
16 verbose Linux 5.4.0-53-generic
17 verbose argv "/usr/bin/node" "/usr/bin/npm" "run" "build"
18 verbose node v14.15.1
19 verbose npm  v6.14.8
20 error code ELIFECYCLE
21 error errno 1
22 error frontend@1.0.0 build: `node build/build.js`
22 error Exit status 1
23 error Failed at the frontend@1.0.0 build script.
23 error This is probably not a problem with npm. There is likely additional logging output above.
24 verbose exit [ 1, true ]
