0 info it worked if it ends with ok
1 verbose cli [ '/usr/bin/node', '/usr/bin/npm', 'run', 'build´' ]
2 info using npm@6.14.8
3 info using node@v14.15.1
4 verbose stack Error: missing script: build´
4 verbose stack
4 verbose stack Did you mean this?
4 verbose stack     build
4 verbose stack     at run (/usr/lib/node_modules/npm/lib/run-script.js:155:19)
4 verbose stack     at /usr/lib/node_modules/npm/lib/run-script.js:63:5
4 verbose stack     at /usr/lib/node_modules/npm/node_modules/read-package-json/read-json.js:116:5
4 verbose stack     at /usr/lib/node_modules/npm/node_modules/read-package-json/read-json.js:436:5
4 verbose stack     at checkBinReferences_ (/usr/lib/node_modules/npm/node_modules/read-package-json/read-json.js:391:45)
4 verbose stack     at final (/usr/lib/node_modules/npm/node_modules/read-package-json/read-json.js:434:3)
4 verbose stack     at then (/usr/lib/node_modules/npm/node_modules/read-package-json/read-json.js:161:5)
4 verbose stack     at /usr/lib/node_modules/npm/node_modules/read-package-json/read-json.js:281:12
4 verbose stack     at /usr/lib/node_modules/npm/node_modules/graceful-fs/graceful-fs.js:123:16
4 verbose stack     at FSReqCallback.readFileAfterClose [as oncomplete] (internal/fs/read_file_context.js:63:3)
5 verbose cwd /home/smarthome/smarthome/smarthomeproj/frontend
6 verbose Linux 5.4.0-53-generic
7 verbose argv "/usr/bin/node" "/usr/bin/npm" "run" "build´"
8 verbose node v14.15.1
9 verbose npm  v6.14.8
10 error missing script: build´
10 error
10 error Did you mean this?
10 error     build
11 verbose exit [ 1, true ]
