0 info it worked if it ends with ok
1 verbose cli [ '/usr/bin/node', '/usr/bin/npm', 'install', '-g', 'vue-cli' ]
2 info using npm@6.14.8
3 info using node@v14.15.1
4 verbose npm-session 6869966071226b2c
5 silly install loadCurrentTree
6 silly install readGlobalPackageData
7 http fetch GET 200 https://registry.npmjs.org/vue-cli 637ms
8 http fetch GET 200 https://registry.npmjs.org/vue-cli/-/vue-cli-2.9.6.tgz 64ms
9 silly pacote tag manifest for vue-cli@latest fetched in 729ms
10 warn deprecated vue-cli@2.9.6: This package has been deprecated in favour of @vue/cli
11 timing stage:loadCurrentTree Completed in 799ms
12 silly install loadIdealTree
13 silly install cloneCurrentTreeToIdealTree
14 timing stage:loadIdealTree:cloneCurrentTree Completed in 1ms
15 silly install loadShrinkwrap
16 timing stage:loadIdealTree:loadShrinkwrap Completed in 2ms
17 silly install loadAllDepsIntoIdealTree
18 silly resolveWithNewModule vue-cli@2.9.6 checking installable status
19 http fetch GET 200 https://registry.npmjs.org/consolidate 139ms
20 http fetch GET 200 https://registry.npmjs.org/inquirer 197ms
21 http fetch GET 200 https://registry.npmjs.org/multimatch 188ms
22 http fetch GET 200 https://registry.npmjs.org/download-git-repo 221ms
23 http fetch GET 200 https://registry.npmjs.org/consolidate/-/consolidate-0.14.5.tgz 92ms
24 http fetch GET 200 https://registry.npmjs.org/handlebars 210ms
25 http fetch GET 304 https://registry.npmjs.org/async 413ms (from cache)
26 http fetch GET 304 https://registry.npmjs.org/commander 412ms (from cache)
27 http fetch GET 304 https://registry.npmjs.org/minimatch 375ms (from cache)
28 silly pacote range manifest for consolidate@^0.14.0 fetched in 444ms
29 silly resolveWithNewModule consolidate@0.14.5 checking installable status
30 http fetch GET 304 https://registry.npmjs.org/chalk 465ms (from cache)
31 silly pacote range manifest for async@^2.4.0 fetched in 475ms
32 silly resolveWithNewModule async@2.6.3 checking installable status
33 silly pacote range manifest for minimatch@^3.0.0 fetched in 434ms
34 silly resolveWithNewModule minimatch@3.0.4 checking installable status
35 silly pacote range manifest for commander@^2.9.0 fetched in 473ms
36 silly resolveWithNewModule commander@2.20.3 checking installable status
37 silly pacote range manifest for chalk@^2.1.0 fetched in 484ms
38 silly resolveWithNewModule chalk@2.4.2 checking installable status
39 http fetch GET 200 https://registry.npmjs.org/multimatch/-/multimatch-2.1.0.tgz 241ms
40 http fetch GET 200 https://registry.npmjs.org/download-git-repo/-/download-git-repo-1.1.0.tgz 241ms
41 http fetch GET 200 https://registry.npmjs.org/inquirer/-/inquirer-6.5.2.tgz 252ms
42 http fetch GET 200 https://registry.npmjs.org/handlebars/-/handlebars-4.7.6.tgz 236ms
43 silly pacote range manifest for multimatch@^2.1.0 fetched in 481ms
44 silly resolveWithNewModule multimatch@2.1.0 checking installable status
45 silly pacote range manifest for download-git-repo@^1.0.1 fetched in 513ms
46 silly resolveWithNewModule download-git-repo@1.1.0 checking installable status
47 http fetch GET 200 https://registry.npmjs.org/ora 64ms
48 silly pacote range manifest for inquirer@^6.0.0 fetched in 496ms
49 silly resolveWithNewModule inquirer@6.5.2 checking installable status
50 silly pacote range manifest for handlebars@^4.0.5 fetched in 504ms
51 silly resolveWithNewModule handlebars@4.7.6 checking installable status
52 http fetch GET 200 https://registry.npmjs.org/tildify 54ms
53 http fetch GET 200 https://registry.npmjs.org/uid 55ms
54 http fetch GET 200 https://registry.npmjs.org/user-home 59ms
55 http fetch GET 200 https://registry.npmjs.org/ora/-/ora-1.4.0.tgz 58ms
56 http fetch GET 304 https://registry.npmjs.org/semver 111ms (from cache)
57 http fetch GET 304 https://registry.npmjs.org/request 122ms (from cache)
58 http fetch GET 304 https://registry.npmjs.org/rimraf 129ms (from cache)
59 silly pacote range manifest for semver@^5.1.0 fetched in 130ms
60 silly resolveWithNewModule semver@5.7.1 checking installable status
61 silly pacote range manifest for request@^2.67.0 fetched in 143ms
62 warn deprecated request@2.88.2: request has been deprecated, see https://github.com/request/request/issues/3142
63 silly resolveWithNewModule request@2.88.2 checking installable status
64 silly pacote range manifest for rimraf@^2.5.0 fetched in 147ms
65 silly resolveWithNewModule rimraf@2.7.1 checking installable status
66 silly pacote range manifest for ora@^1.3.0 fetched in 167ms
67 silly resolveWithNewModule ora@1.4.0 checking installable status
68 http fetch GET 200 https://registry.npmjs.org/uid/-/uid-0.0.2.tgz 43ms
69 http fetch GET 200 https://registry.npmjs.org/tildify/-/tildify-1.2.0.tgz 49ms
70 http fetch GET 200 https://registry.npmjs.org/user-home/-/user-home-2.0.0.tgz 45ms
71 silly pacote version manifest for uid@0.0.2 fetched in 132ms
72 silly resolveWithNewModule uid@0.0.2 checking installable status
73 silly pacote range manifest for tildify@^1.2.0 fetched in 134ms
74 silly resolveWithNewModule tildify@1.2.0 checking installable status
75 silly pacote range manifest for user-home@^2.0.0 fetched in 128ms
76 silly resolveWithNewModule user-home@2.0.0 checking installable status
77 http fetch GET 200 https://registry.npmjs.org/metalsmith 620ms
78 http fetch GET 200 https://registry.npmjs.org/coffee-script 44ms
79 http fetch GET 200 https://registry.npmjs.org/metalsmith/-/metalsmith-2.3.0.tgz 35ms
80 http fetch GET 200 https://registry.npmjs.org/coffee-script/-/coffee-script-1.12.7.tgz 36ms
81 silly pacote range manifest for metalsmith@^2.1.0 fetched in 665ms
82 silly resolveWithNewModule metalsmith@2.3.0 checking installable status
83 silly pacote version manifest for coffee-script@1.12.7 fetched in 87ms
84 warn deprecated coffee-script@1.12.7: CoffeeScript on NPM has moved to "coffeescript" (no hyphen)
85 silly resolveWithNewModule coffee-script@1.12.7 checking installable status
86 http fetch GET 200 https://registry.npmjs.org/read-metadata 399ms
87 http fetch GET 200 https://registry.npmjs.org/read-metadata/-/read-metadata-1.0.0.tgz 22ms
88 silly pacote range manifest for read-metadata@^1.0.0 fetched in 426ms
89 silly resolveWithNewModule read-metadata@1.0.0 checking installable status
90 http fetch GET 304 https://registry.npmjs.org/validate-npm-package-name 396ms (from cache)
91 http fetch GET 200 https://registry.npmjs.org/validate-npm-package-name/-/validate-npm-package-name-3.0.0.tgz 5ms (from cache)
92 silly pacote range manifest for validate-npm-package-name@^3.0.0 fetched in 409ms
93 silly resolveWithNewModule validate-npm-package-name@3.0.0 checking installable status
94 http fetch GET 304 https://registry.npmjs.org/lodash 33ms (from cache)
95 silly pacote range manifest for lodash@^4.17.14 fetched in 36ms
96 silly resolveWithNewModule lodash@4.17.20 checking installable status
97 http fetch GET 304 https://registry.npmjs.org/escape-string-regexp 29ms (from cache)
98 silly pacote range manifest for escape-string-regexp@^1.0.5 fetched in 37ms
99 silly resolveWithNewModule escape-string-regexp@1.0.5 checking installable status
100 http fetch GET 304 https://registry.npmjs.org/supports-color 53ms (from cache)
101 http fetch GET 304 https://registry.npmjs.org/ansi-styles 54ms (from cache)
102 silly pacote range manifest for supports-color@^5.3.0 fetched in 56ms
103 silly resolveWithNewModule supports-color@5.5.0 checking installable status
104 silly pacote range manifest for ansi-styles@^3.2.1 fetched in 59ms
105 silly resolveWithNewModule ansi-styles@3.2.1 checking installable status
106 http fetch GET 304 https://registry.npmjs.org/color-convert 27ms (from cache)
107 silly pacote range manifest for color-convert@^1.9.0 fetched in 30ms
108 silly resolveWithNewModule color-convert@1.9.3 checking installable status
109 http fetch GET 304 https://registry.npmjs.org/color-name 32ms (from cache)
110 silly pacote version manifest for color-name@1.1.3 fetched in 34ms
111 silly resolveWithNewModule color-name@1.1.3 checking installable status
112 http fetch GET 304 https://registry.npmjs.org/has-flag 39ms (from cache)
113 silly pacote range manifest for has-flag@^3.0.0 fetched in 41ms
114 silly resolveWithNewModule has-flag@3.0.0 checking installable status
115 http fetch GET 304 https://registry.npmjs.org/bluebird 42ms (from cache)
116 silly pacote range manifest for bluebird@^3.1.1 fetched in 50ms
117 silly resolveWithNewModule bluebird@3.7.2 checking installable status
118 http fetch GET 200 https://registry.npmjs.org/git-clone 31ms
119 http fetch GET 200 https://registry.npmjs.org/download 38ms
120 http fetch GET 200 https://registry.npmjs.org/git-clone/-/git-clone-0.1.0.tgz 38ms
121 http fetch GET 200 https://registry.npmjs.org/download/-/download-5.0.3.tgz 32ms
122 silly pacote range manifest for git-clone@^0.1.0 fetched in 77ms
123 silly resolveWithNewModule git-clone@0.1.0 checking installable status
124 silly pacote range manifest for download@^5.0.3 fetched in 79ms
125 silly resolveWithNewModule download@5.0.3 checking installable status
126 http fetch GET 200 https://registry.npmjs.org/decompress 70ms
127 http fetch GET 200 https://registry.npmjs.org/got 72ms
128 http fetch GET 200 https://registry.npmjs.org/filenamify 77ms
129 http fetch GET 200 https://registry.npmjs.org/caw 78ms
130 http fetch GET 304 https://registry.npmjs.org/get-stream 93ms (from cache)
131 http fetch GET 304 https://registry.npmjs.org/pify 94ms (from cache)
132 http fetch GET 304 https://registry.npmjs.org/mkdirp 101ms (from cache)
133 silly pacote range manifest for get-stream@^3.0.0 fetched in 111ms
134 silly resolveWithNewModule get-stream@3.0.0 checking installable status
135 silly pacote range manifest for pify@^2.3.0 fetched in 127ms
136 silly resolveWithNewModule pify@2.3.0 checking installable status
137 silly pacote range manifest for mkdirp@^0.5.1 fetched in 130ms
138 silly resolveWithNewModule mkdirp@0.5.5 checking installable status
139 http fetch GET 200 https://registry.npmjs.org/decompress/-/decompress-4.2.1.tgz 61ms
140 http fetch GET 200 https://registry.npmjs.org/filenamify/-/filenamify-2.1.0.tgz 58ms
141 http fetch GET 200 https://registry.npmjs.org/got/-/got-6.7.1.tgz 58ms
142 http fetch GET 200 https://registry.npmjs.org/caw/-/caw-2.0.1.tgz 58ms
143 silly pacote range manifest for decompress@^4.0.0 fetched in 150ms
144 silly resolveWithNewModule decompress@4.2.1 checking installable status
145 silly pacote range manifest for filenamify@^2.0.0 fetched in 151ms
146 silly resolveWithNewModule filenamify@2.1.0 checking installable status
147 silly pacote range manifest for got@^6.3.0 fetched in 151ms
148 silly resolveWithNewModule got@6.7.1 checking installable status
149 silly pacote range manifest for caw@^2.0.0 fetched in 160ms
150 silly resolveWithNewModule caw@2.0.1 checking installable status
151 http fetch GET 200 https://registry.npmjs.org/url-to-options 41ms
152 http fetch GET 200 https://registry.npmjs.org/get-proxy 42ms
153 http fetch GET 200 https://registry.npmjs.org/isurl 44ms
154 http fetch GET 304 https://registry.npmjs.org/tunnel-agent 56ms (from cache)
155 silly pacote range manifest for tunnel-agent@^0.6.0 fetched in 58ms
156 silly resolveWithNewModule tunnel-agent@0.6.0 checking installable status
157 http fetch GET 200 https://registry.npmjs.org/url-to-options/-/url-to-options-1.0.1.tgz 31ms
158 http fetch GET 200 https://registry.npmjs.org/get-proxy/-/get-proxy-2.1.0.tgz 31ms
159 silly pacote range manifest for url-to-options@^1.0.1 fetched in 100ms
160 silly resolveWithNewModule url-to-options@1.0.1 checking installable status
161 http fetch GET 200 https://registry.npmjs.org/isurl/-/isurl-1.0.0.tgz 51ms
162 silly pacote range manifest for get-proxy@^2.0.0 fetched in 106ms
163 silly resolveWithNewModule get-proxy@2.1.0 checking installable status
164 silly pacote range manifest for isurl@^1.0.0-alpha5 fetched in 108ms
165 silly resolveWithNewModule isurl@1.0.0 checking installable status
166 http fetch GET 200 https://registry.npmjs.org/npm-conf 22ms
167 http fetch GET 200 https://registry.npmjs.org/npm-conf/-/npm-conf-1.1.3.tgz 46ms
168 silly pacote range manifest for npm-conf@^1.1.0 fetched in 79ms
169 silly resolveWithNewModule npm-conf@1.1.3 checking installable status
170 http fetch GET 200 https://registry.npmjs.org/config-chain 39ms
171 http fetch GET 200 https://registry.npmjs.org/pify/-/pify-3.0.0.tgz 37ms
172 silly pacote range manifest for pify@^3.0.0 fetched in 48ms
173 silly resolveWithNewModule pify@3.0.0 checking installable status
174 http fetch GET 200 https://registry.npmjs.org/config-chain/-/config-chain-1.1.12.tgz 18ms
175 silly pacote range manifest for config-chain@^1.1.11 fetched in 64ms
176 silly resolveWithNewModule config-chain@1.1.12 checking installable status
177 http fetch GET 200 https://registry.npmjs.org/proto-list 29ms
178 http fetch GET 304 https://registry.npmjs.org/ini 34ms (from cache)
179 silly pacote range manifest for ini@^1.3.4 fetched in 36ms
180 silly resolveWithNewModule ini@1.3.5 checking installable status
181 http fetch GET 200 https://registry.npmjs.org/proto-list/-/proto-list-1.2.4.tgz 18ms
182 silly pacote range manifest for proto-list@~1.2.1 fetched in 51ms
183 silly resolveWithNewModule proto-list@1.2.4 checking installable status
184 http fetch GET 200 https://registry.npmjs.org/is-object 23ms
185 http fetch GET 200 https://registry.npmjs.org/has-to-string-tag-x 38ms
186 http fetch GET 200 https://registry.npmjs.org/is-object/-/is-object-1.0.1.tgz 79ms
187 http fetch GET 200 https://registry.npmjs.org/has-to-string-tag-x/-/has-to-string-tag-x-1.4.1.tgz 73ms
188 silly pacote range manifest for is-object@^1.0.1 fetched in 137ms
189 silly resolveWithNewModule is-object@1.0.1 checking installable status
190 silly pacote range manifest for has-to-string-tag-x@^1.2.0 fetched in 139ms
191 silly resolveWithNewModule has-to-string-tag-x@1.4.1 checking installable status
192 http fetch GET 200 https://registry.npmjs.org/has-symbol-support-x 35ms
193 http fetch GET 200 https://registry.npmjs.org/has-symbol-support-x/-/has-symbol-support-x-1.4.2.tgz 21ms
194 silly pacote range manifest for has-symbol-support-x@^1.4.1 fetched in 61ms
195 silly resolveWithNewModule has-symbol-support-x@1.4.2 checking installable status
196 http fetch GET 304 https://registry.npmjs.org/safe-buffer 27ms (from cache)
197 silly pacote range manifest for safe-buffer@^5.0.1 fetched in 29ms
198 silly resolveWithNewModule safe-buffer@5.2.1 checking installable status
199 http fetch GET 200 https://registry.npmjs.org/decompress-tar 35ms
200 http fetch GET 200 https://registry.npmjs.org/strip-dirs 41ms
201 http fetch GET 200 https://registry.npmjs.org/decompress-unzip 43ms
202 http fetch GET 200 https://registry.npmjs.org/decompress-tarbz2 46ms
203 http fetch GET 200 https://registry.npmjs.org/decompress-targz 49ms
204 http fetch GET 304 https://registry.npmjs.org/make-dir 63ms (from cache)
205 http fetch GET 200 https://registry.npmjs.org/decompress-tar/-/decompress-tar-4.1.1.tgz 34ms
206 http fetch GET 304 https://registry.npmjs.org/graceful-fs 81ms (from cache)
207 silly pacote range manifest for graceful-fs@^4.1.10 fetched in 91ms
208 silly resolveWithNewModule graceful-fs@4.2.4 checking installable status
209 http fetch GET 200 https://registry.npmjs.org/strip-dirs/-/strip-dirs-2.1.0.tgz 50ms
210 silly pacote range manifest for decompress-tar@^4.0.0 fetched in 101ms
211 silly resolveWithNewModule decompress-tar@4.1.1 checking installable status
212 http fetch GET 200 https://registry.npmjs.org/decompress-targz/-/decompress-targz-4.1.1.tgz 43ms
213 http fetch GET 200 https://registry.npmjs.org/decompress-unzip/-/decompress-unzip-4.0.1.tgz 54ms
214 http fetch GET 200 https://registry.npmjs.org/decompress-tarbz2/-/decompress-tarbz2-4.1.1.tgz 50ms
215 http fetch GET 200 https://registry.npmjs.org/make-dir/-/make-dir-1.3.0.tgz 44ms
216 silly pacote range manifest for strip-dirs@^2.0.0 fetched in 117ms
217 silly resolveWithNewModule strip-dirs@2.1.0 checking installable status
218 silly pacote range manifest for decompress-targz@^4.0.0 fetched in 120ms
219 silly resolveWithNewModule decompress-targz@4.1.1 checking installable status
220 silly pacote range manifest for decompress-unzip@^4.0.1 fetched in 124ms
221 silly resolveWithNewModule decompress-unzip@4.0.1 checking installable status
222 silly pacote range manifest for decompress-tarbz2@^4.0.0 fetched in 126ms
223 silly resolveWithNewModule decompress-tarbz2@4.1.1 checking installable status
224 silly pacote range manifest for make-dir@^1.0.0 fetched in 125ms
225 silly resolveWithNewModule make-dir@1.3.0 checking installable status
226 http fetch GET 200 https://registry.npmjs.org/tar-stream 39ms
227 http fetch GET 200 https://registry.npmjs.org/file-type 44ms
228 http fetch GET 304 https://registry.npmjs.org/is-stream 53ms (from cache)
229 silly pacote range manifest for is-stream@^1.1.0 fetched in 55ms
230 silly resolveWithNewModule is-stream@1.1.0 checking installable status
231 http fetch GET 200 https://registry.npmjs.org/tar-stream/-/tar-stream-1.6.2.tgz 33ms
232 http fetch GET 200 https://registry.npmjs.org/file-type/-/file-type-5.2.0.tgz 28ms
233 silly pacote range manifest for tar-stream@^1.5.2 fetched in 79ms
234 silly resolveWithNewModule tar-stream@1.6.2 checking installable status
235 silly pacote range manifest for file-type@^5.2.0 fetched in 81ms
236 silly resolveWithNewModule file-type@5.2.0 checking installable status
237 http fetch GET 200 https://registry.npmjs.org/bl 35ms
238 http fetch GET 200 https://registry.npmjs.org/buffer-alloc 38ms
239 http fetch GET 200 https://registry.npmjs.org/to-buffer 36ms
240 http fetch GET 200 https://registry.npmjs.org/fs-constants 45ms
241 http fetch GET 304 https://registry.npmjs.org/end-of-stream 91ms (from cache)
242 http fetch GET 200 https://registry.npmjs.org/bl/-/bl-1.2.3.tgz 60ms
243 http fetch GET 200 https://registry.npmjs.org/to-buffer/-/to-buffer-1.1.1.tgz 53ms
244 http fetch GET 200 https://registry.npmjs.org/buffer-alloc/-/buffer-alloc-1.2.0.tgz 56ms
245 http fetch GET 200 https://registry.npmjs.org/fs-constants/-/fs-constants-1.0.0.tgz 48ms
246 silly pacote range manifest for end-of-stream@^1.0.0 fetched in 104ms
247 silly resolveWithNewModule end-of-stream@1.4.4 checking installable status
248 http fetch GET 304 https://registry.npmjs.org/readable-stream 105ms (from cache)
249 http fetch GET 304 https://registry.npmjs.org/xtend 108ms (from cache)
250 silly pacote range manifest for readable-stream@^2.3.0 fetched in 111ms
251 silly resolveWithNewModule readable-stream@2.3.7 checking installable status
252 silly pacote range manifest for xtend@^4.0.0 fetched in 114ms
253 silly resolveWithNewModule xtend@4.0.2 checking installable status
254 silly pacote range manifest for bl@^1.0.0 fetched in 118ms
255 silly resolveWithNewModule bl@1.2.3 checking installable status
256 silly pacote range manifest for to-buffer@^1.1.1 fetched in 117ms
257 silly resolveWithNewModule to-buffer@1.1.1 checking installable status
258 silly pacote range manifest for buffer-alloc@^1.2.0 fetched in 120ms
259 silly resolveWithNewModule buffer-alloc@1.2.0 checking installable status
260 silly pacote range manifest for fs-constants@^1.0.0 fetched in 119ms
261 silly resolveWithNewModule fs-constants@1.0.0 checking installable status
262 silly pacote range manifest for safe-buffer@~5.1.1 fetched in 13ms
263 silly resolveWithNewModule safe-buffer@5.1.2 checking installable status
264 http fetch GET 304 https://registry.npmjs.org/core-util-is 56ms (from cache)
265 silly pacote range manifest for core-util-is@~1.0.0 fetched in 61ms
266 silly resolveWithNewModule core-util-is@1.0.2 checking installable status
267 http fetch GET 304 https://registry.npmjs.org/util-deprecate 62ms (from cache)
268 http fetch GET 304 https://registry.npmjs.org/isarray 64ms (from cache)
269 http fetch GET 304 https://registry.npmjs.org/inherits 67ms (from cache)
270 http fetch GET 304 https://registry.npmjs.org/process-nextick-args 66ms (from cache)
271 silly pacote range manifest for util-deprecate@~1.0.1 fetched in 67ms
272 silly resolveWithNewModule util-deprecate@1.0.2 checking installable status
273 silly pacote range manifest for isarray@~1.0.0 fetched in 69ms
274 silly resolveWithNewModule isarray@1.0.0 checking installable status
275 http fetch GET 304 https://registry.npmjs.org/string_decoder 69ms (from cache)
276 silly pacote range manifest for inherits@~2.0.3 fetched in 78ms
277 silly resolveWithNewModule inherits@2.0.4 checking installable status
278 silly pacote range manifest for process-nextick-args@~2.0.0 fetched in 78ms
279 silly resolveWithNewModule process-nextick-args@2.0.1 checking installable status
280 silly pacote range manifest for string_decoder@~1.1.1 fetched in 80ms
281 silly resolveWithNewModule string_decoder@1.1.1 checking installable status
282 silly pacote range manifest for safe-buffer@~5.1.0 fetched in 4ms
283 silly resolveWithNewModule safe-buffer@5.1.2 checking installable status
284 http fetch GET 200 https://registry.npmjs.org/buffer-alloc-unsafe 18ms
285 http fetch GET 200 https://registry.npmjs.org/buffer-fill 23ms
286 http fetch GET 200 https://registry.npmjs.org/buffer-alloc-unsafe/-/buffer-alloc-unsafe-1.1.0.tgz 20ms
287 http fetch GET 200 https://registry.npmjs.org/buffer-fill/-/buffer-fill-1.0.0.tgz 20ms
288 silly pacote range manifest for buffer-alloc-unsafe@^1.1.0 fetched in 45ms
289 silly resolveWithNewModule buffer-alloc-unsafe@1.1.0 checking installable status
290 silly pacote range manifest for buffer-fill@^1.0.0 fetched in 47ms
291 silly resolveWithNewModule buffer-fill@1.0.0 checking installable status
292 http fetch GET 304 https://registry.npmjs.org/once 26ms (from cache)
293 silly pacote range manifest for once@^1.4.0 fetched in 28ms
294 silly resolveWithNewModule once@1.4.0 checking installable status
295 http fetch GET 304 https://registry.npmjs.org/wrappy 31ms (from cache)
296 silly pacote range manifest for wrappy@1 fetched in 32ms
297 silly resolveWithNewModule wrappy@1.0.2 checking installable status
298 http fetch GET 200 https://registry.npmjs.org/unbzip2-stream 35ms
299 http fetch GET 200 https://registry.npmjs.org/seek-bzip 37ms
300 http fetch GET 200 https://registry.npmjs.org/file-type/-/file-type-6.2.0.tgz 34ms
301 silly pacote range manifest for file-type@^6.1.0 fetched in 47ms
302 silly resolveWithNewModule file-type@6.2.0 checking installable status
303 http fetch GET 200 https://registry.npmjs.org/unbzip2-stream/-/unbzip2-stream-1.4.3.tgz 31ms
304 http fetch GET 200 https://registry.npmjs.org/seek-bzip/-/seek-bzip-1.0.6.tgz 29ms
305 silly pacote range manifest for unbzip2-stream@^1.0.9 fetched in 75ms
306 silly resolveWithNewModule unbzip2-stream@1.4.3 checking installable status
307 silly pacote range manifest for seek-bzip@^1.0.5 fetched in 76ms
308 silly resolveWithNewModule seek-bzip@1.0.6 checking installable status
309 http fetch GET 200 https://registry.npmjs.org/through 22ms
310 http fetch GET 304 https://registry.npmjs.org/buffer 39ms (from cache)
311 http fetch GET 200 https://registry.npmjs.org/through/-/through-2.3.8.tgz 33ms
312 silly pacote range manifest for through@^2.3.8 fetched in 75ms
313 silly resolveWithNewModule through@2.3.8 checking installable status
314 http fetch GET 200 https://registry.npmjs.org/buffer/-/buffer-5.7.1.tgz 36ms
315 silly pacote range manifest for buffer@^5.2.1 fetched in 80ms
316 silly resolveWithNewModule buffer@5.7.1 checking installable status
317 http fetch GET 304 https://registry.npmjs.org/base64-js 39ms (from cache)
318 http fetch GET 304 https://registry.npmjs.org/ieee754 40ms (from cache)
319 silly pacote range manifest for base64-js@^1.3.1 fetched in 42ms
320 silly resolveWithNewModule base64-js@1.5.1 checking installable status
321 silly pacote range manifest for ieee754@^1.1.13 fetched in 43ms
322 silly resolveWithNewModule ieee754@1.2.1 checking installable status
323 http fetch GET 200 https://registry.npmjs.org/yauzl 35ms
324 http fetch GET 200 https://registry.npmjs.org/get-stream/-/get-stream-2.3.1.tgz 34ms
325 http fetch GET 200 https://registry.npmjs.org/file-type/-/file-type-3.9.0.tgz 37ms
326 silly pacote range manifest for get-stream@^2.2.0 fetched in 46ms
327 silly resolveWithNewModule get-stream@2.3.1 checking installable status
328 silly pacote range manifest for file-type@^3.8.0 fetched in 47ms
329 silly resolveWithNewModule file-type@3.9.0 checking installable status
330 http fetch GET 200 https://registry.npmjs.org/yauzl/-/yauzl-2.10.0.tgz 23ms
331 silly pacote range manifest for yauzl@^2.4.2 fetched in 63ms
332 silly resolveWithNewModule yauzl@2.10.0 checking installable status
333 http fetch GET 304 https://registry.npmjs.org/pinkie-promise 24ms (from cache)
334 silly pacote range manifest for pinkie-promise@^2.0.0 fetched in 28ms
335 silly resolveWithNewModule pinkie-promise@2.0.1 checking installable status
336 http fetch GET 304 https://registry.npmjs.org/object-assign 33ms (from cache)
337 silly pacote range manifest for object-assign@^4.0.1 fetched in 35ms
338 silly resolveWithNewModule object-assign@4.1.1 checking installable status
339 http fetch GET 304 https://registry.npmjs.org/pinkie 29ms (from cache)
340 silly pacote range manifest for pinkie@^2.0.0 fetched in 30ms
341 silly resolveWithNewModule pinkie@2.0.4 checking installable status
342 http fetch GET 200 https://registry.npmjs.org/buffer-crc32 21ms
343 http fetch GET 200 https://registry.npmjs.org/fd-slicer 23ms
344 http fetch GET 200 https://registry.npmjs.org/fd-slicer/-/fd-slicer-1.1.0.tgz 29ms
345 http fetch GET 200 https://registry.npmjs.org/buffer-crc32/-/buffer-crc32-0.2.13.tgz 31ms
346 silly pacote range manifest for fd-slicer@~1.1.0 fetched in 58ms
347 silly resolveWithNewModule fd-slicer@1.1.0 checking installable status
348 silly pacote range manifest for buffer-crc32@~0.2.3 fetched in 58ms
349 silly resolveWithNewModule buffer-crc32@0.2.13 checking installable status
350 http fetch GET 200 https://registry.npmjs.org/pend 17ms
351 http fetch GET 200 https://registry.npmjs.org/pend/-/pend-1.2.0.tgz 20ms
352 silly pacote range manifest for pend@~1.2.0 fetched in 42ms
353 silly resolveWithNewModule pend@1.2.0 checking installable status
354 silly pacote range manifest for pify@^3.0.0 fetched in 1ms
355 silly resolveWithNewModule pify@3.0.0 checking installable status
356 http fetch GET 200 https://registry.npmjs.org/is-natural-number 17ms
357 http fetch GET 200 https://registry.npmjs.org/is-natural-number/-/is-natural-number-4.0.1.tgz 21ms
358 silly pacote range manifest for is-natural-number@^4.0.1 fetched in 42ms
359 silly resolveWithNewModule is-natural-number@4.0.1 checking installable status
360 http fetch GET 200 https://registry.npmjs.org/strip-outer 22ms
361 http fetch GET 200 https://registry.npmjs.org/trim-repeated 22ms
362 http fetch GET 200 https://registry.npmjs.org/filename-reserved-regex 25ms
363 http fetch GET 200 https://registry.npmjs.org/filename-reserved-regex/-/filename-reserved-regex-2.0.0.tgz 25ms
364 silly pacote range manifest for filename-reserved-regex@^2.0.0 fetched in 55ms
365 silly resolveWithNewModule filename-reserved-regex@2.0.0 checking installable status
366 http fetch GET 200 https://registry.npmjs.org/strip-outer/-/strip-outer-1.0.1.tgz 41ms
367 http fetch GET 200 https://registry.npmjs.org/trim-repeated/-/trim-repeated-1.0.0.tgz 40ms
368 silly pacote range manifest for strip-outer@^1.0.0 fetched in 71ms
369 silly resolveWithNewModule strip-outer@1.0.1 checking installable status
370 silly pacote range manifest for trim-repeated@^1.0.0 fetched in 71ms
371 silly resolveWithNewModule trim-repeated@1.0.0 checking installable status
372 http fetch GET 200 https://registry.npmjs.org/url-parse-lax 39ms
373 http fetch GET 200 https://registry.npmjs.org/timed-out 41ms
374 http fetch GET 200 https://registry.npmjs.org/is-retry-allowed 43ms
375 http fetch GET 200 https://registry.npmjs.org/is-redirect 44ms
376 http fetch GET 200 https://registry.npmjs.org/duplexer3 48ms
377 http fetch GET 200 https://registry.npmjs.org/lowercase-keys 47ms
378 http fetch GET 200 https://registry.npmjs.org/unzip-response 47ms
379 http fetch GET 200 https://registry.npmjs.org/create-error-class 50ms
380 http fetch GET 200 https://registry.npmjs.org/url-parse-lax/-/url-parse-lax-1.0.0.tgz 110ms
381 http fetch GET 200 https://registry.npmjs.org/is-retry-allowed/-/is-retry-allowed-1.2.0.tgz 103ms
382 http fetch GET 200 https://registry.npmjs.org/timed-out/-/timed-out-4.0.1.tgz 105ms
383 http fetch GET 200 https://registry.npmjs.org/unzip-response/-/unzip-response-2.0.1.tgz 98ms
384 http fetch GET 200 https://registry.npmjs.org/lowercase-keys/-/lowercase-keys-1.0.1.tgz 100ms
385 http fetch GET 200 https://registry.npmjs.org/create-error-class/-/create-error-class-3.0.2.tgz 100ms
386 http fetch GET 200 https://registry.npmjs.org/duplexer3/-/duplexer3-0.1.4.tgz 102ms
387 http fetch GET 200 https://registry.npmjs.org/is-redirect/-/is-redirect-1.0.0.tgz 109ms
388 silly pacote range manifest for url-parse-lax@^1.0.0 fetched in 168ms
389 silly resolveWithNewModule url-parse-lax@1.0.0 checking installable status
390 silly pacote range manifest for is-retry-allowed@^1.0.0 fetched in 170ms
391 silly resolveWithNewModule is-retry-allowed@1.2.0 checking installable status
392 silly pacote range manifest for timed-out@^4.0.0 fetched in 170ms
393 silly resolveWithNewModule timed-out@4.0.1 checking installable status
394 silly pacote range manifest for unzip-response@^2.0.1 fetched in 171ms
395 silly resolveWithNewModule unzip-response@2.0.1 checking installable status
396 silly pacote range manifest for lowercase-keys@^1.0.0 fetched in 172ms
397 silly resolveWithNewModule lowercase-keys@1.0.1 checking installable status
398 silly pacote range manifest for create-error-class@^3.0.0 fetched in 175ms
399 silly resolveWithNewModule create-error-class@3.0.2 checking installable status
400 silly pacote range manifest for duplexer3@^0.1.4 fetched in 175ms
401 silly resolveWithNewModule duplexer3@0.1.4 checking installable status
402 silly pacote range manifest for is-redirect@^1.0.0 fetched in 175ms
403 silly resolveWithNewModule is-redirect@1.0.0 checking installable status
404 http fetch GET 200 https://registry.npmjs.org/capture-stack-trace 20ms
405 http fetch GET 200 https://registry.npmjs.org/capture-stack-trace/-/capture-stack-trace-1.0.1.tgz 21ms
406 silly pacote range manifest for capture-stack-trace@^1.0.0 fetched in 45ms
407 silly resolveWithNewModule capture-stack-trace@1.0.1 checking installable status
408 http fetch GET 304 https://registry.npmjs.org/prepend-http 29ms (from cache)
409 silly pacote range manifest for prepend-http@^1.0.1 fetched in 31ms
410 silly resolveWithNewModule prepend-http@1.0.4 checking installable status
411 http fetch GET 304 https://registry.npmjs.org/minimist 20ms (from cache)
412 silly pacote range manifest for minimist@^1.2.5 fetched in 22ms
413 silly resolveWithNewModule minimist@1.2.5 checking installable status
414 http fetch GET 304 https://registry.npmjs.org/glob 23ms (from cache)
415 silly pacote range manifest for glob@^7.1.3 fetched in 25ms
416 silly resolveWithNewModule glob@7.1.6 checking installable status
417 http fetch GET 304 https://registry.npmjs.org/fs.realpath 38ms (from cache)
418 silly pacote range manifest for fs.realpath@^1.0.0 fetched in 40ms
419 silly resolveWithNewModule fs.realpath@1.0.0 checking installable status
420 http fetch GET 304 https://registry.npmjs.org/inflight 40ms (from cache)
421 http fetch GET 304 https://registry.npmjs.org/path-is-absolute 41ms (from cache)
422 silly pacote range manifest for inflight@^1.0.4 fetched in 43ms
423 silly resolveWithNewModule inflight@1.0.6 checking installable status
424 silly pacote range manifest for path-is-absolute@^1.0.0 fetched in 44ms
425 silly resolveWithNewModule path-is-absolute@1.0.1 checking installable status
426 http fetch GET 304 https://registry.npmjs.org/brace-expansion 24ms (from cache)
427 silly pacote range manifest for brace-expansion@^1.1.7 fetched in 27ms
428 silly resolveWithNewModule brace-expansion@1.1.11 checking installable status
429 http fetch GET 304 https://registry.npmjs.org/balanced-match 23ms (from cache)
430 silly pacote range manifest for balanced-match@^1.0.0 fetched in 24ms
431 silly resolveWithNewModule balanced-match@1.0.0 checking installable status
432 http fetch GET 304 https://registry.npmjs.org/concat-map 32ms (from cache)
433 silly pacote version manifest for concat-map@0.0.1 fetched in 34ms
434 silly resolveWithNewModule concat-map@0.0.1 checking installable status
435 http fetch GET 200 https://registry.npmjs.org/uglify-js 39ms
436 http fetch GET 200 https://registry.npmjs.org/wordwrap 46ms
437 http fetch GET 304 https://registry.npmjs.org/source-map 56ms (from cache)
438 silly pacote range manifest for source-map@^0.6.1 fetched in 60ms
439 silly resolveWithNewModule source-map@0.6.1 checking installable status
440 http fetch GET 304 https://registry.npmjs.org/neo-async 63ms (from cache)
441 silly pacote range manifest for neo-async@^2.6.0 fetched in 93ms
442 silly resolveWithNewModule neo-async@2.6.2 checking installable status
443 http fetch GET 200 https://registry.npmjs.org/uglify-js/-/uglify-js-3.12.0.tgz 47ms
444 http fetch GET 200 https://registry.npmjs.org/wordwrap/-/wordwrap-1.0.0.tgz 48ms
445 silly pacote range manifest for uglify-js@^3.1.4 fetched in 99ms
446 silly resolveWithNewModule uglify-js@3.12.0 checking installable status
447 silly pacote range manifest for wordwrap@^1.0.0 fetched in 101ms
448 silly resolveWithNewModule wordwrap@1.0.0 checking installable status
449 http fetch GET 200 https://registry.npmjs.org/cli-cursor 61ms
450 http fetch GET 200 https://registry.npmjs.org/cli-width 64ms
451 http fetch GET 200 https://registry.npmjs.org/run-async 70ms
452 http fetch GET 200 https://registry.npmjs.org/rxjs 71ms
453 http fetch GET 200 https://registry.npmjs.org/mute-stream 82ms
454 http fetch GET 200 https://registry.npmjs.org/external-editor 88ms
455 http fetch GET 200 https://registry.npmjs.org/figures 89ms
456 http fetch GET 304 https://registry.npmjs.org/strip-ansi 111ms (from cache)
457 http fetch GET 304 https://registry.npmjs.org/ansi-escapes 118ms (from cache)
458 http fetch GET 304 https://registry.npmjs.org/string-width 340ms (from cache)
459 silly pacote range manifest for strip-ansi@^5.1.0 fetched in 348ms
460 silly resolveWithNewModule strip-ansi@5.2.0 checking installable status
461 http fetch GET 200 https://registry.npmjs.org/cli-cursor/-/cli-cursor-2.1.0.tgz 266ms
462 silly pacote range manifest for string-width@^2.1.0 fetched in 353ms
463 silly resolveWithNewModule string-width@2.1.1 checking installable status
464 http fetch GET 200 https://registry.npmjs.org/rxjs/-/rxjs-6.6.3.tgz 269ms
465 http fetch GET 200 https://registry.npmjs.org/external-editor/-/external-editor-3.1.0.tgz 261ms
466 http fetch GET 200 https://registry.npmjs.org/mute-stream/-/mute-stream-0.0.7.tgz 270ms
467 http fetch GET 200 https://registry.npmjs.org/cli-width/-/cli-width-2.2.1.tgz 273ms
468 http fetch GET 200 https://registry.npmjs.org/figures/-/figures-2.0.0.tgz 262ms
469 http fetch GET 200 https://registry.npmjs.org/run-async/-/run-async-2.4.1.tgz 273ms
470 silly pacote range manifest for cli-cursor@^2.1.0 fetched in 369ms
471 silly resolveWithNewModule cli-cursor@2.1.0 checking installable status
472 silly pacote range manifest for rxjs@^6.4.0 fetched in 374ms
473 silly resolveWithNewModule rxjs@6.6.3 checking installable status
474 silly pacote range manifest for external-editor@^3.0.3 fetched in 376ms
475 silly resolveWithNewModule external-editor@3.1.0 checking installable status
476 silly pacote version manifest for mute-stream@0.0.7 fetched in 376ms
477 silly resolveWithNewModule mute-stream@0.0.7 checking installable status
478 silly pacote range manifest for cli-width@^2.0.0 fetched in 377ms
479 silly resolveWithNewModule cli-width@2.2.1 checking installable status
480 silly pacote range manifest for figures@^2.0.0 fetched in 377ms
481 silly resolveWithNewModule figures@2.0.0 checking installable status
482 http fetch GET 200 https://registry.npmjs.org/ansi-escapes/-/ansi-escapes-3.2.0.tgz 245ms
483 silly pacote range manifest for run-async@^2.2.0 fetched in 377ms
484 silly resolveWithNewModule run-async@2.4.1 checking installable status
485 silly pacote range manifest for ansi-escapes@^3.2.0 fetched in 383ms
486 silly resolveWithNewModule ansi-escapes@3.2.0 checking installable status
487 http fetch GET 200 https://registry.npmjs.org/restore-cursor 23ms
488 http fetch GET 200 https://registry.npmjs.org/restore-cursor/-/restore-cursor-2.0.0.tgz 25ms
489 silly pacote range manifest for restore-cursor@^2.0.0 fetched in 55ms
490 silly resolveWithNewModule restore-cursor@2.0.0 checking installable status
491 http fetch GET 304 https://registry.npmjs.org/onetime 31ms (from cache)
492 http fetch GET 304 https://registry.npmjs.org/signal-exit 34ms (from cache)
493 silly pacote range manifest for signal-exit@^3.0.2 fetched in 36ms
494 silly resolveWithNewModule signal-exit@3.0.3 checking installable status
495 http fetch GET 200 https://registry.npmjs.org/onetime/-/onetime-2.0.1.tgz 20ms
496 silly pacote range manifest for onetime@^2.0.0 fetched in 55ms
497 silly resolveWithNewModule onetime@2.0.1 checking installable status
498 http fetch GET 304 https://registry.npmjs.org/mimic-fn 23ms (from cache)
499 http fetch GET 200 https://registry.npmjs.org/mimic-fn/-/mimic-fn-1.2.0.tgz 17ms
500 silly pacote range manifest for mimic-fn@^1.0.0 fetched in 44ms
501 silly resolveWithNewModule mimic-fn@1.2.0 checking installable status
502 http fetch GET 200 https://registry.npmjs.org/chardet 33ms
503 http fetch GET 304 https://registry.npmjs.org/iconv-lite 56ms (from cache)
504 http fetch GET 304 https://registry.npmjs.org/tmp 57ms (from cache)
505 http fetch GET 200 https://registry.npmjs.org/chardet/-/chardet-0.7.0.tgz 26ms
506 http fetch GET 200 https://registry.npmjs.org/iconv-lite/-/iconv-lite-0.4.24.tgz 10ms (from cache)
507 silly pacote range manifest for chardet@^0.7.0 fetched in 91ms
508 silly resolveWithNewModule chardet@0.7.0 checking installable status
509 silly pacote range manifest for iconv-lite@^0.4.24 fetched in 89ms
510 silly resolveWithNewModule iconv-lite@0.4.24 checking installable status
511 http fetch GET 200 https://registry.npmjs.org/tmp/-/tmp-0.0.33.tgz 28ms
512 silly pacote range manifest for tmp@^0.0.33 fetched in 91ms
513 silly resolveWithNewModule tmp@0.0.33 checking installable status
514 http fetch GET 304 https://registry.npmjs.org/safer-buffer 22ms (from cache)
515 silly pacote range manifest for safer-buffer@>= 2.1.2 < 3 fetched in 24ms
516 silly resolveWithNewModule safer-buffer@2.1.2 checking installable status
517 http fetch GET 200 https://registry.npmjs.org/os-tmpdir 19ms
518 http fetch GET 200 https://registry.npmjs.org/os-tmpdir/-/os-tmpdir-1.0.2.tgz 19ms
519 silly pacote range manifest for os-tmpdir@~1.0.2 fetched in 41ms
520 silly resolveWithNewModule os-tmpdir@1.0.2 checking installable status
521 http fetch GET 304 https://registry.npmjs.org/tslib 24ms (from cache)
522 silly pacote range manifest for tslib@^1.9.0 fetched in 27ms
523 silly resolveWithNewModule tslib@1.14.1 checking installable status
524 silly pacote range manifest for strip-ansi@^4.0.0 fetched in 3ms
525 silly resolveWithNewModule strip-ansi@4.0.0 checking installable status
526 http fetch GET 304 https://registry.npmjs.org/is-fullwidth-code-point 29ms (from cache)
527 silly pacote range manifest for is-fullwidth-code-point@^2.0.0 fetched in 31ms
528 silly resolveWithNewModule is-fullwidth-code-point@2.0.0 checking installable status
529 http fetch GET 304 https://registry.npmjs.org/ansi-regex 21ms (from cache)
530 silly pacote range manifest for ansi-regex@^3.0.0 fetched in 23ms
531 silly resolveWithNewModule ansi-regex@3.0.0 checking installable status
532 silly pacote range manifest for ansi-regex@^4.1.0 fetched in 1ms
533 silly resolveWithNewModule ansi-regex@4.1.0 checking installable status
534 http fetch GET 200 https://registry.npmjs.org/gray-matter 54ms
535 http fetch GET 200 https://registry.npmjs.org/co-fs-extra 57ms
536 http fetch GET 200 https://registry.npmjs.org/has-generators 56ms
537 http fetch GET 200 https://registry.npmjs.org/is 56ms
538 http fetch GET 200 https://registry.npmjs.org/stat-mode 55ms
539 http fetch GET 200 https://registry.npmjs.org/clone 71ms
540 http fetch GET 200 https://registry.npmjs.org/chalk/-/chalk-1.1.3.tgz 61ms
541 http fetch GET 200 https://registry.npmjs.org/is-utf8 70ms
542 http fetch GET 200 https://registry.npmjs.org/absolute 73ms
543 http fetch GET 304 https://registry.npmjs.org/recursive-readdir 135ms (from cache)
544 silly pacote range manifest for chalk@^1.1.3 fetched in 140ms
545 silly resolveWithNewModule chalk@1.1.3 checking installable status
546 http fetch GET 200 https://registry.npmjs.org/gray-matter/-/gray-matter-2.1.1.tgz 86ms
547 http fetch GET 200 https://registry.npmjs.org/is/-/is-3.3.0.tgz 74ms
548 http fetch GET 200 https://registry.npmjs.org/co-fs-extra/-/co-fs-extra-1.2.1.tgz 76ms
549 http fetch GET 200 https://registry.npmjs.org/clone/-/clone-1.0.4.tgz 71ms
550 http fetch GET 200 https://registry.npmjs.org/is-utf8/-/is-utf8-0.2.1.tgz 71ms
551 http fetch GET 200 https://registry.npmjs.org/absolute/-/absolute-0.0.1.tgz 70ms
552 http fetch GET 200 https://registry.npmjs.org/recursive-readdir/-/recursive-readdir-2.2.2.tgz 15ms (from cache)
553 http fetch GET 200 https://registry.npmjs.org/has-generators/-/has-generators-1.0.1.tgz 81ms
554 http fetch GET 200 https://registry.npmjs.org/stat-mode/-/stat-mode-0.2.2.tgz 81ms
555 silly pacote range manifest for gray-matter@^2.0.0 fetched in 171ms
556 silly resolveWithNewModule gray-matter@2.1.1 checking installable status
557 silly pacote range manifest for is@^3.1.0 fetched in 172ms
558 silly resolveWithNewModule is@3.3.0 checking installable status
559 silly pacote range manifest for clone@^1.0.2 fetched in 175ms
560 silly resolveWithNewModule clone@1.0.4 checking installable status
561 silly pacote range manifest for is-utf8@~0.2.0 fetched in 173ms
562 silly resolveWithNewModule is-utf8@0.2.1 checking installable status
563 silly pacote range manifest for recursive-readdir@^2.1.0 fetched in 172ms
564 silly resolveWithNewModule recursive-readdir@2.2.2 checking installable status
565 silly pacote range manifest for co-fs-extra@^1.2.1 fetched in 179ms
566 silly resolveWithNewModule co-fs-extra@1.2.1 checking installable status
567 silly pacote version manifest for absolute@0.0.1 fetched in 180ms
568 silly resolveWithNewModule absolute@0.0.1 checking installable status
569 silly pacote range manifest for has-generators@^1.0.1 fetched in 180ms
570 silly resolveWithNewModule has-generators@1.0.1 checking installable status
571 http fetch GET 200 https://registry.npmjs.org/thunkify 41ms
572 silly pacote range manifest for stat-mode@^0.2.0 fetched in 179ms
573 silly resolveWithNewModule stat-mode@0.2.2 checking installable status
574 http fetch GET 200 https://registry.npmjs.org/unyield 28ms
575 http fetch GET 200 https://registry.npmjs.org/ware 26ms
576 http fetch GET 200 https://registry.npmjs.org/win-fork 31ms
577 http fetch GET 200 https://registry.npmjs.org/thunkify/-/thunkify-2.1.2.tgz 103ms
578 http fetch GET 200 https://registry.npmjs.org/unyield/-/unyield-0.0.1.tgz 89ms
579 http fetch GET 200 https://registry.npmjs.org/win-fork/-/win-fork-1.1.1.tgz 82ms
580 http fetch GET 200 https://registry.npmjs.org/ware/-/ware-1.3.0.tgz 89ms
581 silly pacote range manifest for thunkify@^2.1.2 fetched in 156ms
582 silly resolveWithNewModule thunkify@2.1.2 checking installable status
583 silly pacote version manifest for unyield@0.0.1 fetched in 126ms
584 silly resolveWithNewModule unyield@0.0.1 checking installable status
585 silly pacote range manifest for win-fork@^1.1.1 fetched in 122ms
586 silly resolveWithNewModule win-fork@1.1.1 checking installable status
587 silly pacote range manifest for ware@^1.2.0 fetched in 123ms
588 silly resolveWithNewModule ware@1.3.0 checking installable status
589 silly pacote range manifest for strip-ansi@^3.0.0 fetched in 7ms
590 silly resolveWithNewModule strip-ansi@3.0.1 checking installable status
591 http fetch GET 200 https://registry.npmjs.org/ansi-styles/-/ansi-styles-2.2.1.tgz 26ms
592 http fetch GET 200 https://registry.npmjs.org/has-ansi 30ms
593 http fetch GET 200 https://registry.npmjs.org/supports-color/-/supports-color-2.0.0.tgz 27ms
594 silly pacote range manifest for ansi-styles@^2.2.1 fetched in 38ms
595 silly resolveWithNewModule ansi-styles@2.2.1 checking installable status
596 silly pacote range manifest for supports-color@^2.0.0 fetched in 37ms
597 silly resolveWithNewModule supports-color@2.0.0 checking installable status
598 http fetch GET 200 https://registry.npmjs.org/has-ansi/-/has-ansi-2.0.0.tgz 17ms
599 silly pacote range manifest for has-ansi@^2.0.0 fetched in 52ms
600 silly resolveWithNewModule has-ansi@2.0.0 checking installable status
601 silly pacote range manifest for ansi-regex@^2.0.0 fetched in 1ms
602 silly resolveWithNewModule ansi-regex@2.1.1 checking installable status
603 silly pacote range manifest for ansi-regex@^2.0.0 fetched in 1ms
604 silly resolveWithNewModule ansi-regex@2.1.1 checking installable status
605 http fetch GET 200 https://registry.npmjs.org/co-from-stream 21ms
606 http fetch GET 200 https://registry.npmjs.org/thunkify-wrap 22ms
607 http fetch GET 304 https://registry.npmjs.org/fs-extra 32ms (from cache)
608 http fetch GET 200 https://registry.npmjs.org/co-from-stream/-/co-from-stream-0.0.0.tgz 24ms
609 http fetch GET 200 https://registry.npmjs.org/thunkify-wrap/-/thunkify-wrap-1.0.4.tgz 23ms
610 silly pacote range manifest for co-from-stream@~0.0.0 fetched in 59ms
611 silly resolveWithNewModule co-from-stream@0.0.0 checking installable status
612 http fetch GET 200 https://registry.npmjs.org/fs-extra/-/fs-extra-0.26.7.tgz 23ms
613 silly pacote range manifest for thunkify-wrap@~1.0.4 fetched in 60ms
614 silly resolveWithNewModule thunkify-wrap@1.0.4 checking installable status
615 silly pacote range manifest for fs-extra@~0.26.5 fetched in 67ms
616 silly resolveWithNewModule fs-extra@0.26.7 checking installable status
617 http fetch GET 200 https://registry.npmjs.org/co-read 22ms
618 http fetch GET 200 https://registry.npmjs.org/co-read/-/co-read-0.0.1.tgz 21ms
619 silly pacote version manifest for co-read@0.0.1 fetched in 47ms
620 silly resolveWithNewModule co-read@0.0.1 checking installable status
621 http fetch GET 200 https://registry.npmjs.org/klaw 28ms
622 http fetch GET 304 https://registry.npmjs.org/jsonfile 33ms (from cache)
623 http fetch GET 200 https://registry.npmjs.org/klaw/-/klaw-1.3.1.tgz 15ms
624 silly pacote range manifest for klaw@^1.0.0 fetched in 59ms
625 silly resolveWithNewModule klaw@1.3.1 checking installable status
626 http fetch GET 200 https://registry.npmjs.org/jsonfile/-/jsonfile-2.4.0.tgz 26ms
627 silly pacote range manifest for jsonfile@^2.1.0 fetched in 66ms
628 silly resolveWithNewModule jsonfile@2.4.0 checking installable status
629 http fetch GET 200 https://registry.npmjs.org/enable 18ms
630 http fetch GET 200 https://registry.npmjs.org/enable/-/enable-1.3.2.tgz 15ms
631 silly pacote range manifest for enable@1 fetched in 38ms
632 silly resolveWithNewModule enable@1.3.2 checking installable status
633 http fetch GET 200 https://registry.npmjs.org/ansi-red 20ms
634 http fetch GET 304 https://registry.npmjs.org/js-yaml 35ms (from cache)
635 http fetch GET 304 https://registry.npmjs.org/extend-shallow 36ms (from cache)
636 silly pacote range manifest for js-yaml@^3.8.1 fetched in 38ms
637 silly resolveWithNewModule js-yaml@3.14.0 checking installable status
638 silly pacote range manifest for extend-shallow@^2.0.1 fetched in 41ms
639 silly resolveWithNewModule extend-shallow@2.0.1 checking installable status
640 http fetch GET 200 https://registry.npmjs.org/ansi-red/-/ansi-red-0.1.1.tgz 23ms
641 silly pacote range manifest for ansi-red@^0.1.1 fetched in 48ms
642 silly resolveWithNewModule ansi-red@0.1.1 checking installable status
643 http fetch GET 200 https://registry.npmjs.org/toml 388ms
644 http fetch GET 200 https://registry.npmjs.org/toml/-/toml-2.3.6.tgz 33ms
645 silly pacote range manifest for toml@^2.3.2 fetched in 427ms
646 silly resolveWithNewModule toml@2.3.6 checking installable status
647 http fetch GET 200 https://registry.npmjs.org/ansi-wrap 16ms
648 http fetch GET 200 https://registry.npmjs.org/ansi-wrap/-/ansi-wrap-0.1.0.tgz 22ms
649 silly pacote version manifest for ansi-wrap@0.1.0 fetched in 42ms
650 silly resolveWithNewModule ansi-wrap@0.1.0 checking installable status
651 http fetch GET 304 https://registry.npmjs.org/is-extendable 24ms (from cache)
652 silly pacote range manifest for is-extendable@^0.1.0 fetched in 29ms
653 silly resolveWithNewModule is-extendable@0.1.1 checking installable status
654 http fetch GET 304 https://registry.npmjs.org/argparse 25ms (from cache)
655 silly pacote range manifest for argparse@^1.0.7 fetched in 28ms
656 silly resolveWithNewModule argparse@1.0.10 checking installable status
657 http fetch GET 304 https://registry.npmjs.org/esprima 34ms (from cache)
658 silly pacote range manifest for esprima@^4.0.0 fetched in 36ms
659 silly resolveWithNewModule esprima@4.0.1 checking installable status
660 http fetch GET 304 https://registry.npmjs.org/sprintf-js 21ms (from cache)
661 silly pacote range manifest for sprintf-js@~1.0.2 fetched in 23ms
662 silly resolveWithNewModule sprintf-js@1.0.3 checking installable status
663 http fetch GET 304 https://registry.npmjs.org/co 19ms (from cache)
664 http fetch GET 200 https://registry.npmjs.org/co/-/co-3.1.0.tgz 37ms
665 silly pacote range manifest for co@~3.1.0 fetched in 62ms
666 silly resolveWithNewModule co@3.1.0 checking installable status
667 http fetch GET 200 https://registry.npmjs.org/wrap-fn 23ms
668 http fetch GET 200 https://registry.npmjs.org/wrap-fn/-/wrap-fn-0.1.5.tgz 18ms
669 silly pacote range manifest for wrap-fn@^0.1.0 fetched in 46ms
670 silly resolveWithNewModule wrap-fn@0.1.5 checking installable status
671 http fetch GET 200 https://registry.npmjs.org/array-differ 25ms
672 http fetch GET 304 https://registry.npmjs.org/arrify 35ms (from cache)
673 http fetch GET 304 https://registry.npmjs.org/array-union 40ms (from cache)
674 silly pacote range manifest for array-union@^1.0.1 fetched in 48ms
675 silly resolveWithNewModule array-union@1.0.2 checking installable status
676 http fetch GET 200 https://registry.npmjs.org/array-differ/-/array-differ-1.0.0.tgz 22ms
677 silly pacote range manifest for array-differ@^1.0.0 fetched in 53ms
678 silly resolveWithNewModule array-differ@1.0.0 checking installable status
679 http fetch GET 200 https://registry.npmjs.org/arrify/-/arrify-1.0.1.tgz 28ms
680 silly pacote range manifest for arrify@^1.0.0 fetched in 66ms
681 silly resolveWithNewModule arrify@1.0.1 checking installable status
682 http fetch GET 304 https://registry.npmjs.org/array-uniq 31ms (from cache)
683 silly pacote range manifest for array-uniq@^1.0.1 fetched in 34ms
684 silly resolveWithNewModule array-uniq@1.0.3 checking installable status
685 http fetch GET 200 https://registry.npmjs.org/cli-spinners 18ms
686 http fetch GET 200 https://registry.npmjs.org/log-symbols 19ms
687 http fetch GET 200 https://registry.npmjs.org/cli-spinners/-/cli-spinners-1.3.1.tgz 26ms
688 http fetch GET 200 https://registry.npmjs.org/log-symbols/-/log-symbols-2.2.0.tgz 26ms
689 silly pacote range manifest for cli-spinners@^1.0.1 fetched in 54ms
690 silly resolveWithNewModule cli-spinners@1.3.1 checking installable status
691 silly pacote range manifest for log-symbols@^2.1.0 fetched in 51ms
692 silly resolveWithNewModule log-symbols@2.2.0 checking installable status
693 http fetch GET 200 https://registry.npmjs.org/yaml-js 15ms
694 http fetch GET 200 https://registry.npmjs.org/yaml-js/-/yaml-js-0.0.8.tgz 35ms
695 silly pacote version manifest for yaml-js@0.0.8 fetched in 53ms
696 silly resolveWithNewModule yaml-js@0.0.8 checking installable status
697 http fetch GET 304 https://registry.npmjs.org/aws-sign2 97ms (from cache)
698 silly pacote range manifest for aws-sign2@~0.7.0 fetched in 101ms
699 silly resolveWithNewModule aws-sign2@0.7.0 checking installable status
700 http fetch GET 304 https://registry.npmjs.org/combined-stream 100ms (from cache)
701 http fetch GET 304 https://registry.npmjs.org/extend 100ms (from cache)
702 http fetch GET 304 https://registry.npmjs.org/aws4 103ms (from cache)
703 http fetch GET 304 https://registry.npmjs.org/forever-agent 101ms (from cache)
704 http fetch GET 304 https://registry.npmjs.org/form-data 102ms (from cache)
705 http fetch GET 304 https://registry.npmjs.org/caseless 106ms (from cache)
706 http fetch GET 304 https://registry.npmjs.org/http-signature 102ms (from cache)
707 http fetch GET 304 https://registry.npmjs.org/is-typedarray 103ms (from cache)
708 http fetch GET 304 https://registry.npmjs.org/har-validator 107ms (from cache)
709 silly pacote range manifest for combined-stream@~1.0.6 fetched in 112ms
710 silly resolveWithNewModule combined-stream@1.0.8 checking installable status
711 silly pacote range manifest for extend@~3.0.2 fetched in 114ms
712 silly resolveWithNewModule extend@3.0.2 checking installable status
713 silly pacote range manifest for aws4@^1.8.0 fetched in 116ms
714 silly resolveWithNewModule aws4@1.11.0 checking installable status
715 silly pacote range manifest for forever-agent@~0.6.1 fetched in 115ms
716 silly resolveWithNewModule forever-agent@0.6.1 checking installable status
717 silly pacote range manifest for form-data@~2.3.2 fetched in 119ms
718 silly resolveWithNewModule form-data@2.3.3 checking installable status
719 silly pacote range manifest for caseless@~0.12.0 fetched in 123ms
720 silly resolveWithNewModule caseless@0.12.0 checking installable status
721 silly pacote range manifest for http-signature@~1.2.0 fetched in 120ms
722 silly resolveWithNewModule http-signature@1.2.0 checking installable status
723 silly pacote range manifest for is-typedarray@~1.0.0 fetched in 126ms
724 silly resolveWithNewModule is-typedarray@1.0.0 checking installable status
725 silly pacote range manifest for har-validator@~5.1.3 fetched in 134ms
726 warn deprecated har-validator@5.1.5: this library is no longer supported
727 silly resolveWithNewModule har-validator@5.1.5 checking installable status
728 http fetch GET 304 https://registry.npmjs.org/isstream 136ms (from cache)
729 silly pacote range manifest for isstream@~0.1.2 fetched in 140ms
730 silly resolveWithNewModule isstream@0.1.2 checking installable status
731 http fetch GET 304 https://registry.npmjs.org/mime-types 123ms (from cache)
732 http fetch GET 304 https://registry.npmjs.org/performance-now 124ms (from cache)
733 http fetch GET 304 https://registry.npmjs.org/tough-cookie 114ms (from cache)
734 http fetch GET 304 https://registry.npmjs.org/oauth-sign 125ms (from cache)
735 http fetch GET 304 https://registry.npmjs.org/uuid 114ms (from cache)
736 http fetch GET 304 https://registry.npmjs.org/qs 123ms (from cache)
737 silly pacote range manifest for mime-types@~2.1.19 fetched in 137ms
738 silly resolveWithNewModule mime-types@2.1.27 checking installable status
739 silly pacote range manifest for performance-now@^2.1.0 fetched in 137ms
740 silly resolveWithNewModule performance-now@2.1.0 checking installable status
741 silly pacote range manifest for uuid@^3.3.2 fetched in 127ms
742 silly resolveWithNewModule uuid@3.4.0 checking installable status
743 silly pacote range manifest for tough-cookie@~2.5.0 fetched in 129ms
744 silly resolveWithNewModule tough-cookie@2.5.0 checking installable status
745 silly pacote range manifest for oauth-sign@~0.9.0 fetched in 139ms
746 silly resolveWithNewModule oauth-sign@0.9.0 checking installable status
747 http fetch GET 304 https://registry.npmjs.org/json-stringify-safe 141ms (from cache)
748 silly pacote range manifest for qs@~6.5.2 fetched in 131ms
749 silly resolveWithNewModule qs@6.5.2 checking installable status
750 silly pacote range manifest for json-stringify-safe@~5.0.1 fetched in 143ms
751 silly resolveWithNewModule json-stringify-safe@5.0.1 checking installable status
752 http fetch GET 304 https://registry.npmjs.org/delayed-stream 22ms (from cache)
753 silly pacote range manifest for delayed-stream@~1.0.0 fetched in 24ms
754 silly resolveWithNewModule delayed-stream@1.0.0 checking installable status
755 http fetch GET 304 https://registry.npmjs.org/asynckit 21ms (from cache)
756 silly pacote range manifest for asynckit@^0.4.0 fetched in 24ms
757 silly resolveWithNewModule asynckit@0.4.0 checking installable status
758 http fetch GET 304 https://registry.npmjs.org/mime-db 27ms (from cache)
759 silly pacote version manifest for mime-db@1.44.0 fetched in 29ms
760 silly resolveWithNewModule mime-db@1.44.0 checking installable status
761 http fetch GET 304 https://registry.npmjs.org/har-schema 27ms (from cache)
762 http fetch GET 304 https://registry.npmjs.org/ajv 31ms (from cache)
763 silly pacote range manifest for har-schema@^2.0.0 fetched in 40ms
764 silly resolveWithNewModule har-schema@2.0.0 checking installable status
765 silly pacote range manifest for ajv@^6.12.3 fetched in 41ms
766 silly resolveWithNewModule ajv@6.12.6 checking installable status
767 http fetch GET 304 https://registry.npmjs.org/json-schema-traverse 42ms (from cache)
768 http fetch GET 304 https://registry.npmjs.org/fast-deep-equal 44ms (from cache)
769 http fetch GET 304 https://registry.npmjs.org/fast-json-stable-stringify 44ms (from cache)
770 http fetch GET 304 https://registry.npmjs.org/uri-js 44ms (from cache)
771 silly pacote range manifest for json-schema-traverse@^0.4.1 fetched in 46ms
772 silly resolveWithNewModule json-schema-traverse@0.4.1 checking installable status
773 silly pacote range manifest for fast-deep-equal@^3.1.1 fetched in 48ms
774 silly resolveWithNewModule fast-deep-equal@3.1.3 checking installable status
775 silly pacote range manifest for fast-json-stable-stringify@^2.0.0 fetched in 49ms
776 silly resolveWithNewModule fast-json-stable-stringify@2.1.0 checking installable status
777 silly pacote range manifest for uri-js@^4.2.2 fetched in 49ms
778 silly resolveWithNewModule uri-js@4.4.0 checking installable status
779 http fetch GET 304 https://registry.npmjs.org/punycode 23ms (from cache)
780 silly pacote range manifest for punycode@^2.1.0 fetched in 24ms
781 silly resolveWithNewModule punycode@2.1.1 checking installable status
782 http fetch GET 304 https://registry.npmjs.org/assert-plus 45ms (from cache)
783 http fetch GET 304 https://registry.npmjs.org/jsprim 46ms (from cache)
784 http fetch GET 304 https://registry.npmjs.org/sshpk 47ms (from cache)
785 silly pacote range manifest for assert-plus@^1.0.0 fetched in 50ms
786 silly resolveWithNewModule assert-plus@1.0.0 checking installable status
787 silly pacote range manifest for jsprim@^1.2.2 fetched in 50ms
788 silly resolveWithNewModule jsprim@1.4.1 checking installable status
789 silly pacote range manifest for sshpk@^1.7.0 fetched in 51ms
790 silly resolveWithNewModule sshpk@1.16.1 checking installable status
791 http fetch GET 304 https://registry.npmjs.org/extsprintf 47ms (from cache)
792 silly pacote version manifest for extsprintf@1.3.0 fetched in 51ms
793 silly resolveWithNewModule extsprintf@1.3.0 checking installable status
794 http fetch GET 304 https://registry.npmjs.org/json-schema 53ms (from cache)
795 http fetch GET 304 https://registry.npmjs.org/verror 53ms (from cache)
796 silly pacote version manifest for json-schema@0.2.3 fetched in 55ms
797 silly resolveWithNewModule json-schema@0.2.3 checking installable status
798 silly pacote version manifest for verror@1.10.0 fetched in 55ms
799 silly resolveWithNewModule verror@1.10.0 checking installable status
800 http fetch GET 304 https://registry.npmjs.org/asn1 51ms (from cache)
801 silly pacote range manifest for asn1@~0.2.3 fetched in 57ms
802 silly resolveWithNewModule asn1@0.2.4 checking installable status
803 http fetch GET 304 https://registry.npmjs.org/getpass 61ms (from cache)
804 http fetch GET 304 https://registry.npmjs.org/jsbn 61ms (from cache)
805 http fetch GET 304 https://registry.npmjs.org/tweetnacl 62ms (from cache)
806 http fetch GET 304 https://registry.npmjs.org/dashdash 64ms (from cache)
807 http fetch GET 304 https://registry.npmjs.org/ecc-jsbn 64ms (from cache)
808 silly pacote range manifest for getpass@^0.1.1 fetched in 67ms
809 silly resolveWithNewModule getpass@0.1.7 checking installable status
810 silly pacote range manifest for jsbn@~0.1.0 fetched in 67ms
811 silly resolveWithNewModule jsbn@0.1.1 checking installable status
812 http fetch GET 304 https://registry.npmjs.org/bcrypt-pbkdf 66ms (from cache)
813 silly pacote range manifest for dashdash@^1.12.0 fetched in 70ms
814 silly resolveWithNewModule dashdash@1.14.1 checking installable status
815 silly pacote range manifest for tweetnacl@~0.14.0 fetched in 75ms
816 silly resolveWithNewModule tweetnacl@0.14.5 checking installable status
817 silly pacote range manifest for ecc-jsbn@~0.1.1 fetched in 76ms
818 silly resolveWithNewModule ecc-jsbn@0.1.2 checking installable status
819 silly pacote range manifest for bcrypt-pbkdf@^1.0.0 fetched in 78ms
820 silly resolveWithNewModule bcrypt-pbkdf@1.0.2 checking installable status
821 http fetch GET 304 https://registry.npmjs.org/psl 23ms (from cache)
822 silly pacote range manifest for psl@^1.1.28 fetched in 26ms
823 silly resolveWithNewModule psl@1.8.0 checking installable status
824 http fetch GET 200 https://registry.npmjs.org/os-homedir 17ms
825 http fetch GET 200 https://registry.npmjs.org/os-homedir/-/os-homedir-1.0.2.tgz 17ms
826 silly pacote range manifest for os-homedir@^1.0.0 fetched in 37ms
827 silly resolveWithNewModule os-homedir@1.0.2 checking installable status
828 http fetch GET 304 https://registry.npmjs.org/builtins 23ms (from cache)
829 silly pacote range manifest for builtins@^1.0.3 fetched in 24ms
830 silly resolveWithNewModule builtins@1.0.3 checking installable status
831 timing stage:loadIdealTree:loadAllDepsIntoIdealTree Completed in 6898ms
832 timing stage:loadIdealTree Completed in 7066ms
833 silly currentTree lib
834 silly idealTree lib
834 silly idealTree  vue-cli@2.9.6
834 silly idealTree    absolute@0.0.1
834 silly idealTree    ajv@6.12.6
834 silly idealTree    ansi-escapes@3.2.0
834 silly idealTree    ansi-red@0.1.1
834 silly idealTree    ansi-regex@3.0.0
834 silly idealTree    ansi-styles@3.2.1
834 silly idealTree    ansi-wrap@0.1.0
834 silly idealTree    argparse@1.0.10
834 silly idealTree    array-differ@1.0.0
834 silly idealTree    array-union@1.0.2
834 silly idealTree    array-uniq@1.0.3
834 silly idealTree    arrify@1.0.1
834 silly idealTree    asn1@0.2.4
834 silly idealTree    assert-plus@1.0.0
834 silly idealTree    async@2.6.3
834 silly idealTree    asynckit@0.4.0
834 silly idealTree    aws-sign2@0.7.0
834 silly idealTree    aws4@1.11.0
834 silly idealTree    balanced-match@1.0.0
834 silly idealTree    base64-js@1.5.1
834 silly idealTree    bcrypt-pbkdf@1.0.2
834 silly idealTree    bl@1.2.3
834 silly idealTree    bluebird@3.7.2
834 silly idealTree    brace-expansion@1.1.11
834 silly idealTree    buffer-alloc-unsafe@1.1.0
834 silly idealTree    buffer-alloc@1.2.0
834 silly idealTree    buffer-crc32@0.2.13
834 silly idealTree    buffer-fill@1.0.0
834 silly idealTree    buffer@5.7.1
834 silly idealTree    builtins@1.0.3
834 silly idealTree    capture-stack-trace@1.0.1
834 silly idealTree    caseless@0.12.0
834 silly idealTree    caw@2.0.1
834 silly idealTree    chalk@2.4.2
834 silly idealTree    chardet@0.7.0
834 silly idealTree    cli-cursor@2.1.0
834 silly idealTree    cli-spinners@1.3.1
834 silly idealTree    cli-width@2.2.1
834 silly idealTree    clone@1.0.4
834 silly idealTree    co-from-stream@0.0.0
834 silly idealTree    co-fs-extra@1.2.1
834 silly idealTree    co-read@0.0.1
834 silly idealTree    co@3.1.0
834 silly idealTree    coffee-script@1.12.7
834 silly idealTree    color-convert@1.9.3
834 silly idealTree    color-name@1.1.3
834 silly idealTree    combined-stream@1.0.8
834 silly idealTree    commander@2.20.3
834 silly idealTree    concat-map@0.0.1
834 silly idealTree    config-chain@1.1.12
834 silly idealTree    consolidate@0.14.5
834 silly idealTree    core-util-is@1.0.2
834 silly idealTree    create-error-class@3.0.2
834 silly idealTree    dashdash@1.14.1
834 silly idealTree    decompress-tar@4.1.1
834 silly idealTree    decompress-tarbz2@4.1.1
834 silly idealTree     file-type@6.2.0
834 silly idealTree    decompress-targz@4.1.1
834 silly idealTree    decompress-unzip@4.0.1
834 silly idealTree     file-type@3.9.0
834 silly idealTree     get-stream@2.3.1
834 silly idealTree    decompress@4.2.1
834 silly idealTree    delayed-stream@1.0.0
834 silly idealTree    download-git-repo@1.1.0
834 silly idealTree    download@5.0.3
834 silly idealTree    duplexer3@0.1.4
834 silly idealTree    ecc-jsbn@0.1.2
834 silly idealTree    enable@1.3.2
834 silly idealTree    end-of-stream@1.4.4
834 silly idealTree    escape-string-regexp@1.0.5
834 silly idealTree    esprima@4.0.1
834 silly idealTree    extend-shallow@2.0.1
834 silly idealTree    extend@3.0.2
834 silly idealTree    external-editor@3.1.0
834 silly idealTree    extsprintf@1.3.0
834 silly idealTree    fast-deep-equal@3.1.3
834 silly idealTree    fast-json-stable-stringify@2.1.0
834 silly idealTree    fd-slicer@1.1.0
834 silly idealTree    figures@2.0.0
834 silly idealTree    file-type@5.2.0
834 silly idealTree    filename-reserved-regex@2.0.0
834 silly idealTree    filenamify@2.1.0
834 silly idealTree    forever-agent@0.6.1
834 silly idealTree    form-data@2.3.3
834 silly idealTree    fs-constants@1.0.0
834 silly idealTree    fs-extra@0.26.7
834 silly idealTree    fs.realpath@1.0.0
834 silly idealTree    get-proxy@2.1.0
834 silly idealTree    get-stream@3.0.0
834 silly idealTree    getpass@0.1.7
834 silly idealTree    git-clone@0.1.0
834 silly idealTree    glob@7.1.6
834 silly idealTree    got@6.7.1
834 silly idealTree    graceful-fs@4.2.4
834 silly idealTree    gray-matter@2.1.1
834 silly idealTree    handlebars@4.7.6
834 silly idealTree    har-schema@2.0.0
834 silly idealTree    har-validator@5.1.5
834 silly idealTree    has-ansi@2.0.0
834 silly idealTree     ansi-regex@2.1.1
834 silly idealTree    has-flag@3.0.0
834 silly idealTree    has-generators@1.0.1
834 silly idealTree    has-symbol-support-x@1.4.2
834 silly idealTree    has-to-string-tag-x@1.4.1
834 silly idealTree    http-signature@1.2.0
834 silly idealTree    iconv-lite@0.4.24
834 silly idealTree    ieee754@1.2.1
834 silly idealTree    inflight@1.0.6
834 silly idealTree    inherits@2.0.4
834 silly idealTree    ini@1.3.5
834 silly idealTree    inquirer@6.5.2
834 silly idealTree    is-extendable@0.1.1
834 silly idealTree    is-fullwidth-code-point@2.0.0
834 silly idealTree    is-natural-number@4.0.1
834 silly idealTree    is-object@1.0.1
834 silly idealTree    is-redirect@1.0.0
834 silly idealTree    is-retry-allowed@1.2.0
834 silly idealTree    is-stream@1.1.0
834 silly idealTree    is-typedarray@1.0.0
834 silly idealTree    is-utf8@0.2.1
834 silly idealTree    is@3.3.0
834 silly idealTree    isarray@1.0.0
834 silly idealTree    isstream@0.1.2
834 silly idealTree    isurl@1.0.0
834 silly idealTree    js-yaml@3.14.0
834 silly idealTree    jsbn@0.1.1
834 silly idealTree    json-schema-traverse@0.4.1
834 silly idealTree    json-schema@0.2.3
834 silly idealTree    json-stringify-safe@5.0.1
834 silly idealTree    jsonfile@2.4.0
834 silly idealTree    jsprim@1.4.1
834 silly idealTree    klaw@1.3.1
834 silly idealTree    lodash@4.17.20
834 silly idealTree    log-symbols@2.2.0
834 silly idealTree    lowercase-keys@1.0.1
834 silly idealTree    make-dir@1.3.0
834 silly idealTree     pify@3.0.0
834 silly idealTree    metalsmith@2.3.0
834 silly idealTree     ansi-regex@2.1.1
834 silly idealTree     ansi-styles@2.2.1
834 silly idealTree     chalk@1.1.3
834 silly idealTree     strip-ansi@3.0.1
834 silly idealTree     supports-color@2.0.0
834 silly idealTree    mime-db@1.44.0
834 silly idealTree    mime-types@2.1.27
834 silly idealTree    mimic-fn@1.2.0
834 silly idealTree    minimatch@3.0.4
834 silly idealTree    minimist@1.2.5
834 silly idealTree    mkdirp@0.5.5
834 silly idealTree    multimatch@2.1.0
834 silly idealTree    mute-stream@0.0.7
834 silly idealTree    neo-async@2.6.2
834 silly idealTree    npm-conf@1.1.3
834 silly idealTree     pify@3.0.0
834 silly idealTree    oauth-sign@0.9.0
834 silly idealTree    object-assign@4.1.1
834 silly idealTree    once@1.4.0
834 silly idealTree    onetime@2.0.1
834 silly idealTree    ora@1.4.0
834 silly idealTree    os-homedir@1.0.2
834 silly idealTree    os-tmpdir@1.0.2
834 silly idealTree    path-is-absolute@1.0.1
834 silly idealTree    pend@1.2.0
834 silly idealTree    performance-now@2.1.0
834 silly idealTree    pify@2.3.0
834 silly idealTree    pinkie-promise@2.0.1
834 silly idealTree    pinkie@2.0.4
834 silly idealTree    prepend-http@1.0.4
834 silly idealTree    process-nextick-args@2.0.1
834 silly idealTree    proto-list@1.2.4
834 silly idealTree    psl@1.8.0
834 silly idealTree    punycode@2.1.1
834 silly idealTree    qs@6.5.2
834 silly idealTree    read-metadata@1.0.0
834 silly idealTree    readable-stream@2.3.7
834 silly idealTree     safe-buffer@5.1.2
834 silly idealTree    recursive-readdir@2.2.2
834 silly idealTree    request@2.88.2
834 silly idealTree    restore-cursor@2.0.0
834 silly idealTree    rimraf@2.7.1
834 silly idealTree    run-async@2.4.1
834 silly idealTree    rxjs@6.6.3
834 silly idealTree    safe-buffer@5.2.1
834 silly idealTree    safer-buffer@2.1.2
834 silly idealTree    seek-bzip@1.0.6
834 silly idealTree    semver@5.7.1
834 silly idealTree    signal-exit@3.0.3
834 silly idealTree    source-map@0.6.1
834 silly idealTree    sprintf-js@1.0.3
834 silly idealTree    sshpk@1.16.1
834 silly idealTree    stat-mode@0.2.2
834 silly idealTree    string_decoder@1.1.1
834 silly idealTree     safe-buffer@5.1.2
834 silly idealTree    string-width@2.1.1
834 silly idealTree     strip-ansi@4.0.0
834 silly idealTree    strip-ansi@5.2.0
834 silly idealTree     ansi-regex@4.1.0
834 silly idealTree    strip-dirs@2.1.0
834 silly idealTree    strip-outer@1.0.1
834 silly idealTree    supports-color@5.5.0
834 silly idealTree    tar-stream@1.6.2
834 silly idealTree    through@2.3.8
834 silly idealTree    thunkify-wrap@1.0.4
834 silly idealTree    thunkify@2.1.2
834 silly idealTree    tildify@1.2.0
834 silly idealTree    timed-out@4.0.1
834 silly idealTree    tmp@0.0.33
834 silly idealTree    to-buffer@1.1.1
834 silly idealTree    toml@2.3.6
834 silly idealTree    tough-cookie@2.5.0
834 silly idealTree    trim-repeated@1.0.0
834 silly idealTree    tslib@1.14.1
834 silly idealTree    tunnel-agent@0.6.0
834 silly idealTree    tweetnacl@0.14.5
834 silly idealTree    uglify-js@3.12.0
834 silly idealTree    uid@0.0.2
834 silly idealTree    unbzip2-stream@1.4.3
834 silly idealTree    unyield@0.0.1
834 silly idealTree    unzip-response@2.0.1
834 silly idealTree    uri-js@4.4.0
834 silly idealTree    url-parse-lax@1.0.0
834 silly idealTree    url-to-options@1.0.1
834 silly idealTree    user-home@2.0.0
834 silly idealTree    util-deprecate@1.0.2
834 silly idealTree    uuid@3.4.0
834 silly idealTree    validate-npm-package-name@3.0.0
834 silly idealTree    verror@1.10.0
834 silly idealTree    ware@1.3.0
834 silly idealTree    win-fork@1.1.1
834 silly idealTree    wordwrap@1.0.0
834 silly idealTree    wrap-fn@0.1.5
834 silly idealTree    wrappy@1.0.2
834 silly idealTree    xtend@4.0.2
834 silly idealTree    yaml-js@0.0.8
834 silly idealTree    yauzl@2.10.0
835 silly install generateActionsToTake
836 warn checkPermissions Missing write access to /usr/lib/node_modules
837 timing stage:rollbackFailedOptional Completed in 17ms
838 timing stage:runTopLevelLifecycles Completed in 7921ms
839 verbose stack Error: EACCES: permission denied, access '/usr/lib/node_modules'
840 verbose cwd /home/smarthome/smarthome
841 verbose Linux 5.4.0-53-generic
842 verbose argv "/usr/bin/node" "/usr/bin/npm" "install" "-g" "vue-cli"
843 verbose node v14.15.1
844 verbose npm  v6.14.8
845 error code EACCES
846 error syscall access
847 error path /usr/lib/node_modules
848 error errno -13
849 error Error: EACCES: permission denied, access '/usr/lib/node_modules'
849 error  [Error: EACCES: permission denied, access '/usr/lib/node_modules'] {
849 error   errno: -13,
849 error   code: 'EACCES',
849 error   syscall: 'access',
849 error   path: '/usr/lib/node_modules'
849 error }
850 error The operation was rejected by your operating system.
850 error It is likely you do not have the permissions to access this file as the current user
850 error
850 error If you believe this might be a permissions issue, please double-check the
850 error permissions of the file and its containing directories, or try running
850 error the command again as root/Administrator.
851 verbose exit [ -13, true ]
