[2020-11-21 01:52:11.509] [exthost] [info] extension host started
[2020-11-21 01:52:11.832] [exthost] [info] ExtensionService#_doActivateExtension ms-toolsai.jupyter {"startup":false,"extensionId":{"value":"ms-toolsai.jupyter","_lower":"ms-toolsai.jupyter"},"activationEvent":"onLanguage:python"}
[2020-11-21 01:52:11.840] [exthost] [info] ExtensionService#loadCommonJSModule file:///home/smarthome/.vscode-server/extensions/ms-toolsai.jupyter-2020.11.372831992/out/client/extension
[2020-11-21 01:52:13.021] [exthost] [info] ExtensionService#_doActivateExtension vscode.debug-auto-launch {"startup":true,"extensionId":{"value":"vscode.debug-auto-launch","_lower":"vscode.debug-auto-launch"},"activationEvent":"*"}
[2020-11-21 01:52:13.025] [exthost] [info] ExtensionService#loadCommonJSModule file:///home/smarthome/.vscode-server/bin/e5a624b788d92b8d34d1392e4c4d9789406efe8f/extensions/debug-auto-launch/dist/extension
[2020-11-21 01:52:13.041] [exthost] [info] ExtensionService#_doActivateExtension vscode.emmet {"startup":true,"extensionId":{"value":"vscode.emmet","_lower":"vscode.emmet"},"activationEvent":"*"}
[2020-11-21 01:52:13.042] [exthost] [info] ExtensionService#loadCommonJSModule file:///home/smarthome/.vscode-server/bin/e5a624b788d92b8d34d1392e4c4d9789406efe8f/extensions/emmet/dist/node/emmetNodeMain
[2020-11-21 01:52:13.145] [exthost] [info] ExtensionService#_doActivateExtension vscode.git {"startup":true,"extensionId":{"value":"vscode.github","_lower":"vscode.github"},"activationEvent":"*"}
[2020-11-21 01:52:13.146] [exthost] [info] ExtensionService#loadCommonJSModule file:///home/smarthome/.vscode-server/bin/e5a624b788d92b8d34d1392e4c4d9789406efe8f/extensions/git/dist/main
[2020-11-21 01:52:13.333] [exthost] [info] ExtensionService#_doActivateExtension vscode.merge-conflict {"startup":true,"extensionId":{"value":"vscode.merge-conflict","_lower":"vscode.merge-conflict"},"activationEvent":"*"}
[2020-11-21 01:52:13.336] [exthost] [info] ExtensionService#loadCommonJSModule file:///home/smarthome/.vscode-server/bin/e5a624b788d92b8d34d1392e4c4d9789406efe8f/extensions/merge-conflict/dist/mergeConflictMain
[2020-11-21 01:52:13.346] [exthost] [info] ExtensionService#_doActivateExtension vscode.search-result {"startup":true,"extensionId":{"value":"vscode.search-result","_lower":"vscode.search-result"},"activationEvent":"*"}
[2020-11-21 01:52:13.350] [exthost] [info] ExtensionService#loadCommonJSModule file:///home/smarthome/.vscode-server/bin/e5a624b788d92b8d34d1392e4c4d9789406efe8f/extensions/search-result/dist/extension.js
[2020-11-21 01:52:13.726] [exthost] [info] ExtensionService#_doActivateExtension vscode.github {"startup":true,"extensionId":{"value":"vscode.github","_lower":"vscode.github"},"activationEvent":"*"}
[2020-11-21 01:52:13.732] [exthost] [info] ExtensionService#loadCommonJSModule file:///home/smarthome/.vscode-server/bin/e5a624b788d92b8d34d1392e4c4d9789406efe8f/extensions/github/dist/extension.js
[2020-11-21 01:52:13.965] [exthost] [info] ExtensionService#_doActivateExtension ms-vscode.js-debug {"startup":false,"extensionId":{"value":"ms-vscode.js-debug","_lower":"ms-vscode.js-debug"},"activationEvent":"onCommand:extension.js-debug.clearAutoAttachVariables"}
[2020-11-21 01:52:13.970] [exthost] [info] ExtensionService#loadCommonJSModule file:///home/smarthome/.vscode-server/bin/e5a624b788d92b8d34d1392e4c4d9789406efe8f/extensions/ms-vscode.js-debug/src/extension.js
[2020-11-21 01:52:18.104] [exthost] [info] ExtensionService#_doActivateExtension ms-python.python {"startup":false,"extensionId":{"value":"ms-python.python","_lower":"ms-python.python"},"activationEvent":"onLanguage:python"}
[2020-11-21 01:52:18.108] [exthost] [info] ExtensionService#loadCommonJSModule file:///home/smarthome/.vscode-server/extensions/ms-python.python-2020.11.371526539/out/client/extension
[2020-11-21 01:52:19.359] [exthost] [info] eager extensions activated
[2020-11-21 01:52:36.135] [exthost] [warning] [Decorations] CAPPING events from decorations provider vscode.git 5000
