[2020-12-29 20:00:10.776] [exthost] [info] extension host started
[2020-12-29 20:00:11.056] [exthost] [info] ExtensionService#_doActivateExtension ms-toolsai.jupyter {"startup":false,"extensionId":{"value":"ms-toolsai.jupyter","_lower":"ms-toolsai.jupyter"},"activationEvent":"onLanguage:python"}
[2020-12-29 20:00:11.057] [exthost] [info] ExtensionService#loadCommonJSModule file:///home/smarthome/.vscode-server/extensions/ms-toolsai.jupyter-2020.12.414227025/out/client/extension
[2020-12-29 20:00:11.814] [exthost] [info] ExtensionService#_doActivateExtension vscode.debug-auto-launch {"startup":true,"extensionId":{"value":"vscode.debug-auto-launch","_lower":"vscode.debug-auto-launch"},"activationEvent":"*"}
[2020-12-29 20:00:11.818] [exthost] [info] ExtensionService#loadCommonJSModule file:///home/smarthome/.vscode-server/bin/ea3859d4ba2f3e577a159bc91e3074c5d85c0523/extensions/debug-auto-launch/dist/extension
[2020-12-29 20:00:11.824] [exthost] [info] ExtensionService#_doActivateExtension vscode.emmet {"startup":true,"extensionId":{"value":"vscode.emmet","_lower":"vscode.emmet"},"activationEvent":"*"}
[2020-12-29 20:00:11.826] [exthost] [info] ExtensionService#loadCommonJSModule file:///home/smarthome/.vscode-server/bin/ea3859d4ba2f3e577a159bc91e3074c5d85c0523/extensions/emmet/dist/node/emmetNodeMain
[2020-12-29 20:00:11.908] [exthost] [info] ExtensionService#_doActivateExtension vscode.git {"startup":true,"extensionId":{"value":"vscode.github","_lower":"vscode.github"},"activationEvent":"*"}
[2020-12-29 20:00:11.910] [exthost] [info] ExtensionService#loadCommonJSModule file:///home/smarthome/.vscode-server/bin/ea3859d4ba2f3e577a159bc91e3074c5d85c0523/extensions/git/dist/main
[2020-12-29 20:00:12.086] [exthost] [info] ExtensionService#_doActivateExtension vscode.merge-conflict {"startup":true,"extensionId":{"value":"vscode.merge-conflict","_lower":"vscode.merge-conflict"},"activationEvent":"*"}
[2020-12-29 20:00:12.086] [exthost] [info] ExtensionService#loadCommonJSModule file:///home/smarthome/.vscode-server/bin/ea3859d4ba2f3e577a159bc91e3074c5d85c0523/extensions/merge-conflict/dist/mergeConflictMain
[2020-12-29 20:00:12.112] [exthost] [info] ExtensionService#_doActivateExtension vscode.search-result {"startup":true,"extensionId":{"value":"vscode.search-result","_lower":"vscode.search-result"},"activationEvent":"*"}
[2020-12-29 20:00:12.112] [exthost] [info] ExtensionService#loadCommonJSModule file:///home/smarthome/.vscode-server/bin/ea3859d4ba2f3e577a159bc91e3074c5d85c0523/extensions/search-result/dist/extension.js
[2020-12-29 20:00:12.327] [exthost] [info] ExtensionService#_doActivateExtension vscode.github {"startup":true,"extensionId":{"value":"vscode.github","_lower":"vscode.github"},"activationEvent":"*"}
[2020-12-29 20:00:12.327] [exthost] [info] ExtensionService#loadCommonJSModule file:///home/smarthome/.vscode-server/bin/ea3859d4ba2f3e577a159bc91e3074c5d85c0523/extensions/github/dist/extension.js
[2020-12-29 20:00:12.565] [exthost] [info] eager extensions activated
[2020-12-29 20:00:12.582] [exthost] [info] ExtensionService#_doActivateExtension ms-vscode.js-debug {"startup":false,"extensionId":{"value":"ms-vscode.js-debug","_lower":"ms-vscode.js-debug"},"activationEvent":"onCommand:extension.js-debug.clearAutoAttachVariables"}
[2020-12-29 20:00:12.591] [exthost] [info] ExtensionService#loadCommonJSModule file:///home/smarthome/.vscode-server/bin/ea3859d4ba2f3e577a159bc91e3074c5d85c0523/extensions/ms-vscode.js-debug/src/extension.js
[2020-12-29 20:00:14.979] [exthost] [info] ExtensionService#_doActivateExtension ms-python.python {"startup":false,"extensionId":{"value":"ms-python.python","_lower":"ms-python.python"},"activationEvent":"onLanguage:python"}
[2020-12-29 20:00:14.980] [exthost] [info] ExtensionService#loadCommonJSModule file:///home/smarthome/.vscode-server/extensions/ms-python.python-2020.12.424452561/out/client/extension
