[2020-12-27 17:29:11.381] [exthost] [info] extension host started
[2020-12-27 17:29:11.653] [exthost] [info] ExtensionService#_doActivateExtension vscode.debug-auto-launch {"startup":true,"extensionId":{"value":"vscode.debug-auto-launch","_lower":"vscode.debug-auto-launch"},"activationEvent":"*"}
[2020-12-27 17:29:11.654] [exthost] [info] ExtensionService#loadCommonJSModule file:///home/smarthome/.vscode-server/bin/ea3859d4ba2f3e577a159bc91e3074c5d85c0523/extensions/debug-auto-launch/dist/extension
[2020-12-27 17:29:11.662] [exthost] [info] ExtensionService#_doActivateExtension vscode.emmet {"startup":true,"extensionId":{"value":"vscode.emmet","_lower":"vscode.emmet"},"activationEvent":"*"}
[2020-12-27 17:29:11.662] [exthost] [info] ExtensionService#loadCommonJSModule file:///home/smarthome/.vscode-server/bin/ea3859d4ba2f3e577a159bc91e3074c5d85c0523/extensions/emmet/dist/node/emmetNodeMain
[2020-12-27 17:29:11.705] [exthost] [info] ExtensionService#_doActivateExtension vscode.git {"startup":true,"extensionId":{"value":"vscode.github","_lower":"vscode.github"},"activationEvent":"*"}
[2020-12-27 17:29:11.706] [exthost] [info] ExtensionService#loadCommonJSModule file:///home/smarthome/.vscode-server/bin/ea3859d4ba2f3e577a159bc91e3074c5d85c0523/extensions/git/dist/main
[2020-12-27 17:29:11.776] [exthost] [info] ExtensionService#_doActivateExtension vscode.merge-conflict {"startup":true,"extensionId":{"value":"vscode.merge-conflict","_lower":"vscode.merge-conflict"},"activationEvent":"*"}
[2020-12-27 17:29:11.777] [exthost] [info] ExtensionService#loadCommonJSModule file:///home/smarthome/.vscode-server/bin/ea3859d4ba2f3e577a159bc91e3074c5d85c0523/extensions/merge-conflict/dist/mergeConflictMain
[2020-12-27 17:29:11.782] [exthost] [info] ExtensionService#_doActivateExtension vscode.search-result {"startup":true,"extensionId":{"value":"vscode.search-result","_lower":"vscode.search-result"},"activationEvent":"*"}
[2020-12-27 17:29:11.782] [exthost] [info] ExtensionService#loadCommonJSModule file:///home/smarthome/.vscode-server/bin/ea3859d4ba2f3e577a159bc91e3074c5d85c0523/extensions/search-result/dist/extension.js
[2020-12-27 17:29:12.052] [exthost] [info] ExtensionService#_doActivateExtension vscode.github {"startup":true,"extensionId":{"value":"vscode.github","_lower":"vscode.github"},"activationEvent":"*"}
[2020-12-27 17:29:12.052] [exthost] [info] ExtensionService#loadCommonJSModule file:///home/smarthome/.vscode-server/bin/ea3859d4ba2f3e577a159bc91e3074c5d85c0523/extensions/github/dist/extension.js
[2020-12-27 17:29:12.303] [exthost] [info] eager extensions activated
[2020-12-27 17:29:12.365] [exthost] [info] ExtensionService#_doActivateExtension ms-vscode.js-debug {"startup":false,"extensionId":{"value":"ms-vscode.js-debug","_lower":"ms-vscode.js-debug"},"activationEvent":"onCommand:extension.js-debug.clearAutoAttachVariables"}
[2020-12-27 17:29:12.365] [exthost] [info] ExtensionService#loadCommonJSModule file:///home/smarthome/.vscode-server/bin/ea3859d4ba2f3e577a159bc91e3074c5d85c0523/extensions/ms-vscode.js-debug/src/extension.js
[2020-12-27 17:29:12.801] [exthost] [warning] [Decorations] CAPPING events from decorations provider vscode.git 1486
[2020-12-27 17:29:51.674] [exthost] [info] ExtensionService#_doActivateExtension ms-toolsai.jupyter {"startup":false,"extensionId":{"value":"ms-toolsai.jupyter","_lower":"ms-toolsai.jupyter"},"activationEvent":"onLanguage:python"}
[2020-12-27 17:29:51.674] [exthost] [info] ExtensionService#loadCommonJSModule file:///home/smarthome/.vscode-server/extensions/ms-toolsai.jupyter-2020.12.414227025/out/client/extension
[2020-12-27 17:29:55.426] [exthost] [info] ExtensionService#_doActivateExtension ms-python.python {"startup":false,"extensionId":{"value":"ms-python.python","_lower":"ms-python.python"},"activationEvent":"onLanguage:python"}
[2020-12-27 17:29:55.428] [exthost] [info] ExtensionService#loadCommonJSModule file:///home/smarthome/.vscode-server/extensions/ms-python.python-2020.12.424452561/out/client/extension
[2020-12-27 17:31:13.397] [exthost] [warning] [Decorations] CAPPING events from decorations provider vscode.git 1497
[2020-12-27 17:31:19.123] [exthost] [warning] [Decorations] CAPPING events from decorations provider vscode.git 1497
[2020-12-27 17:32:04.307] [exthost] [warning] [Decorations] CAPPING events from decorations provider vscode.git 1497
[2020-12-27 17:32:09.756] [exthost] [warning] [Decorations] CAPPING events from decorations provider vscode.git 1497
[2020-12-27 17:32:15.165] [exthost] [warning] [Decorations] CAPPING events from decorations provider vscode.git 1497
[2020-12-27 17:32:20.864] [exthost] [warning] [Decorations] CAPPING events from decorations provider vscode.git 1497
[2020-12-27 17:32:40.872] [exthost] [warning] [Decorations] CAPPING events from decorations provider vscode.git 1497
[2020-12-27 17:33:10.684] [exthost] [warning] [Decorations] CAPPING events from decorations provider vscode.git 1497
[2020-12-27 17:33:16.210] [exthost] [warning] [Decorations] CAPPING events from decorations provider vscode.git 1497
[2020-12-27 17:33:31.922] [exthost] [warning] [Decorations] CAPPING events from decorations provider vscode.git 1497
[2020-12-27 17:33:37.402] [exthost] [warning] [Decorations] CAPPING events from decorations provider vscode.git 1497
[2020-12-27 17:33:42.825] [exthost] [warning] [Decorations] CAPPING events from decorations provider vscode.git 1497
[2020-12-27 17:35:02.518] [exthost] [warning] [Decorations] CAPPING events from decorations provider vscode.git 1501
[2020-12-27 17:37:43.680] [exthost] [warning] [Decorations] CAPPING events from decorations provider vscode.git 1501
[2020-12-27 17:37:50.842] [exthost] [warning] [Decorations] CAPPING events from decorations provider vscode.git 1501
[2020-12-27 17:38:10.799] [exthost] [warning] [Decorations] CAPPING events from decorations provider vscode.git 1501
[2020-12-27 17:39:01.304] [exthost] [warning] [Decorations] CAPPING events from decorations provider vscode.git 1501
[2020-12-27 17:39:07.051] [exthost] [warning] [Decorations] CAPPING events from decorations provider vscode.git 1503
[2020-12-27 17:39:47.513] [exthost] [warning] [Decorations] CAPPING events from decorations provider vscode.git 1504
[2020-12-27 17:39:53.319] [exthost] [warning] [Decorations] CAPPING events from decorations provider vscode.git 1504
[2020-12-27 17:39:58.782] [exthost] [warning] [Decorations] CAPPING events from decorations provider vscode.git 1504
[2020-12-27 17:40:27.101] [exthost] [warning] [Decorations] CAPPING events from decorations provider vscode.git 1504
[2020-12-27 17:40:32.506] [exthost] [warning] [Decorations] CAPPING events from decorations provider vscode.git 1504
[2020-12-27 17:41:17.403] [exthost] [warning] [Decorations] CAPPING events from decorations provider vscode.git 1504
[2020-12-27 17:42:01.318] [exthost] [warning] [Decorations] CAPPING events from decorations provider vscode.git 1504
[2020-12-27 17:42:16.545] [exthost] [warning] [Decorations] CAPPING events from decorations provider vscode.git 1504
[2020-12-27 17:42:22.015] [exthost] [warning] [Decorations] CAPPING events from decorations provider vscode.git 1504
[2020-12-27 17:43:00.266] [exthost] [warning] [Decorations] CAPPING events from decorations provider vscode.git 1504
[2020-12-27 17:43:09.227] [exthost] [warning] [Decorations] CAPPING events from decorations provider vscode.git 1504
[2020-12-27 17:43:14.846] [exthost] [warning] [Decorations] CAPPING events from decorations provider vscode.git 1504
[2020-12-27 17:43:20.245] [exthost] [warning] [Decorations] CAPPING events from decorations provider vscode.git 1504
[2020-12-27 17:43:39.584] [exthost] [warning] [Decorations] CAPPING events from decorations provider vscode.git 1504
[2020-12-27 17:47:52.807] [exthost] [warning] [Decorations] CAPPING events from decorations provider vscode.git 1504
[2020-12-27 17:47:58.202] [exthost] [warning] [Decorations] CAPPING events from decorations provider vscode.git 1504
[2020-12-27 17:48:44.879] [exthost] [warning] [Decorations] CAPPING events from decorations provider vscode.git 1504
[2020-12-27 17:49:40.225] [exthost] [warning] [Decorations] CAPPING events from decorations provider vscode.git 1504
[2020-12-27 17:49:51.998] [exthost] [warning] [Decorations] CAPPING events from decorations provider vscode.git 1504
[2020-12-27 17:49:57.463] [exthost] [warning] [Decorations] CAPPING events from decorations provider vscode.git 1504
[2020-12-27 17:50:14.220] [exthost] [warning] [Decorations] CAPPING events from decorations provider vscode.git 1504
[2020-12-27 17:52:50.072] [exthost] [warning] [Decorations] CAPPING events from decorations provider vscode.git 1504
[2020-12-27 17:53:33.967] [exthost] [warning] [Decorations] CAPPING events from decorations provider vscode.git 1504
[2020-12-27 17:53:39.366] [exthost] [warning] [Decorations] CAPPING events from decorations provider vscode.git 1504
[2020-12-27 17:55:56.620] [exthost] [warning] [Decorations] CAPPING events from decorations provider vscode.git 1504
[2020-12-27 17:56:03.091] [exthost] [warning] [Decorations] CAPPING events from decorations provider vscode.git 1504
[2020-12-27 17:56:08.799] [exthost] [warning] [Decorations] CAPPING events from decorations provider vscode.git 1504
[2020-12-27 17:56:14.513] [exthost] [warning] [Decorations] CAPPING events from decorations provider vscode.git 1504
[2020-12-27 17:56:26.247] [exthost] [warning] [Decorations] CAPPING events from decorations provider vscode.git 1504
[2020-12-27 17:56:37.002] [exthost] [warning] [Decorations] CAPPING events from decorations provider vscode.git 1504
[2020-12-27 17:56:43.213] [exthost] [warning] [Decorations] CAPPING events from decorations provider vscode.git 1504
[2020-12-27 17:56:58.326] [exthost] [warning] [Decorations] CAPPING events from decorations provider vscode.git 1504
[2020-12-27 17:57:04.123] [exthost] [warning] [Decorations] CAPPING events from decorations provider vscode.git 1504
[2020-12-27 17:57:09.594] [exthost] [warning] [Decorations] CAPPING events from decorations provider vscode.git 1504
[2020-12-27 17:58:16.934] [exthost] [warning] [Decorations] CAPPING events from decorations provider vscode.git 1504
[2020-12-27 17:58:22.343] [exthost] [warning] [Decorations] CAPPING events from decorations provider vscode.git 1504
[2020-12-27 17:58:42.885] [exthost] [warning] [Decorations] CAPPING events from decorations provider vscode.git 1504
[2020-12-27 18:01:47.132] [exthost] [warning] [Decorations] CAPPING events from decorations provider vscode.git 1504
[2020-12-27 18:05:35.135] [exthost] [warning] [Decorations] CAPPING events from decorations provider vscode.git 1504
[2020-12-27 18:05:41.153] [exthost] [warning] [Decorations] CAPPING events from decorations provider vscode.git 1504
[2020-12-27 18:05:55.597] [exthost] [warning] [Decorations] CAPPING events from decorations provider vscode.git 1504
[2020-12-27 18:06:10.436] [exthost] [warning] [Decorations] CAPPING events from decorations provider vscode.git 1504
[2020-12-27 18:06:16.177] [exthost] [warning] [Decorations] CAPPING events from decorations provider vscode.git 1504
[2020-12-27 18:06:21.884] [exthost] [warning] [Decorations] CAPPING events from decorations provider vscode.git 1504
[2020-12-27 18:06:27.273] [exthost] [warning] [Decorations] CAPPING events from decorations provider vscode.git 1504
[2020-12-27 18:06:33.071] [exthost] [warning] [Decorations] CAPPING events from decorations provider vscode.git 1504
[2020-12-27 18:06:38.490] [exthost] [warning] [Decorations] CAPPING events from decorations provider vscode.git 1504
[2020-12-27 18:07:00.114] [exthost] [warning] [Decorations] CAPPING events from decorations provider vscode.git 1504
[2020-12-27 18:07:38.527] [exthost] [warning] [Decorations] CAPPING events from decorations provider vscode.git 1504
[2020-12-27 18:07:43.952] [exthost] [warning] [Decorations] CAPPING events from decorations provider vscode.git 1504
[2020-12-27 18:07:58.838] [exthost] [warning] [Decorations] CAPPING events from decorations provider vscode.git 1504
[2020-12-27 18:08:04.936] [exthost] [warning] [Decorations] CAPPING events from decorations provider vscode.git 1504
[2020-12-27 18:08:12.382] [exthost] [warning] [Decorations] CAPPING events from decorations provider vscode.git 1504
[2020-12-27 18:08:42.257] [exthost] [warning] [Decorations] CAPPING events from decorations provider vscode.git 1504
[2020-12-27 18:08:52.379] [exthost] [warning] [Decorations] CAPPING events from decorations provider vscode.git 1504
[2020-12-27 18:08:57.852] [exthost] [warning] [Decorations] CAPPING events from decorations provider vscode.git 1504
[2020-12-27 18:09:04.892] [exthost] [warning] [Decorations] CAPPING events from decorations provider vscode.git 1504
[2020-12-27 18:09:51.668] [exthost] [warning] [Decorations] CAPPING events from decorations provider vscode.git 1504
[2020-12-27 18:09:59.402] [exthost] [warning] [Decorations] CAPPING events from decorations provider vscode.git 1504
[2020-12-27 18:10:05.524] [exthost] [warning] [Decorations] CAPPING events from decorations provider vscode.git 1504
[2020-12-27 18:10:16.011] [exthost] [warning] [Decorations] CAPPING events from decorations provider vscode.git 1504
[2020-12-27 18:10:22.373] [exthost] [warning] [Decorations] CAPPING events from decorations provider vscode.git 1504
[2020-12-27 18:10:29.509] [exthost] [warning] [Decorations] CAPPING events from decorations provider vscode.git 1504
[2020-12-27 18:10:57.047] [exthost] [warning] [Decorations] CAPPING events from decorations provider vscode.git 1504
[2020-12-27 18:11:02.855] [exthost] [warning] [Decorations] CAPPING events from decorations provider vscode.git 1504
[2020-12-27 18:11:50.213] [exthost] [warning] [Decorations] CAPPING events from decorations provider vscode.git 1505
[2020-12-27 18:12:00.431] [exthost] [warning] [Decorations] CAPPING events from decorations provider vscode.git 1506
[2020-12-27 18:13:58.981] [exthost] [warning] [Decorations] CAPPING events from decorations provider vscode.git 1505
[2020-12-27 18:14:22.493] [exthost] [warning] [Decorations] CAPPING events from decorations provider vscode.git 1505
[2020-12-27 18:14:46.199] [exthost] [warning] [Decorations] CAPPING events from decorations provider vscode.git 1505
[2020-12-27 18:15:45.455] [exthost] [warning] [Decorations] CAPPING events from decorations provider vscode.git 1505
[2020-12-27 18:15:51.195] [exthost] [warning] [Decorations] CAPPING events from decorations provider vscode.git 1505
[2020-12-27 18:16:29.642] [exthost] [warning] [Decorations] CAPPING events from decorations provider vscode.git 1505
[2020-12-27 18:16:35.119] [exthost] [warning] [Decorations] CAPPING events from decorations provider vscode.git 1505
[2020-12-27 18:16:40.504] [exthost] [warning] [Decorations] CAPPING events from decorations provider vscode.git 1505
[2020-12-27 18:17:26.538] [exthost] [warning] [Decorations] CAPPING events from decorations provider vscode.git 1505
[2020-12-27 18:17:32.045] [exthost] [warning] [Decorations] CAPPING events from decorations provider vscode.git 1505
[2020-12-27 18:17:37.734] [exthost] [warning] [Decorations] CAPPING events from decorations provider vscode.git 1505
[2020-12-27 18:18:18.881] [exthost] [warning] [Decorations] CAPPING events from decorations provider vscode.git 1505
[2020-12-27 18:24:36.258] [exthost] [warning] [Decorations] CAPPING events from decorations provider vscode.git 1505
[2020-12-27 18:24:44.926] [exthost] [warning] [Decorations] CAPPING events from decorations provider vscode.git 1505
[2020-12-27 18:26:54.865] [exthost] [warning] [Decorations] CAPPING events from decorations provider vscode.git 1505
[2020-12-27 18:27:59.305] [exthost] [warning] [Decorations] CAPPING events from decorations provider vscode.git 1504
[2020-12-27 18:28:05.029] [exthost] [warning] [Decorations] CAPPING events from decorations provider vscode.git 1504
[2020-12-27 18:28:11.602] [exthost] [warning] [Decorations] CAPPING events from decorations provider vscode.git 1504
[2020-12-27 18:28:27.424] [exthost] [warning] [Decorations] CAPPING events from decorations provider vscode.git 1504
[2020-12-27 18:28:33.007] [exthost] [warning] [Decorations] CAPPING events from decorations provider vscode.git 1504
[2020-12-27 18:28:53.623] [exthost] [warning] [Decorations] CAPPING events from decorations provider vscode.git 1504
[2020-12-27 18:29:03.039] [exthost] [warning] [Decorations] CAPPING events from decorations provider vscode.git 1504
[2020-12-27 18:29:19.682] [exthost] [warning] [Decorations] CAPPING events from decorations provider vscode.git 1504
[2020-12-27 18:29:27.171] [exthost] [warning] [Decorations] CAPPING events from decorations provider vscode.git 1504
[2020-12-27 18:29:40.166] [exthost] [warning] [Decorations] CAPPING events from decorations provider vscode.git 1504
[2020-12-27 18:29:46.405] [exthost] [warning] [Decorations] CAPPING events from decorations provider vscode.git 1504
[2020-12-27 18:29:51.860] [exthost] [warning] [Decorations] CAPPING events from decorations provider vscode.git 1505
[2020-12-27 18:31:24.410] [exthost] [warning] [Decorations] CAPPING events from decorations provider vscode.git 1505
[2020-12-27 18:31:29.839] [exthost] [warning] [Decorations] CAPPING events from decorations provider vscode.git 1505
[2020-12-27 18:31:35.260] [exthost] [warning] [Decorations] CAPPING events from decorations provider vscode.git 1505
[2020-12-27 18:31:41.688] [exthost] [warning] [Decorations] CAPPING events from decorations provider vscode.git 1504
[2020-12-27 18:32:07.930] [exthost] [warning] [Decorations] CAPPING events from decorations provider vscode.git 1504
[2020-12-27 18:32:13.639] [exthost] [warning] [Decorations] CAPPING events from decorations provider vscode.git 1504
[2020-12-27 18:32:20.940] [exthost] [warning] [Decorations] CAPPING events from decorations provider vscode.git 1504
[2020-12-27 18:32:53.502] [exthost] [warning] [Decorations] CAPPING events from decorations provider vscode.git 1504
[2020-12-27 18:32:58.933] [exthost] [warning] [Decorations] CAPPING events from decorations provider vscode.git 1504
[2020-12-27 18:33:04.649] [exthost] [warning] [Decorations] CAPPING events from decorations provider vscode.git 1504
[2020-12-27 18:33:46.326] [exthost] [warning] [Decorations] CAPPING events from decorations provider vscode.git 1505
[2020-12-27 18:34:01.006] [exthost] [warning] [Decorations] CAPPING events from decorations provider vscode.git 1505
[2020-12-27 18:34:23.623] [exthost] [warning] [Decorations] CAPPING events from decorations provider vscode.git 1506
[2020-12-27 18:34:42.115] [exthost] [warning] [Decorations] CAPPING events from decorations provider vscode.git 1507
[2020-12-27 18:34:47.886] [exthost] [warning] [Decorations] CAPPING events from decorations provider vscode.git 1507
[2020-12-27 18:35:08.907] [exthost] [warning] [Decorations] CAPPING events from decorations provider vscode.git 1507
[2020-12-27 18:35:48.369] [exthost] [warning] [Decorations] CAPPING events from decorations provider vscode.git 1506
[2020-12-27 18:35:54.119] [exthost] [warning] [Decorations] CAPPING events from decorations provider vscode.git 1506
[2020-12-27 18:36:01.843] [exthost] [warning] [Decorations] CAPPING events from decorations provider vscode.git 1507
[2020-12-27 18:36:25.982] [exthost] [warning] [Decorations] CAPPING events from decorations provider vscode.git 1507
[2020-12-27 18:36:31.627] [exthost] [warning] [Decorations] CAPPING events from decorations provider vscode.git 1507
[2020-12-27 18:36:41.683] [exthost] [warning] [Decorations] CAPPING events from decorations provider vscode.git 1507
[2020-12-27 18:37:09.520] [exthost] [warning] [Decorations] CAPPING events from decorations provider vscode.git 1507
[2020-12-27 18:37:31.617] [exthost] [warning] [Decorations] CAPPING events from decorations provider vscode.git 1507
[2020-12-27 18:38:56.229] [exthost] [warning] [Decorations] CAPPING events from decorations provider vscode.git 1507
[2020-12-27 18:39:02.266] [exthost] [warning] [Decorations] CAPPING events from decorations provider vscode.git 1507
[2020-12-27 18:39:29.167] [exthost] [warning] [Decorations] CAPPING events from decorations provider vscode.git 1507
[2020-12-27 18:39:34.876] [exthost] [warning] [Decorations] CAPPING events from decorations provider vscode.git 1507
[2020-12-27 18:39:42.519] [exthost] [warning] [Decorations] CAPPING events from decorations provider vscode.git 1507
[2020-12-27 18:40:01.989] [exthost] [warning] [Decorations] CAPPING events from decorations provider vscode.git 1507
[2020-12-27 18:40:10.307] [exthost] [warning] [Decorations] CAPPING events from decorations provider vscode.git 1507
[2020-12-27 18:40:49.812] [exthost] [warning] [Decorations] CAPPING events from decorations provider vscode.git 1507
[2020-12-27 18:41:06.466] [exthost] [warning] [Decorations] CAPPING events from decorations provider vscode.git 1507
[2020-12-27 18:41:12.403] [exthost] [warning] [Decorations] CAPPING events from decorations provider vscode.git 1507
[2020-12-27 18:41:18.263] [exthost] [warning] [Decorations] CAPPING events from decorations provider vscode.git 1507
[2020-12-27 18:41:25.947] [exthost] [warning] [Decorations] CAPPING events from decorations provider vscode.git 1507
[2020-12-27 18:41:32.820] [exthost] [warning] [Decorations] CAPPING events from decorations provider vscode.git 1507
[2020-12-27 18:41:42.051] [exthost] [warning] [Decorations] CAPPING events from decorations provider vscode.git 1507
[2020-12-27 18:42:42.936] [exthost] [warning] [Decorations] CAPPING events from decorations provider vscode.git 1507
[2020-12-27 18:42:53.546] [exthost] [warning] [Decorations] CAPPING events from decorations provider vscode.git 1507
[2020-12-27 18:43:22.320] [exthost] [warning] [Decorations] CAPPING events from decorations provider vscode.git 1507
[2020-12-27 18:43:27.727] [exthost] [warning] [Decorations] CAPPING events from decorations provider vscode.git 1507
[2020-12-27 18:43:34.602] [exthost] [warning] [Decorations] CAPPING events from decorations provider vscode.git 1507
[2020-12-27 18:43:42.117] [exthost] [warning] [Decorations] CAPPING events from decorations provider vscode.git 1507
[2020-12-27 18:43:47.520] [exthost] [warning] [Decorations] CAPPING events from decorations provider vscode.git 1507
[2020-12-27 18:45:30.667] [exthost] [warning] [Decorations] CAPPING events from decorations provider vscode.git 1507
[2020-12-27 18:45:36.459] [exthost] [warning] [Decorations] CAPPING events from decorations provider vscode.git 1507
[2020-12-27 18:45:44.675] [exthost] [warning] [Decorations] CAPPING events from decorations provider vscode.git 1507
[2020-12-27 18:46:36.495] [exthost] [warning] [Decorations] CAPPING events from decorations provider vscode.git 1508
[2020-12-27 18:46:42.323] [exthost] [warning] [Decorations] CAPPING events from decorations provider vscode.git 1509
[2020-12-27 18:46:50.955] [exthost] [warning] [Decorations] CAPPING events from decorations provider vscode.git 1509
[2020-12-27 18:46:56.394] [exthost] [warning] [Decorations] CAPPING events from decorations provider vscode.git 1509
[2020-12-27 18:47:01.821] [exthost] [warning] [Decorations] CAPPING events from decorations provider vscode.git 1509
[2020-12-27 18:48:07.799] [exthost] [warning] [Decorations] CAPPING events from decorations provider vscode.git 1510
[2020-12-27 18:48:14.218] [exthost] [warning] [Decorations] CAPPING events from decorations provider vscode.git 1510
[2020-12-27 18:48:23.798] [exthost] [warning] [Decorations] CAPPING events from decorations provider vscode.git 1511
[2020-12-27 18:48:34.411] [exthost] [warning] [Decorations] CAPPING events from decorations provider vscode.git 1511
[2020-12-27 18:48:40.179] [exthost] [warning] [Decorations] CAPPING events from decorations provider vscode.git 1511
[2020-12-27 18:48:46.831] [exthost] [warning] [Decorations] CAPPING events from decorations provider vscode.git 1511
[2020-12-27 18:48:54.753] [exthost] [warning] [Decorations] CAPPING events from decorations provider vscode.git 1511
[2020-12-27 18:49:17.531] [exthost] [warning] [Decorations] CAPPING events from decorations provider vscode.git 1511
[2020-12-27 18:49:29.221] [exthost] [warning] [Decorations] CAPPING events from decorations provider vscode.git 1510
[2020-12-27 18:49:50.963] [exthost] [warning] [Decorations] CAPPING events from decorations provider vscode.git 1509
[2020-12-27 18:49:56.549] [exthost] [warning] [Decorations] CAPPING events from decorations provider vscode.git 1509
[2020-12-27 18:50:02.443] [exthost] [warning] [Decorations] CAPPING events from decorations provider vscode.git 1508
[2020-12-27 18:51:08.838] [exthost] [warning] [Decorations] CAPPING events from decorations provider vscode.git 1508
[2020-12-27 18:51:16.440] [exthost] [warning] [Decorations] CAPPING events from decorations provider vscode.git 1508
[2020-12-27 18:51:22.201] [exthost] [warning] [Decorations] CAPPING events from decorations provider vscode.git 1508
[2020-12-27 18:51:27.647] [exthost] [warning] [Decorations] CAPPING events from decorations provider vscode.git 1509
[2020-12-27 18:51:33.608] [exthost] [warning] [Decorations] CAPPING events from decorations provider vscode.git 1509
[2020-12-27 18:51:45.234] [exthost] [warning] [Decorations] CAPPING events from decorations provider vscode.git 1509
[2020-12-27 18:52:05.473] [exthost] [warning] [Decorations] CAPPING events from decorations provider vscode.git 1509
[2020-12-27 18:52:18.148] [exthost] [warning] [Decorations] CAPPING events from decorations provider vscode.git 1508
[2020-12-27 18:52:23.697] [exthost] [warning] [Decorations] CAPPING events from decorations provider vscode.git 1508
[2020-12-27 18:52:44.538] [exthost] [warning] [Decorations] CAPPING events from decorations provider vscode.git 1508
[2020-12-27 18:52:50.038] [exthost] [warning] [Decorations] CAPPING events from decorations provider vscode.git 1508
[2020-12-27 18:52:55.820] [exthost] [warning] [Decorations] CAPPING events from decorations provider vscode.git 1508
[2020-12-27 18:53:08.867] [exthost] [warning] [Decorations] CAPPING events from decorations provider vscode.git 1508
[2020-12-27 18:53:14.316] [exthost] [warning] [Decorations] CAPPING events from decorations provider vscode.git 1508
[2020-12-27 19:01:34.434] [exthost] [warning] [Decorations] CAPPING events from decorations provider vscode.git 1508
[2020-12-27 19:01:39.869] [exthost] [warning] [Decorations] CAPPING events from decorations provider vscode.git 1507
[2020-12-27 19:01:45.678] [exthost] [warning] [Decorations] CAPPING events from decorations provider vscode.git 1508
[2020-12-27 19:02:13.260] [exthost] [warning] [Decorations] CAPPING events from decorations provider vscode.git 1508
[2020-12-27 19:02:18.647] [exthost] [warning] [Decorations] CAPPING events from decorations provider vscode.git 1508
[2020-12-27 19:02:24.575] [exthost] [warning] [Decorations] CAPPING events from decorations provider vscode.git 1508
[2020-12-27 19:02:30.008] [exthost] [warning] [Decorations] CAPPING events from decorations provider vscode.git 1509
[2020-12-27 19:02:40.239] [exthost] [warning] [Decorations] CAPPING events from decorations provider vscode.git 1509
[2020-12-27 19:02:58.773] [exthost] [warning] [Decorations] CAPPING events from decorations provider vscode.git 1509
[2020-12-27 19:03:05.130] [exthost] [warning] [Decorations] CAPPING events from decorations provider vscode.git 1509
[2020-12-27 19:03:10.652] [exthost] [warning] [Decorations] CAPPING events from decorations provider vscode.git 1509
[2020-12-27 19:03:27.548] [exthost] [warning] [Decorations] CAPPING events from decorations provider vscode.git 1510
[2020-12-27 19:04:21.022] [exthost] [warning] [Decorations] CAPPING events from decorations provider vscode.git 1510
[2020-12-27 19:04:26.459] [exthost] [warning] [Decorations] CAPPING events from decorations provider vscode.git 1510
[2020-12-27 19:04:34.336] [exthost] [warning] [Decorations] CAPPING events from decorations provider vscode.git 1509
[2020-12-27 19:04:40.459] [exthost] [warning] [Decorations] CAPPING events from decorations provider vscode.git 1509
[2020-12-27 19:05:27.925] [exthost] [warning] [Decorations] CAPPING events from decorations provider vscode.git 1509
[2020-12-27 19:05:44.276] [exthost] [warning] [Decorations] CAPPING events from decorations provider vscode.git 1508
[2020-12-27 19:05:49.776] [exthost] [warning] [Decorations] CAPPING events from decorations provider vscode.git 1508
[2020-12-27 19:05:55.191] [exthost] [warning] [Decorations] CAPPING events from decorations provider vscode.git 1509
[2020-12-27 19:06:02.554] [exthost] [warning] [Decorations] CAPPING events from decorations provider vscode.git 1509
[2020-12-27 19:06:08.336] [exthost] [warning] [Decorations] CAPPING events from decorations provider vscode.git 1509
[2020-12-27 19:06:16.201] [exthost] [warning] [Decorations] CAPPING events from decorations provider vscode.git 1510
[2020-12-27 19:06:29.642] [exthost] [warning] [Decorations] CAPPING events from decorations provider vscode.git 1510
[2020-12-27 19:06:35.117] [exthost] [warning] [Decorations] CAPPING events from decorations provider vscode.git 1510
[2020-12-27 19:07:36.403] [exthost] [warning] [Decorations] CAPPING events from decorations provider vscode.git 1510
[2020-12-27 19:07:51.857] [exthost] [warning] [Decorations] CAPPING events from decorations provider vscode.git 1510
[2020-12-27 19:07:58.252] [exthost] [warning] [Decorations] CAPPING events from decorations provider vscode.git 1510
[2020-12-27 19:08:17.959] [exthost] [warning] [Decorations] CAPPING events from decorations provider vscode.git 1510
[2020-12-27 19:08:23.617] [exthost] [warning] [Decorations] CAPPING events from decorations provider vscode.git 1510
[2020-12-27 19:08:31.481] [exthost] [warning] [Decorations] CAPPING events from decorations provider vscode.git 1509
[2020-12-27 19:08:38.274] [exthost] [warning] [Decorations] CAPPING events from decorations provider vscode.git 1509
[2020-12-27 19:09:07.309] [exthost] [warning] [Decorations] CAPPING events from decorations provider vscode.git 1509
[2020-12-27 19:09:12.722] [exthost] [warning] [Decorations] CAPPING events from decorations provider vscode.git 1509
[2020-12-27 19:09:18.503] [exthost] [warning] [Decorations] CAPPING events from decorations provider vscode.git 1509
[2020-12-27 19:09:30.023] [exthost] [warning] [Decorations] CAPPING events from decorations provider vscode.git 1509
[2020-12-27 19:09:36.132] [exthost] [warning] [Decorations] CAPPING events from decorations provider vscode.git 1509
[2020-12-27 19:09:52.651] [exthost] [warning] [Decorations] CAPPING events from decorations provider vscode.git 1509
[2020-12-27 19:09:58.095] [exthost] [warning] [Decorations] CAPPING events from decorations provider vscode.git 1509
[2020-12-27 19:10:03.861] [exthost] [warning] [Decorations] CAPPING events from decorations provider vscode.git 1510
[2020-12-27 19:10:09.731] [exthost] [warning] [Decorations] CAPPING events from decorations provider vscode.git 1510
[2020-12-27 19:10:18.384] [exthost] [warning] [Decorations] CAPPING events from decorations provider vscode.git 1510
[2020-12-27 19:10:32.636] [exthost] [warning] [Decorations] CAPPING events from decorations provider vscode.git 1510
[2020-12-27 19:10:38.519] [exthost] [warning] [Decorations] CAPPING events from decorations provider vscode.git 1510
[2020-12-27 19:10:43.943] [exthost] [warning] [Decorations] CAPPING events from decorations provider vscode.git 1510
[2020-12-27 19:10:49.914] [exthost] [warning] [Decorations] CAPPING events from decorations provider vscode.git 1510
[2020-12-27 19:10:57.804] [exthost] [warning] [Decorations] CAPPING events from decorations provider vscode.git 1510
[2020-12-27 19:11:27.633] [exthost] [warning] [Decorations] CAPPING events from decorations provider vscode.git 1510
[2020-12-27 19:11:33.452] [exthost] [warning] [Decorations] CAPPING events from decorations provider vscode.git 1510
[2020-12-27 19:11:40.898] [exthost] [warning] [Decorations] CAPPING events from decorations provider vscode.git 1510
[2020-12-27 19:11:47.707] [exthost] [warning] [Decorations] CAPPING events from decorations provider vscode.git 1509
[2020-12-27 19:11:54.869] [exthost] [warning] [Decorations] CAPPING events from decorations provider vscode.git 1509
[2020-12-27 19:14:07.772] [exthost] [warning] [Decorations] CAPPING events from decorations provider vscode.git 1509
[2020-12-27 19:15:25.418] [exthost] [warning] [Decorations] CAPPING events from decorations provider vscode.git 1509
[2020-12-27 19:15:42.523] [exthost] [warning] [Decorations] CAPPING events from decorations provider vscode.git 1510
[2020-12-27 19:15:48.052] [exthost] [warning] [Decorations] CAPPING events from decorations provider vscode.git 1510
[2020-12-27 19:15:53.551] [exthost] [warning] [Decorations] CAPPING events from decorations provider vscode.git 1510
[2020-12-27 19:15:59.659] [exthost] [warning] [Decorations] CAPPING events from decorations provider vscode.git 1510
[2020-12-27 19:16:08.139] [exthost] [warning] [Decorations] CAPPING events from decorations provider vscode.git 1510
[2020-12-27 19:18:06.462] [exthost] [warning] [Decorations] CAPPING events from decorations provider vscode.git 1510
[2020-12-27 19:18:12.453] [exthost] [warning] [Decorations] CAPPING events from decorations provider vscode.git 1510
[2020-12-27 19:18:18.209] [exthost] [warning] [Decorations] CAPPING events from decorations provider vscode.git 1510
[2020-12-27 19:18:23.660] [exthost] [warning] [Decorations] CAPPING events from decorations provider vscode.git 1510
[2020-12-27 19:19:26.858] [exthost] [warning] [Decorations] CAPPING events from decorations provider vscode.git 1510
[2020-12-27 19:19:34.154] [exthost] [warning] [Decorations] CAPPING events from decorations provider vscode.git 1510
[2020-12-27 19:19:39.904] [exthost] [warning] [Decorations] CAPPING events from decorations provider vscode.git 1510
[2020-12-27 19:19:45.376] [exthost] [warning] [Decorations] CAPPING events from decorations provider vscode.git 1510
[2020-12-27 19:19:58.307] [exthost] [warning] [Decorations] CAPPING events from decorations provider vscode.git 1510
[2020-12-27 19:20:04.308] [exthost] [warning] [Decorations] CAPPING events from decorations provider vscode.git 1510
[2020-12-27 19:20:10.448] [exthost] [warning] [Decorations] CAPPING events from decorations provider vscode.git 1510
[2020-12-27 19:20:43.640] [exthost] [warning] [Decorations] CAPPING events from decorations provider vscode.git 1510
[2020-12-27 19:21:45.175] [exthost] [warning] [Decorations] CAPPING events from decorations provider vscode.git 1510
[2020-12-27 19:22:58.634] [exthost] [warning] [Decorations] CAPPING events from decorations provider vscode.git 1510
[2020-12-27 19:23:04.367] [exthost] [warning] [Decorations] CAPPING events from decorations provider vscode.git 1510
[2020-12-27 19:28:12.834] [exthost] [warning] [Decorations] CAPPING events from decorations provider vscode.git 1510
[2020-12-27 19:28:18.235] [exthost] [warning] [Decorations] CAPPING events from decorations provider vscode.git 1510
[2020-12-27 19:28:54.581] [exthost] [warning] [Decorations] CAPPING events from decorations provider vscode.git 1510
[2020-12-27 19:29:24.360] [exthost] [warning] [Decorations] CAPPING events from decorations provider vscode.git 1511
[2020-12-27 19:29:30.216] [exthost] [warning] [Decorations] CAPPING events from decorations provider vscode.git 1511
[2020-12-27 19:29:42.244] [exthost] [warning] [Decorations] CAPPING events from decorations provider vscode.git 1511
[2020-12-27 19:29:48.023] [exthost] [warning] [Decorations] CAPPING events from decorations provider vscode.git 1510
[2020-12-27 19:29:55.056] [exthost] [warning] [Decorations] CAPPING events from decorations provider vscode.git 1510
[2020-12-27 19:31:10.642] [exthost] [warning] [Decorations] CAPPING events from decorations provider vscode.git 1510
[2020-12-27 19:31:19.849] [exthost] [warning] [Decorations] CAPPING events from decorations provider vscode.git 1509
[2020-12-27 19:31:25.415] [exthost] [warning] [Decorations] CAPPING events from decorations provider vscode.git 1509
[2020-12-27 19:31:32.661] [exthost] [warning] [Decorations] CAPPING events from decorations provider vscode.git 1509
[2020-12-27 19:31:38.575] [exthost] [warning] [Decorations] CAPPING events from decorations provider vscode.git 1509
[2020-12-27 19:31:46.547] [exthost] [warning] [Decorations] CAPPING events from decorations provider vscode.git 1510
[2020-12-27 19:31:56.201] [exthost] [warning] [Decorations] CAPPING events from decorations provider vscode.git 1511
[2020-12-27 19:32:58.630] [exthost] [warning] [Decorations] CAPPING events from decorations provider vscode.git 1511
[2020-12-27 19:33:04.071] [exthost] [warning] [Decorations] CAPPING events from decorations provider vscode.git 1511
[2020-12-27 19:33:21.251] [exthost] [warning] [Decorations] CAPPING events from decorations provider vscode.git 1511
[2020-12-27 19:33:47.562] [exthost] [warning] [Decorations] CAPPING events from decorations provider vscode.git 1511
[2020-12-27 19:33:55.898] [exthost] [warning] [Decorations] CAPPING events from decorations provider vscode.git 1511
[2020-12-27 19:34:27.374] [exthost] [warning] [Decorations] CAPPING events from decorations provider vscode.git 1511
[2020-12-27 19:34:56.585] [exthost] [warning] [Decorations] CAPPING events from decorations provider vscode.git 1511
[2020-12-27 19:35:04.103] [exthost] [warning] [Decorations] CAPPING events from decorations provider vscode.git 1511
[2020-12-27 19:36:08.516] [exthost] [warning] [Decorations] CAPPING events from decorations provider vscode.git 1511
[2020-12-27 19:36:22.537] [exthost] [warning] [Decorations] CAPPING events from decorations provider vscode.git 1511
[2020-12-27 19:36:38.875] [exthost] [warning] [Decorations] CAPPING events from decorations provider vscode.git 1511
[2020-12-27 19:36:44.678] [exthost] [warning] [Decorations] CAPPING events from decorations provider vscode.git 1511
[2020-12-27 19:37:17.372] [exthost] [warning] [Decorations] CAPPING events from decorations provider vscode.git 1512
[2020-12-27 19:37:23.506] [exthost] [warning] [Decorations] CAPPING events from decorations provider vscode.git 1512
[2020-12-27 19:37:39.739] [exthost] [warning] [Decorations] CAPPING events from decorations provider vscode.git 1512
[2020-12-27 19:37:45.246] [exthost] [warning] [Decorations] CAPPING events from decorations provider vscode.git 1512
[2020-12-27 19:37:50.670] [exthost] [warning] [Decorations] CAPPING events from decorations provider vscode.git 1512
[2020-12-27 19:38:18.807] [exthost] [warning] [Decorations] CAPPING events from decorations provider vscode.git 1513
[2020-12-27 19:38:24.927] [exthost] [warning] [Decorations] CAPPING events from decorations provider vscode.git 1513
[2020-12-27 19:38:54.459] [exthost] [warning] [Decorations] CAPPING events from decorations provider vscode.git 1513
[2020-12-27 19:39:27.445] [exthost] [warning] [Decorations] CAPPING events from decorations provider vscode.git 1513
[2020-12-27 19:39:32.876] [exthost] [warning] [Decorations] CAPPING events from decorations provider vscode.git 1513
[2020-12-27 19:41:14.062] [exthost] [warning] [Decorations] CAPPING events from decorations provider vscode.git 1513
[2020-12-27 19:41:25.170] [exthost] [warning] [Decorations] CAPPING events from decorations provider vscode.git 1513
[2020-12-27 19:41:34.832] [exthost] [warning] [Decorations] CAPPING events from decorations provider vscode.git 1513
[2020-12-27 19:42:47.583] [exthost] [warning] [Decorations] CAPPING events from decorations provider vscode.git 1513
[2020-12-27 19:42:54.072] [exthost] [warning] [Decorations] CAPPING events from decorations provider vscode.git 1513
[2020-12-27 19:42:59.815] [exthost] [warning] [Decorations] CAPPING events from decorations provider vscode.git 1513
[2020-12-27 19:43:05.484] [exthost] [warning] [Decorations] CAPPING events from decorations provider vscode.git 1513
[2020-12-27 19:43:14.825] [exthost] [warning] [Decorations] CAPPING events from decorations provider vscode.git 1512
[2020-12-27 19:46:11.224] [exthost] [warning] [Decorations] CAPPING events from decorations provider vscode.git 1511
[2020-12-27 19:46:17.608] [exthost] [warning] [Decorations] CAPPING events from decorations provider vscode.git 1511
[2020-12-27 19:46:26.243] [exthost] [warning] [Decorations] CAPPING events from decorations provider vscode.git 1511
[2020-12-27 19:46:57.616] [exthost] [warning] [Decorations] CAPPING events from decorations provider vscode.git 1511
[2020-12-27 19:47:03.143] [exthost] [warning] [Decorations] CAPPING events from decorations provider vscode.git 1511
[2020-12-27 19:47:11.984] [exthost] [warning] [Decorations] CAPPING events from decorations provider vscode.git 1511
[2020-12-27 19:47:20.651] [exthost] [warning] [Decorations] CAPPING events from decorations provider vscode.git 1511
[2020-12-27 19:47:26.486] [exthost] [warning] [Decorations] CAPPING events from decorations provider vscode.git 1511
[2020-12-27 19:47:32.950] [exthost] [warning] [Decorations] CAPPING events from decorations provider vscode.git 1511
[2020-12-27 19:47:48.508] [exthost] [warning] [Decorations] CAPPING events from decorations provider vscode.git 1511
[2020-12-27 19:47:55.895] [exthost] [warning] [Decorations] CAPPING events from decorations provider vscode.git 1511
[2020-12-27 19:49:01.926] [exthost] [warning] [Decorations] CAPPING events from decorations provider vscode.git 1511
[2020-12-27 19:49:44.107] [exthost] [warning] [Decorations] CAPPING events from decorations provider vscode.git 1512
[2020-12-27 19:50:23.152] [exthost] [warning] [Decorations] CAPPING events from decorations provider vscode.git 1512
[2020-12-27 19:51:17.669] [exthost] [warning] [Decorations] CAPPING events from decorations provider vscode.git 1512
[2020-12-27 19:52:38.591] [exthost] [warning] [Decorations] CAPPING events from decorations provider vscode.git 1512
[2020-12-27 19:52:44.375] [exthost] [warning] [Decorations] CAPPING events from decorations provider vscode.git 1511
[2020-12-27 19:55:07.553] [exthost] [warning] [Decorations] CAPPING events from decorations provider vscode.git 1512
[2020-12-27 19:55:16.869] [exthost] [warning] [Decorations] CAPPING events from decorations provider vscode.git 1512
[2020-12-27 19:57:30.752] [exthost] [warning] [Decorations] CAPPING events from decorations provider vscode.git 1512
[2020-12-27 19:57:36.799] [exthost] [warning] [Decorations] CAPPING events from decorations provider vscode.git 1512
[2020-12-27 19:57:42.262] [exthost] [warning] [Decorations] CAPPING events from decorations provider vscode.git 1512
[2020-12-27 19:58:50.857] [exthost] [warning] [Decorations] CAPPING events from decorations provider vscode.git 1512
[2020-12-27 19:58:56.691] [exthost] [warning] [Decorations] CAPPING events from decorations provider vscode.git 1512
[2020-12-27 19:59:04.233] [exthost] [warning] [Decorations] CAPPING events from decorations provider vscode.git 1512
[2020-12-27 19:59:15.183] [exthost] [warning] [Decorations] CAPPING events from decorations provider vscode.git 1512
[2020-12-27 19:59:20.938] [exthost] [warning] [Decorations] CAPPING events from decorations provider vscode.git 1512
[2020-12-27 19:59:27.798] [exthost] [warning] [Decorations] CAPPING events from decorations provider vscode.git 1512
[2020-12-27 19:59:36.508] [exthost] [warning] [Decorations] CAPPING events from decorations provider vscode.git 1512
[2020-12-27 20:00:23.683] [exthost] [warning] [Decorations] CAPPING events from decorations provider vscode.git 1512
[2020-12-27 20:00:32.619] [exthost] [warning] [Decorations] CAPPING events from decorations provider vscode.git 1512
[2020-12-27 20:00:57.978] [exthost] [warning] [Decorations] CAPPING events from decorations provider vscode.git 1512
[2020-12-27 20:02:15.996] [exthost] [warning] [Decorations] CAPPING events from decorations provider vscode.git 1512
[2020-12-27 20:02:21.511] [exthost] [warning] [Decorations] CAPPING events from decorations provider vscode.git 1512
[2020-12-27 20:02:31.887] [exthost] [warning] [Decorations] CAPPING events from decorations provider vscode.git 1513
[2020-12-27 20:02:41.669] [exthost] [warning] [Decorations] CAPPING events from decorations provider vscode.git 1513
[2020-12-27 20:02:57.023] [exthost] [warning] [Decorations] CAPPING events from decorations provider vscode.git 1513
[2020-12-27 20:03:11.581] [exthost] [warning] [Decorations] CAPPING events from decorations provider vscode.git 1513
[2020-12-27 20:03:17.049] [exthost] [warning] [Decorations] CAPPING events from decorations provider vscode.git 1513
[2020-12-27 20:03:22.891] [exthost] [warning] [Decorations] CAPPING events from decorations provider vscode.git 1513
[2020-12-27 20:03:28.510] [exthost] [warning] [Decorations] CAPPING events from decorations provider vscode.git 1513
[2020-12-27 20:03:34.291] [exthost] [warning] [Decorations] CAPPING events from decorations provider vscode.git 1512
[2020-12-27 20:03:41.905] [exthost] [warning] [Decorations] CAPPING events from decorations provider vscode.git 1513
[2020-12-27 20:05:42.538] [exthost] [warning] [Decorations] CAPPING events from decorations provider vscode.git 1513
[2020-12-27 20:05:48.343] [exthost] [warning] [Decorations] CAPPING events from decorations provider vscode.git 1512
[2020-12-27 20:05:55.021] [exthost] [warning] [Decorations] CAPPING events from decorations provider vscode.git 1512
[2020-12-27 20:06:09.441] [exthost] [warning] [Decorations] CAPPING events from decorations provider vscode.git 1511
[2020-12-27 20:06:28.700] [exthost] [warning] [Decorations] CAPPING events from decorations provider vscode.git 1511
[2020-12-27 20:06:34.415] [exthost] [warning] [Decorations] CAPPING events from decorations provider vscode.git 1511
[2020-12-27 20:06:39.943] [exthost] [warning] [Decorations] CAPPING events from decorations provider vscode.git 1512
[2020-12-27 20:06:45.509] [exthost] [warning] [Decorations] CAPPING events from decorations provider vscode.git 1512
[2020-12-27 20:09:22.995] [exthost] [warning] [Decorations] CAPPING events from decorations provider vscode.git 1512
[2020-12-27 20:09:29.517] [exthost] [warning] [Decorations] CAPPING events from decorations provider vscode.git 1512
[2020-12-27 20:09:37.830] [exthost] [warning] [Decorations] CAPPING events from decorations provider vscode.git 1512
[2020-12-27 20:09:43.435] [exthost] [warning] [Decorations] CAPPING events from decorations provider vscode.git 1512
[2020-12-27 20:10:00.615] [exthost] [warning] [Decorations] CAPPING events from decorations provider vscode.git 1512
[2020-12-27 20:10:06.080] [exthost] [warning] [Decorations] CAPPING events from decorations provider vscode.git 1512
[2020-12-27 20:10:12.491] [exthost] [warning] [Decorations] CAPPING events from decorations provider vscode.git 1512
[2020-12-27 20:10:58.139] [exthost] [warning] [Decorations] CAPPING events from decorations provider vscode.git 1512
[2020-12-27 20:11:06.298] [exthost] [warning] [Decorations] CAPPING events from decorations provider vscode.git 1512
[2020-12-27 20:14:26.745] [exthost] [warning] [Decorations] CAPPING events from decorations provider vscode.git 1512
[2020-12-27 20:14:43.205] [exthost] [warning] [Decorations] CAPPING events from decorations provider vscode.git 1512
[2020-12-27 20:14:54.567] [exthost] [warning] [Decorations] CAPPING events from decorations provider vscode.git 1512
[2020-12-27 20:15:00.288] [exthost] [warning] [Decorations] CAPPING events from decorations provider vscode.git 1512
[2020-12-27 20:15:06.101] [exthost] [warning] [Decorations] CAPPING events from decorations provider vscode.git 1512
[2020-12-27 20:15:15.178] [exthost] [warning] [Decorations] CAPPING events from decorations provider vscode.git 1512
[2020-12-27 20:15:20.940] [exthost] [warning] [Decorations] CAPPING events from decorations provider vscode.git 1512
[2020-12-27 20:15:37.728] [exthost] [warning] [Decorations] CAPPING events from decorations provider vscode.git 1512
[2020-12-27 20:15:48.123] [exthost] [warning] [Decorations] CAPPING events from decorations provider vscode.git 1512
[2020-12-27 20:16:02.553] [exthost] [warning] [Decorations] CAPPING events from decorations provider vscode.git 1512
[2020-12-27 20:16:07.966] [exthost] [warning] [Decorations] CAPPING events from decorations provider vscode.git 1512
[2020-12-27 20:16:35.092] [exthost] [warning] [Decorations] CAPPING events from decorations provider vscode.git 1512
[2020-12-27 20:16:42.085] [exthost] [warning] [Decorations] CAPPING events from decorations provider vscode.git 1512
[2020-12-27 20:16:47.643] [exthost] [warning] [Decorations] CAPPING events from decorations provider vscode.git 1512
[2020-12-27 20:17:27.348] [exthost] [warning] [Decorations] CAPPING events from decorations provider vscode.git 1512
[2020-12-27 20:17:34.402] [exthost] [warning] [Decorations] CAPPING events from decorations provider vscode.git 1512
[2020-12-27 20:17:39.829] [exthost] [warning] [Decorations] CAPPING events from decorations provider vscode.git 1512
[2020-12-27 20:17:45.256] [exthost] [warning] [Decorations] CAPPING events from decorations provider vscode.git 1512
[2020-12-27 20:18:26.886] [exthost] [warning] [Decorations] CAPPING events from decorations provider vscode.git 1512
[2020-12-27 20:18:32.465] [exthost] [warning] [Decorations] CAPPING events from decorations provider vscode.git 1512
[2020-12-27 20:18:58.065] [exthost] [warning] [Decorations] CAPPING events from decorations provider vscode.git 1512
[2020-12-27 20:19:03.533] [exthost] [warning] [Decorations] CAPPING events from decorations provider vscode.git 1512
[2020-12-27 20:19:08.943] [exthost] [warning] [Decorations] CAPPING events from decorations provider vscode.git 1511
[2020-12-27 20:20:22.410] [exthost] [warning] [Decorations] CAPPING events from decorations provider vscode.git 1511
[2020-12-27 20:20:31.722] [exthost] [warning] [Decorations] CAPPING events from decorations provider vscode.git 1512
[2020-12-27 20:20:37.125] [exthost] [warning] [Decorations] CAPPING events from decorations provider vscode.git 1512
[2020-12-27 20:20:46.271] [exthost] [warning] [Decorations] CAPPING events from decorations provider vscode.git 1512
[2020-12-27 20:20:55.291] [exthost] [warning] [Decorations] CAPPING events from decorations provider vscode.git 1512
[2020-12-27 20:21:01.101] [exthost] [warning] [Decorations] CAPPING events from decorations provider vscode.git 1512
[2020-12-27 20:21:06.891] [exthost] [warning] [Decorations] CAPPING events from decorations provider vscode.git 1512
[2020-12-27 20:21:23.454] [exthost] [warning] [Decorations] CAPPING events from decorations provider vscode.git 1513
[2020-12-27 20:24:01.508] [exthost] [warning] [Decorations] CAPPING events from decorations provider vscode.git 1513
[2020-12-27 20:24:10.467] [exthost] [warning] [Decorations] CAPPING events from decorations provider vscode.git 1513
[2020-12-27 20:24:41.797] [exthost] [warning] [Decorations] CAPPING events from decorations provider vscode.git 1513
[2020-12-27 20:24:48.599] [exthost] [warning] [Decorations] CAPPING events from decorations provider vscode.git 1514
[2020-12-27 20:25:21.084] [exthost] [warning] [Decorations] CAPPING events from decorations provider vscode.git 1514
[2020-12-27 20:26:55.451] [exthost] [warning] [Decorations] CAPPING events from decorations provider vscode.git 1514
[2020-12-27 20:28:10.832] [exthost] [warning] [Decorations] CAPPING events from decorations provider vscode.git 1514
[2020-12-27 20:31:17.389] [exthost] [warning] [Decorations] CAPPING events from decorations provider vscode.git 1515
[2020-12-27 20:31:24.462] [exthost] [warning] [Decorations] CAPPING events from decorations provider vscode.git 1515
[2020-12-27 20:31:30.322] [exthost] [warning] [Decorations] CAPPING events from decorations provider vscode.git 1515
[2020-12-27 20:31:36.156] [exthost] [warning] [Decorations] CAPPING events from decorations provider vscode.git 1515
[2020-12-27 20:31:44.389] [exthost] [warning] [Decorations] CAPPING events from decorations provider vscode.git 1515
[2020-12-27 20:31:50.559] [exthost] [warning] [Decorations] CAPPING events from decorations provider vscode.git 1515
[2020-12-27 20:31:59.387] [exthost] [warning] [Decorations] CAPPING events from decorations provider vscode.git 1515
[2020-12-27 20:32:10.465] [exthost] [warning] [Decorations] CAPPING events from decorations provider vscode.git 1515
[2020-12-27 20:32:16.731] [exthost] [warning] [Decorations] CAPPING events from decorations provider vscode.git 1515
[2020-12-27 20:32:22.484] [exthost] [warning] [Decorations] CAPPING events from decorations provider vscode.git 1516
[2020-12-27 20:32:35.195] [exthost] [warning] [Decorations] CAPPING events from decorations provider vscode.git 1516
[2020-12-27 20:35:03.628] [exthost] [warning] [Decorations] CAPPING events from decorations provider vscode.git 1516
[2020-12-27 20:35:09.089] [exthost] [warning] [Decorations] CAPPING events from decorations provider vscode.git 1516
[2020-12-27 20:35:22.114] [exthost] [warning] [Decorations] CAPPING events from decorations provider vscode.git 1516
[2020-12-27 20:35:59.710] [exthost] [warning] [Decorations] CAPPING events from decorations provider vscode.git 1516
[2020-12-27 20:41:28.701] [exthost] [warning] [Decorations] CAPPING events from decorations provider vscode.git 1516
[2020-12-27 20:41:34.171] [exthost] [warning] [Decorations] CAPPING events from decorations provider vscode.git 1516
[2020-12-27 20:49:42.547] [exthost] [warning] [Decorations] CAPPING events from decorations provider vscode.git 1516
[2020-12-27 20:49:48.010] [exthost] [warning] [Decorations] CAPPING events from decorations provider vscode.git 1516
[2020-12-27 20:50:24.488] [exthost] [warning] [Decorations] CAPPING events from decorations provider vscode.git 1516
[2020-12-27 20:50:47.751] [exthost] [warning] [Decorations] CAPPING events from decorations provider vscode.git 1516
[2020-12-27 20:51:08.598] [exthost] [warning] [Decorations] CAPPING events from decorations provider vscode.git 1516
[2020-12-27 20:52:23.294] [exthost] [warning] [Decorations] CAPPING events from decorations provider vscode.git 1516
[2020-12-27 20:57:13.153] [exthost] [warning] [Decorations] CAPPING events from decorations provider vscode.git 1516
[2020-12-27 20:57:23.875] [exthost] [warning] [Decorations] CAPPING events from decorations provider vscode.git 1516
[2020-12-27 20:58:18.733] [exthost] [warning] [Decorations] CAPPING events from decorations provider vscode.git 1516
[2020-12-27 20:58:24.482] [exthost] [warning] [Decorations] CAPPING events from decorations provider vscode.git 1516
[2020-12-27 21:00:25.160] [exthost] [warning] [Decorations] CAPPING events from decorations provider vscode.git 1516
[2020-12-27 21:00:30.646] [exthost] [warning] [Decorations] CAPPING events from decorations provider vscode.git 1516
[2020-12-27 21:01:13.435] [exthost] [warning] [Decorations] CAPPING events from decorations provider vscode.git 1516
[2020-12-27 21:05:46.567] [exthost] [warning] [Decorations] CAPPING events from decorations provider vscode.git 1516
[2020-12-27 21:05:52.340] [exthost] [warning] [Decorations] CAPPING events from decorations provider vscode.git 1516
[2020-12-27 21:06:52.347] [exthost] [warning] [Decorations] CAPPING events from decorations provider vscode.git 1516
[2020-12-27 21:06:57.763] [exthost] [warning] [Decorations] CAPPING events from decorations provider vscode.git 1516
[2020-12-27 21:07:04.679] [exthost] [warning] [Decorations] CAPPING events from decorations provider vscode.git 1516
[2020-12-27 21:07:26.501] [exthost] [warning] [Decorations] CAPPING events from decorations provider vscode.git 1516
[2020-12-27 21:07:35.564] [exthost] [warning] [Decorations] CAPPING events from decorations provider vscode.git 1516
[2020-12-27 21:07:41.583] [exthost] [warning] [Decorations] CAPPING events from decorations provider vscode.git 1516
[2020-12-27 21:08:41.074] [exthost] [warning] [Decorations] CAPPING events from decorations provider vscode.git 1516
[2020-12-27 21:09:00.211] [exthost] [warning] [Decorations] CAPPING events from decorations provider vscode.git 1516
[2020-12-27 21:09:09.099] [exthost] [warning] [Decorations] CAPPING events from decorations provider vscode.git 1516
[2020-12-27 21:09:14.575] [exthost] [warning] [Decorations] CAPPING events from decorations provider vscode.git 1516
[2020-12-27 21:09:20.149] [exthost] [warning] [Decorations] CAPPING events from decorations provider vscode.git 1516
[2020-12-27 21:09:36.185] [exthost] [warning] [Decorations] CAPPING events from decorations provider vscode.git 1516
[2020-12-27 21:09:48.075] [exthost] [warning] [Decorations] CAPPING events from decorations provider vscode.git 1517
[2020-12-27 21:10:04.342] [exthost] [warning] [Decorations] CAPPING events from decorations provider vscode.git 1517
[2020-12-27 21:10:10.480] [exthost] [warning] [Decorations] CAPPING events from decorations provider vscode.git 1517
[2020-12-27 21:10:27.471] [exthost] [warning] [Decorations] CAPPING events from decorations provider vscode.git 1517
[2020-12-27 21:10:32.983] [exthost] [warning] [Decorations] CAPPING events from decorations provider vscode.git 1517
[2020-12-27 21:10:38.394] [exthost] [warning] [Decorations] CAPPING events from decorations provider vscode.git 1517
[2020-12-27 21:11:45.273] [exthost] [warning] [Decorations] CAPPING events from decorations provider vscode.git 1517
[2020-12-27 21:11:58.247] [exthost] [warning] [Decorations] CAPPING events from decorations provider vscode.git 1517
[2020-12-27 21:12:03.800] [exthost] [warning] [Decorations] CAPPING events from decorations provider vscode.git 1517
[2020-12-27 21:12:12.117] [exthost] [warning] [Decorations] CAPPING events from decorations provider vscode.git 1518
[2020-12-27 21:12:27.638] [exthost] [warning] [Decorations] CAPPING events from decorations provider vscode.git 1518
[2020-12-27 21:12:33.145] [exthost] [warning] [Decorations] CAPPING events from decorations provider vscode.git 1518
[2020-12-27 21:12:38.754] [exthost] [warning] [Decorations] CAPPING events from decorations provider vscode.git 1518
[2020-12-27 21:12:57.452] [exthost] [warning] [Decorations] CAPPING events from decorations provider vscode.git 1517
[2020-12-27 21:13:25.088] [exthost] [warning] [Decorations] CAPPING events from decorations provider vscode.git 1517
[2020-12-27 21:13:32.793] [exthost] [warning] [Decorations] CAPPING events from decorations provider vscode.git 1517
