Looking for git in: git
Using git 2.25.1 from git
> git rev-parse --git-dir
Open repository: /home/smarthome
> git status -z -u
> git check-ignore -v -z --stdin
> git log --format=%H%n%aN%n%aE%n%at%n%ct%n%P%n%B -z -n21 -- /home/smarthome/smarthome/smarthomeproj/settings.py
> git log --format=%H%n%aN%n%aE%n%at%n%ct%n%P%n%B -z -n41 -- /home/smarthome/smarthome/smarthomeproj/settings.py
> git symbolic-ref --short HEAD
> git rev-parse master
> git rev-parse --symbolic-full-name master@{u}
> git rev-list --left-right master...refs/remotes/origin/master
> git for-each-ref --sort -committerdate --format %(refname) %(objectname) %(*objectname)
> git remote --verbose
> git config --get commit.template
> git show --textconv :smarthome/smarthomeproj/settings.py
> git ls-files --stage -- /home/smarthome/smarthome/smarthomeproj/settings.py
> git cat-file -s 82f87d62fa2117a8d386e7d2c73fffc07eb79ec0
> git rev-list --count ade24d39df88a752d656fdd989eb25c0b7ca2d7d.. -- /home/smarthome/smarthome/smarthomeproj/settings.py
> git log --format=%H%n%aN%n%aE%n%at%n%ct%n%P%n%B -z -n7 -- /home/smarthome/smarthome/smarthomeproj/settings.py
> git status -z -u
> git symbolic-ref --short HEAD
> git rev-parse master
> git rev-parse --symbolic-full-name master@{u}
> git rev-list --left-right master...refs/remotes/origin/master
> git for-each-ref --sort -committerdate --format %(refname) %(objectname) %(*objectname)
> git remote --verbose
> git config --get commit.template
> git rev-list --count ade24d39df88a752d656fdd989eb25c0b7ca2d7d.. -- /home/smarthome/smarthome/smarthomeproj/settings.py
> git log --format=%H%n%aN%n%aE%n%at%n%ct%n%P%n%B -z -n7 -- /home/smarthome/smarthome/smarthomeproj/settings.py
> git status -z -u
> git symbolic-ref --short HEAD
> git rev-parse master
> git rev-parse --symbolic-full-name master@{u}
> git rev-list --left-right master...refs/remotes/origin/master
> git for-each-ref --sort -committerdate --format %(refname) %(objectname) %(*objectname)
> git remote --verbose
> git config --get commit.template
> git rev-list --count ade24d39df88a752d656fdd989eb25c0b7ca2d7d.. -- /home/smarthome/smarthome/smarthomeproj/settings.py
> git log --format=%H%n%aN%n%aE%n%at%n%ct%n%P%n%B -z -n7 -- /home/smarthome/smarthome/smarthomeproj/settings.py
> git status -z -u
> git symbolic-ref --short HEAD
> git rev-parse master
> git rev-parse --symbolic-full-name master@{u}
> git rev-list --left-right master...refs/remotes/origin/master
> git for-each-ref --sort -committerdate --format %(refname) %(objectname) %(*objectname)
> git remote --verbose
> git config --get commit.template
