User belongs to experiment group 'AlwaysDisplayTestExplorer - control'
User belongs to experiment group 'ShowPlayIcon - start'
User belongs to experiment group 'ShowExtensionSurveyPrompt - control'
User belongs to experiment group 'DebugAdapterFactory - experiment'
User belongs to experiment group 'PtvsdWheels37 - experiment'
User belongs to experiment group 'UseTerminalToGetActivatedEnvVars - control'
User belongs to experiment group 'LocalZMQKernel - experiment'
User belongs to experiment group 'CollectLSRequestTiming - control'
User belongs to experiment group 'CollectNodeLSRequestTiming - experiment'
User belongs to experiment group 'EnableIPyWidgets - experiment'
User belongs to experiment group 'DeprecatePythonPath - experiment'
User belongs to experiment group 'RunByLine - experiment'
User belongs to experiment group 'CustomEditorSupport - control'
User belongs to experiment group 'pythonaa'
User belongs to experiment group 'pythonJoinMailingListVar3'
User belongs to experiment group 'pythonSendEntireLineToREPL'
> conda --version
> conda info --json
> pyenv root
> python3.7 ~/.vscode-server/extensions/ms-python.python-2020.12.424452561/pythonFiles/pyvsc-run-isolated.py -c "import sys;print(sys.executable)"
> python3.6 ~/.vscode-server/extensions/ms-python.python-2020.12.424452561/pythonFiles/pyvsc-run-isolated.py -c "import sys;print(sys.executable)"
> python3 ~/.vscode-server/extensions/ms-python.python-2020.12.424452561/pythonFiles/pyvsc-run-isolated.py -c "import sys;print(sys.executable)"
> python2 ~/.vscode-server/extensions/ms-python.python-2020.12.424452561/pythonFiles/pyvsc-run-isolated.py -c "import sys;print(sys.executable)"
> python ~/.vscode-server/extensions/ms-python.python-2020.12.424452561/pythonFiles/pyvsc-run-isolated.py -c "import sys;print(sys.executable)"
> python ~/.vscode-server/extensions/ms-python.python-2020.12.424452561/pythonFiles/pyvsc-run-isolated.py -c "import sys;print(sys.executable)"
> python ~/.vscode-server/extensions/ms-python.python-2020.12.424452561/pythonFiles/pyvsc-run-isolated.py -c "import sys;print(sys.executable)"
> python ~/.vscode-server/extensions/ms-python.python-2020.12.424452561/pythonFiles/pyvsc-run-isolated.py -c "import sys;print(sys.executable)"
Error 2020-12-24 15:24:23: Failed to check if file needs to be fixed [EntryNotFound (FileSystemError): Unable to read file 'vscode-remote://ssh-remote+7b22686f73744e616d65223a223136312e33352e382e313438222c2275736572223a22736d617274686f6d65227d/home/smarthome/.config/Code/User/settings.json' (EntryNotFound (FileSystemError): Error: ENOENT: no such file or directory, open '/home/smarthome/.config/Code/User/settings.json')
	at _handleError (/home/smarthome/.vscode-server/bin/ea3859d4ba2f3e577a159bc91e3074c5d85c0523/out/vs/server/remoteExtensionHostProcess.js:769:473)
	at processTicksAndRejections (internal/process/task_queues.js:94:5)
	at async y.readText (/home/smarthome/.vscode-server/extensions/ms-python.python-2020.12.424452561/out/client/extension.js:9:262389)
	at async p.doesFileNeedToBeFixed (/home/smarthome/.vscode-server/extensions/ms-python.python-2020.12.424452561/out/client/extension.js:59:489303)
	at async /home/smarthome/.vscode-server/extensions/ms-python.python-2020.12.424452561/out/client/extension.js:59:488430
	at async Promise.all (index 0)
	at async p.getFilesToBeFixed (/home/smarthome/.vscode-server/extensions/ms-python.python-2020.12.424452561/out/client/extension.js:59:488376)
	at async p.updateTestSettings (/home/smarthome/.vscode-server/extensions/ms-python.python-2020.12.424452561/out/client/extension.js:59:488003)] {
  code: 'FileNotFound',
  name: 'EntryNotFound (FileSystemError)'
}
Starting Jedi Python language engine.
Python interpreter path: /usr/bin/python3
> /usr/bin/python3 ~/.vscode-server/extensions/ms-python.python-2020.12.424452561/pythonFiles/pyvsc-run-isolated.py -c "import sys;print(sys.prefix)"
cwd: ~/smarthome
> /usr/bin/python3 ~/.vscode-server/extensions/ms-python.python-2020.12.424452561/pythonFiles/pyvsc-run-isolated.py -c "import sys;print(sys.prefix)"
cwd: ~/smarthome
> /usr/bin/python3 ~/.vscode-server/extensions/ms-python.python-2020.12.424452561/pythonFiles/pyvsc-run-isolated.py -c "import sys;print(sys.executable)"
cwd: ~/smarthome
> /usr/bin/python3 ~/.vscode-server/extensions/ms-python.python-2020.12.424452561/pythonFiles/pyvsc-run-isolated.py -c "import sys;print(sys.executable)"
cwd: ~/smarthome
> /usr/bin/python3 ~/.vscode-server/extensions/ms-python.python-2020.12.424452561/pythonFiles/pyvsc-run-isolated.py -c "from distutils.sysconfig import get_python_lib; print(get_python_lib())"
cwd: ~/smarthome
> /usr/bin/python3 ~/.vscode-server/extensions/ms-python.python-2020.12.424452561/pythonFiles/pyvsc-run-isolated.py -c "from distutils.sysconfig import get_python_lib; print(get_python_lib())"
cwd: ~/smarthome
> /usr/bin/python3 ~/.vscode-server/extensions/ms-python.python-2020.12.424452561/pythonFiles/pyvsc-run-isolated.py site --user-site
cwd: ~/smarthome
> /usr/bin/python3 ~/.vscode-server/extensions/ms-python.python-2020.12.424452561/pythonFiles/pyvsc-run-isolated.py site --user-site
cwd: ~/smarthome
> conda --version
> /usr/bin/python3 ~/.vscode-server/extensions/ms-python.python-2020.12.424452561/pythonFiles/pyvsc-run-isolated.py ~/.vscode-server/extensions/ms-python.python-2020.12.424452561/pythonFiles/completion.py
> /usr/bin/python3 ~/.vscode-server/extensions/ms-python.python-2020.12.424452561/pythonFiles/pyvsc-run-isolated.py ~/.vscode-server/extensions/ms-python.python-2020.12.424452561/pythonFiles/completion.py
Error 2020-12-24 15:24:25: stderr jediProxy Error (stderr) /home/smarthome/.vscode-server/extensions/ms-python.python-2020.12.424452561/pythonFiles/completion.py:584: DeprecationWarning: Deprecated since version 0.16.0. Use Script(...).get_names instead.
  jedi.api.names(

Error 2020-12-24 15:24:25: stderr jediProxy Error (stderr) /home/smarthome/.vscode-server/extensions/ms-python.python-2020.12.424452561/pythonFiles/completion.py:592: DeprecationWarning: Providing the line is now done in the functions themselves like `Script(...).complete(line, column)`
  script = jedi.Script(
/home/smarthome/.vscode-server/extensions/ms-python.python-2020.12.424452561/pythonFiles/completion.py:592: DeprecationWarning: Providing the column is now done in the functions themselves like `Script(...).complete(line, column)`
  script = jedi.Script(
/home/smarthome/.vscode-server/extensions/ms-python.python-2020.12.424452561/pythonFiles/completion.py:592: DeprecationWarning: Deprecated since version 0.17.0. Use the project API instead, which means Script(project=Project(dir, sys_path=sys_path)) instead.
  script = jedi.Script(
/home/smarthome/.vscode-server/extensions/ms-python.python-2020.12.424452561/pythonFiles/completion.py:626: DeprecationWarning: Deprecated since version 0.16.0. Use Script(...).infer instead.
  script.goto_definitions(), request["id"]

> /usr/bin/python3 ~/.vscode-server/extensions/ms-python.python-2020.12.424452561/pythonFiles/pyvsc-run-isolated.py pylint --disable=all --enable=F,unreachable,duplicate-key,unnecessary-semicolon,global-variable-not-assigned,unused-variable,unused-wildcard-import,binary-op-exception,bad-format-string,anomalous-backslash-in-string,bad-open-mode,E0001,E0011,E0012,E0100,E0101,E0102,E0103,E0104,E0105,E0107,E0108,E0110,E0111,E0112,E0113,E0114,E0115,E0116,E0117,E0118,E0202,E0203,E0211,E0213,E0236,E0237,E0238,E0239,E0240,E0241,E0301,E0302,E0303,E0401,E0402,E0601,E0602,E0603,E0604,E0611,E0632,E0633,E0701,E0702,E0703,E0704,E0710,E0711,E0712,E1003,E1101,E1102,E1111,E1120,E1121,E1123,E1124,E1125,E1126,E1127,E1128,E1129,E1130,E1131,E1132,E1133,E1134,E1135,E1136,E1137,E1138,E1139,E1200,E1201,E1205,E1206,E1300,E1301,E1302,E1303,E1304,E1305,E1306,E1310,E1700,E1701 --msg-template='{line},{column},{category},{symbol}:{msg}' --reports=n --output-format=text ~/smarthome/smarthomeproj/urls.py
cwd: ~/smarthome
> /usr/bin/python3 ~/.vscode-server/extensions/ms-python.python-2020.12.424452561/pythonFiles/pyvsc-run-isolated.py pylint --disable=all --enable=F,unreachable,duplicate-key,unnecessary-semicolon,global-variable-not-assigned,unused-variable,unused-wildcard-import,binary-op-exception,bad-format-string,anomalous-backslash-in-string,bad-open-mode,E0001,E0011,E0012,E0100,E0101,E0102,E0103,E0104,E0105,E0107,E0108,E0110,E0111,E0112,E0113,E0114,E0115,E0116,E0117,E0118,E0202,E0203,E0211,E0213,E0236,E0237,E0238,E0239,E0240,E0241,E0301,E0302,E0303,E0401,E0402,E0601,E0602,E0603,E0604,E0611,E0632,E0633,E0701,E0702,E0703,E0704,E0710,E0711,E0712,E1003,E1101,E1102,E1111,E1120,E1121,E1123,E1124,E1125,E1126,E1127,E1128,E1129,E1130,E1131,E1132,E1133,E1134,E1135,E1136,E1137,E1138,E1139,E1200,E1201,E1205,E1206,E1300,E1301,E1302,E1303,E1304,E1305,E1306,E1310,E1700,E1701 --msg-template='{line},{column},{category},{symbol}:{msg}' --reports=n --output-format=text ~/smarthome/smarthomeproj/urls.py
cwd: ~/smarthome
##########Linting Output - pylint##########
************* Module smarthomeproj.urls
16,0,error,import-error:Unable to import 'django.urls'
17,0,error,import-error:Unable to import 'django.contrib'
18,0,error,import-error:Unable to import 'rest_framework'
19,0,error,import-error:Unable to import 'django.views.generic'
22,0,error,import-error:Unable to import 'django.conf.urls'

--------------------------------------------------------------------
Your code has been rated at -3.16/10 (previous run: -3.16/10, +0.00)

> /usr/bin/python3 ~/.vscode-server/extensions/ms-python.python-2020.12.424452561/pythonFiles/pyvsc-run-isolated.py -c "import sys;print(sys.executable)"
> /usr/bin/python3 ~/.vscode-server/extensions/ms-python.python-2020.12.424452561/pythonFiles/pyvsc-run-isolated.py pylint --disable=all --enable=F,unreachable,duplicate-key,unnecessary-semicolon,global-variable-not-assigned,unused-variable,unused-wildcard-import,binary-op-exception,bad-format-string,anomalous-backslash-in-string,bad-open-mode,E0001,E0011,E0012,E0100,E0101,E0102,E0103,E0104,E0105,E0107,E0108,E0110,E0111,E0112,E0113,E0114,E0115,E0116,E0117,E0118,E0202,E0203,E0211,E0213,E0236,E0237,E0238,E0239,E0240,E0241,E0301,E0302,E0303,E0401,E0402,E0601,E0602,E0603,E0604,E0611,E0632,E0633,E0701,E0702,E0703,E0704,E0710,E0711,E0712,E1003,E1101,E1102,E1111,E1120,E1121,E1123,E1124,E1125,E1126,E1127,E1128,E1129,E1130,E1131,E1132,E1133,E1134,E1135,E1136,E1137,E1138,E1139,E1200,E1201,E1205,E1206,E1300,E1301,E1302,E1303,E1304,E1305,E1306,E1310,E1700,E1701 --msg-template='{line},{column},{category},{symbol}:{msg}' --reports=n --output-format=text ~/smarthome/manage.py
cwd: ~/smarthome
> /usr/bin/python3 ~/.vscode-server/extensions/ms-python.python-2020.12.424452561/pythonFiles/pyvsc-run-isolated.py pylint --disable=all --enable=F,unreachable,duplicate-key,unnecessary-semicolon,global-variable-not-assigned,unused-variable,unused-wildcard-import,binary-op-exception,bad-format-string,anomalous-backslash-in-string,bad-open-mode,E0001,E0011,E0012,E0100,E0101,E0102,E0103,E0104,E0105,E0107,E0108,E0110,E0111,E0112,E0113,E0114,E0115,E0116,E0117,E0118,E0202,E0203,E0211,E0213,E0236,E0237,E0238,E0239,E0240,E0241,E0301,E0302,E0303,E0401,E0402,E0601,E0602,E0603,E0604,E0611,E0632,E0633,E0701,E0702,E0703,E0704,E0710,E0711,E0712,E1003,E1101,E1102,E1111,E1120,E1121,E1123,E1124,E1125,E1126,E1127,E1128,E1129,E1130,E1131,E1132,E1133,E1134,E1135,E1136,E1137,E1138,E1139,E1200,E1201,E1205,E1206,E1300,E1301,E1302,E1303,E1304,E1305,E1306,E1310,E1700,E1701 --msg-template='{line},{column},{category},{symbol}:{msg}' --reports=n --output-format=text ~/smarthome/manage.py
cwd: ~/smarthome
##########Linting Output - pylint##########

--------------------------------------------------------------------
Your code has been rated at 10.00/10 (previous run: 10.00/10, +0.00)

> /usr/bin/python3 ~/.vscode-server/extensions/ms-python.python-2020.12.424452561/pythonFiles/pyvsc-run-isolated.py pylint --disable=all --enable=F,unreachable,duplicate-key,unnecessary-semicolon,global-variable-not-assigned,unused-variable,unused-wildcard-import,binary-op-exception,bad-format-string,anomalous-backslash-in-string,bad-open-mode,E0001,E0011,E0012,E0100,E0101,E0102,E0103,E0104,E0105,E0107,E0108,E0110,E0111,E0112,E0113,E0114,E0115,E0116,E0117,E0118,E0202,E0203,E0211,E0213,E0236,E0237,E0238,E0239,E0240,E0241,E0301,E0302,E0303,E0401,E0402,E0601,E0602,E0603,E0604,E0611,E0632,E0633,E0701,E0702,E0703,E0704,E0710,E0711,E0712,E1003,E1101,E1102,E1111,E1120,E1121,E1123,E1124,E1125,E1126,E1127,E1128,E1129,E1130,E1131,E1132,E1133,E1134,E1135,E1136,E1137,E1138,E1139,E1200,E1201,E1205,E1206,E1300,E1301,E1302,E1303,E1304,E1305,E1306,E1310,E1700,E1701 --msg-template='{line},{column},{category},{symbol}:{msg}' --reports=n --output-format=text ~/smarthome/smarthomeproj/settings.py
cwd: ~/smarthome
> /usr/bin/python3 ~/.vscode-server/extensions/ms-python.python-2020.12.424452561/pythonFiles/pyvsc-run-isolated.py pylint --disable=all --enable=F,unreachable,duplicate-key,unnecessary-semicolon,global-variable-not-assigned,unused-variable,unused-wildcard-import,binary-op-exception,bad-format-string,anomalous-backslash-in-string,bad-open-mode,E0001,E0011,E0012,E0100,E0101,E0102,E0103,E0104,E0105,E0107,E0108,E0110,E0111,E0112,E0113,E0114,E0115,E0116,E0117,E0118,E0202,E0203,E0211,E0213,E0236,E0237,E0238,E0239,E0240,E0241,E0301,E0302,E0303,E0401,E0402,E0601,E0602,E0603,E0604,E0611,E0632,E0633,E0701,E0702,E0703,E0704,E0710,E0711,E0712,E1003,E1101,E1102,E1111,E1120,E1121,E1123,E1124,E1125,E1126,E1127,E1128,E1129,E1130,E1131,E1132,E1133,E1134,E1135,E1136,E1137,E1138,E1139,E1200,E1201,E1205,E1206,E1300,E1301,E1302,E1303,E1304,E1305,E1306,E1310,E1700,E1701 --msg-template='{line},{column},{category},{symbol}:{msg}' --reports=n --output-format=text ~/smarthome/smarthomeproj/settings.py
cwd: ~/smarthome
##########Linting Output - pylint##########

--------------------------------------------------------------------
Your code has been rated at 10.00/10 (previous run: 10.00/10, +0.00)

> /usr/bin/python3 ~/.vscode-server/extensions/ms-python.python-2020.12.424452561/pythonFiles/pyvsc-run-isolated.py pylint --disable=all --enable=F,unreachable,duplicate-key,unnecessary-semicolon,global-variable-not-assigned,unused-variable,unused-wildcard-import,binary-op-exception,bad-format-string,anomalous-backslash-in-string,bad-open-mode,E0001,E0011,E0012,E0100,E0101,E0102,E0103,E0104,E0105,E0107,E0108,E0110,E0111,E0112,E0113,E0114,E0115,E0116,E0117,E0118,E0202,E0203,E0211,E0213,E0236,E0237,E0238,E0239,E0240,E0241,E0301,E0302,E0303,E0401,E0402,E0601,E0602,E0603,E0604,E0611,E0632,E0633,E0701,E0702,E0703,E0704,E0710,E0711,E0712,E1003,E1101,E1102,E1111,E1120,E1121,E1123,E1124,E1125,E1126,E1127,E1128,E1129,E1130,E1131,E1132,E1133,E1134,E1135,E1136,E1137,E1138,E1139,E1200,E1201,E1205,E1206,E1300,E1301,E1302,E1303,E1304,E1305,E1306,E1310,E1700,E1701 --msg-template='{line},{column},{category},{symbol}:{msg}' --reports=n --output-format=text ~/smarthome/smarthomeproj/server/mqtt.py
cwd: ~/smarthome
> /usr/bin/python3 ~/.vscode-server/extensions/ms-python.python-2020.12.424452561/pythonFiles/pyvsc-run-isolated.py pylint --disable=all --enable=F,unreachable,duplicate-key,unnecessary-semicolon,global-variable-not-assigned,unused-variable,unused-wildcard-import,binary-op-exception,bad-format-string,anomalous-backslash-in-string,bad-open-mode,E0001,E0011,E0012,E0100,E0101,E0102,E0103,E0104,E0105,E0107,E0108,E0110,E0111,E0112,E0113,E0114,E0115,E0116,E0117,E0118,E0202,E0203,E0211,E0213,E0236,E0237,E0238,E0239,E0240,E0241,E0301,E0302,E0303,E0401,E0402,E0601,E0602,E0603,E0604,E0611,E0632,E0633,E0701,E0702,E0703,E0704,E0710,E0711,E0712,E1003,E1101,E1102,E1111,E1120,E1121,E1123,E1124,E1125,E1126,E1127,E1128,E1129,E1130,E1131,E1132,E1133,E1134,E1135,E1136,E1137,E1138,E1139,E1200,E1201,E1205,E1206,E1300,E1301,E1302,E1303,E1304,E1305,E1306,E1310,E1700,E1701 --msg-template='{line},{column},{category},{symbol}:{msg}' --reports=n --output-format=text ~/smarthome/smarthomeproj/server/mqtt.py
cwd: ~/smarthome
##########Linting Output - pylint##########
************* Module smarthomeproj.server.mqtt
1,0,error,import-error:Unable to import 'paho.mqtt.client'
75,4,warning,unreachable:Unreachable code

------------------------------------------------------------------
Your code has been rated at 8.78/10 (previous run: 8.78/10, +0.00)

Error 2020-12-24 15:46:55: stderr jediProxy Error (stderr) /home/smarthome/.vscode-server/extensions/ms-python.python-2020.12.424452561/pythonFiles/completion.py:584: DeprecationWarning: Deprecated since version 0.16.0. Use Script(...).get_names instead.
  jedi.api.names(

Error 2020-12-24 15:47:01: stderr jediProxy Error (stderr) /home/smarthome/.vscode-server/extensions/ms-python.python-2020.12.424452561/pythonFiles/completion.py:584: DeprecationWarning: Deprecated since version 0.16.0. Use Script(...).get_names instead.
  jedi.api.names(

Error 2020-12-24 15:47:05: stderr jediProxy Error (stderr) /home/smarthome/.vscode-server/extensions/ms-python.python-2020.12.424452561/pythonFiles/completion.py:584: DeprecationWarning: Deprecated since version 0.16.0. Use Script(...).get_names instead.
  jedi.api.names(

Error 2020-12-24 15:47:09: stderr jediProxy Error (stderr) /home/smarthome/.vscode-server/extensions/ms-python.python-2020.12.424452561/pythonFiles/completion.py:584: DeprecationWarning: Deprecated since version 0.16.0. Use Script(...).get_names instead.
  jedi.api.names(

Error 2020-12-24 15:47:13: stderr jediProxy Error (stderr) /home/smarthome/.vscode-server/extensions/ms-python.python-2020.12.424452561/pythonFiles/completion.py:584: DeprecationWarning: Deprecated since version 0.16.0. Use Script(...).get_names instead.
  jedi.api.names(

Error 2020-12-24 15:47:20: stderr jediProxy Error (stderr) /home/smarthome/.vscode-server/extensions/ms-python.python-2020.12.424452561/pythonFiles/completion.py:584: DeprecationWarning: Deprecated since version 0.16.0. Use Script(...).get_names instead.
  jedi.api.names(

Error 2020-12-24 15:47:24: stderr jediProxy Error (stderr) /home/smarthome/.vscode-server/extensions/ms-python.python-2020.12.424452561/pythonFiles/completion.py:584: DeprecationWarning: Deprecated since version 0.16.0. Use Script(...).get_names instead.
  jedi.api.names(

Error 2020-12-24 15:47:39: stderr jediProxy Error (stderr) /home/smarthome/.vscode-server/extensions/ms-python.python-2020.12.424452561/pythonFiles/completion.py:584: DeprecationWarning: Deprecated since version 0.16.0. Use Script(...).get_names instead.
  jedi.api.names(

Error 2020-12-24 15:47:56: stderr jediProxy Error (stderr) /home/smarthome/.vscode-server/extensions/ms-python.python-2020.12.424452561/pythonFiles/completion.py:584: DeprecationWarning: Deprecated since version 0.16.0. Use Script(...).get_names instead.
  jedi.api.names(

Error 2020-12-24 15:48:31: stderr jediProxy Error (stderr) /home/smarthome/.vscode-server/extensions/ms-python.python-2020.12.424452561/pythonFiles/completion.py:584: DeprecationWarning: Deprecated since version 0.16.0. Use Script(...).get_names instead.
  jedi.api.names(

Error 2020-12-24 15:49:00: stderr jediProxy Error (stderr) /home/smarthome/.vscode-server/extensions/ms-python.python-2020.12.424452561/pythonFiles/completion.py:584: DeprecationWarning: Deprecated since version 0.16.0. Use Script(...).get_names instead.
  jedi.api.names(

Error 2020-12-24 15:49:33: stderr jediProxy Error (stderr) /home/smarthome/.vscode-server/extensions/ms-python.python-2020.12.424452561/pythonFiles/completion.py:584: DeprecationWarning: Deprecated since version 0.16.0. Use Script(...).get_names instead.
  jedi.api.names(

Error 2020-12-24 16:22:36: stderr jediProxy Error (stderr) /home/smarthome/.vscode-server/extensions/ms-python.python-2020.12.424452561/pythonFiles/completion.py:584: DeprecationWarning: Deprecated since version 0.16.0. Use Script(...).get_names instead.
  jedi.api.names(

