Looking for git in: git
Using git 2.25.1 from git
> git rev-parse --git-dir
Open repository: /home/smarthome
> git status -z -u
> git symbolic-ref --short HEAD
> git rev-parse master
> git rev-parse --symbolic-full-name master@{u}
> git rev-list --left-right master...refs/remotes/origin/master
> git for-each-ref --sort -committerdate --format %(refname) %(objectname) %(*objectname)
> git remote --verbose
> git check-ignore -v -z --stdin
> git config --get commit.template
> git show --textconv :debug.log
> git ls-files --stage -- /home/smarthome/debug.log
> git cat-file -s 3b71ddc6b40910ef098153b154afdf9be869aa1c
> git check-ignore -v -z --stdin
> git show --textconv :smarthome/debug.log
> git ls-files --stage -- /home/smarthome/smarthome/debug.log
> git cat-file -s 76d19b8e19952cfe2931536db6983c59f04c3fe7
> git check-ignore -v -z --stdin
> git show --textconv :smarthome/manage.py
> git ls-files --stage -- /home/smarthome/smarthome/manage.py
> git cat-file -s 6d5caf42a1e1f77d4c29346711ef6553ce64355f
> git show --textconv :smarthome/debug.log
> git ls-files --stage -- /home/smarthome/smarthome/debug.log
> git cat-file -s 76d19b8e19952cfe2931536db6983c59f04c3fe7
> git check-ignore -v -z --stdin
> git check-ignore -v -z --stdin
> git show --textconv :smarthome/smarthomeproj/server/mqtt.py
> git ls-files --stage -- /home/smarthome/smarthome/smarthomeproj/server/mqtt.py
> git cat-file -s 85e2913b43932959ca411c1b29fe3fca09a1f5a0
> git show --textconv :smarthome/debug.log
> git ls-files --stage -- /home/smarthome/smarthome/debug.log
> git cat-file -s 76d19b8e19952cfe2931536db6983c59f04c3fe7
> git show --textconv :smarthome/smarthomeproj/wsgi.py
> git ls-files --stage -- /home/smarthome/smarthome/smarthomeproj/wsgi.py
> git cat-file -s 0d6dcf62829f4fc087fbc28cc8c47c244452cdcc
> git check-ignore -v -z --stdin
> git show --textconv :smarthome/debug.log
> git ls-files --stage -- /home/smarthome/smarthome/debug.log
> git cat-file -s 76d19b8e19952cfe2931536db6983c59f04c3fe7
> git log --format=%H%n%aN%n%aE%n%at%n%ct%n%P%n%B -z -n21 -- /home/smarthome/smarthome/debug.log
> git log --format=%H%n%aN%n%aE%n%at%n%ct%n%P%n%B -z -n41 -- /home/smarthome/smarthome/debug.log
> git show --textconv :smarthome/debug.log
> git ls-files --stage -- /home/smarthome/smarthome/debug.log
> git cat-file -s 76d19b8e19952cfe2931536db6983c59f04c3fe7
> git show --textconv :smarthome/smarthomeproj/server/mqtt.py
> git ls-files --stage -- /home/smarthome/smarthome/smarthomeproj/server/mqtt.py
> git cat-file -s 85e2913b43932959ca411c1b29fe3fca09a1f5a0
> git show --textconv :smarthome/debug.log
> git ls-files --stage -- /home/smarthome/smarthome/debug.log
> git cat-file -s 76d19b8e19952cfe2931536db6983c59f04c3fe7
> git show --textconv :smarthome/smarthomeproj/server/mqtt.py
> git ls-files --stage -- /home/smarthome/smarthome/smarthomeproj/server/mqtt.py
> git cat-file -s 85e2913b43932959ca411c1b29fe3fca09a1f5a0
> git show --textconv :smarthome/smarthomeproj/server/apps.py
> git ls-files --stage -- /home/smarthome/smarthome/smarthomeproj/server/apps.py
> git cat-file -s d64f69590c455affafde039f74c3a76467ede955
> git show --textconv :smarthome/smarthomeproj/server/mqtt.py
> git ls-files --stage -- /home/smarthome/smarthome/smarthomeproj/server/mqtt.py
> git cat-file -s 85e2913b43932959ca411c1b29fe3fca09a1f5a0
> git show --textconv :debug.log
> git ls-files --stage -- /home/smarthome/debug.log
> git cat-file -s 3b71ddc6b40910ef098153b154afdf9be869aa1c
> git show --textconv :smarthome/debug.log
> git ls-files --stage -- /home/smarthome/smarthome/debug.log
> git cat-file -s 76d19b8e19952cfe2931536db6983c59f04c3fe7
> git show --textconv :smarthome/smarthomeproj/server/views.py
> git ls-files --stage -- /home/smarthome/smarthome/smarthomeproj/server/views.py
> git cat-file -s 79b3fbfa9a6cb38946fee072f63e5c6a16427ad0
> git show --textconv :smarthome/smarthomeproj/server/mqtt.py
> git ls-files --stage -- /home/smarthome/smarthome/smarthomeproj/server/mqtt.py
> git cat-file -s 85e2913b43932959ca411c1b29fe3fca09a1f5a0
> git show --textconv :smarthome/debug.log
> git ls-files --stage -- /home/smarthome/smarthome/debug.log
> git cat-file -s 76d19b8e19952cfe2931536db6983c59f04c3fe7
> git show --textconv :smarthome/smarthomeproj/wsgi.py
> git ls-files --stage -- /home/smarthome/smarthome/smarthomeproj/wsgi.py
> git cat-file -s 0d6dcf62829f4fc087fbc28cc8c47c244452cdcc
> git show --textconv :smarthome/debug.log
> git ls-files --stage -- /home/smarthome/smarthome/debug.log
> git cat-file -s 76d19b8e19952cfe2931536db6983c59f04c3fe7
> git show --textconv :smarthome/manage.py
> git ls-files --stage -- /home/smarthome/smarthome/manage.py
> git cat-file -s 6d5caf42a1e1f77d4c29346711ef6553ce64355f
> git show --textconv :smarthome/debug.log
> git ls-files --stage -- /home/smarthome/smarthome/debug.log
> git cat-file -s 76d19b8e19952cfe2931536db6983c59f04c3fe7
> git show --textconv :smarthome/manage.py
> git ls-files --stage -- /home/smarthome/smarthome/manage.py
> git cat-file -s 6d5caf42a1e1f77d4c29346711ef6553ce64355f
> git show --textconv :smarthome/debug.log
> git ls-files --stage -- /home/smarthome/smarthome/debug.log
> git cat-file -s 76d19b8e19952cfe2931536db6983c59f04c3fe7
> git show --textconv :.bash_logout
> git ls-files --stage -- /home/smarthome/.bash_logout
> git cat-file -s de4f5f75d7ccd3a5b62bd2ce683ed678a5cb72c2
> git show --textconv :smarthome/debug.log
> git ls-files --stage -- /home/smarthome/smarthome/debug.log
> git cat-file -s 76d19b8e19952cfe2931536db6983c59f04c3fe7
> git show --textconv :smarthome/smarthomeproj/server/mqtt.py
> git ls-files --stage -- /home/smarthome/smarthome/smarthomeproj/server/mqtt.py
> git cat-file -s 85e2913b43932959ca411c1b29fe3fca09a1f5a0
> git show --textconv :smarthome/smarthomeproj/server/views.py
> git ls-files --stage -- /home/smarthome/smarthome/smarthomeproj/server/views.py
> git cat-file -s 79b3fbfa9a6cb38946fee072f63e5c6a16427ad0
> git show --textconv :smarthome/smarthomeproj/server/__init__.py
> git ls-files --stage -- /home/smarthome/smarthome/smarthomeproj/server/__init__.py
> git cat-file -s 3c7bcc73b422a45e47aa530c88cda6dfe16f03d6
> git show --textconv :smarthome/smarthomeproj/server/apps.py
> git ls-files --stage -- /home/smarthome/smarthome/smarthomeproj/server/apps.py
> git cat-file -s d64f69590c455affafde039f74c3a76467ede955
> git check-ignore -v -z --stdin
> git show --textconv :smarthome/smarthomeproj/server/mqtt.py
> git ls-files --stage -- /home/smarthome/smarthome/smarthomeproj/server/mqtt.py
> git cat-file -s 85e2913b43932959ca411c1b29fe3fca09a1f5a0
> git show --textconv :smarthome/debug.log
> git ls-files --stage -- /home/smarthome/smarthome/debug.log
> git cat-file -s 76d19b8e19952cfe2931536db6983c59f04c3fe7
> git show --textconv :smarthome/manage.py
> git ls-files --stage -- /home/smarthome/smarthome/manage.py
> git cat-file -s 6d5caf42a1e1f77d4c29346711ef6553ce64355f
> git show --textconv :smarthome/debug.log
> git ls-files --stage -- /home/smarthome/smarthome/debug.log
> git cat-file -s 76d19b8e19952cfe2931536db6983c59f04c3fe7
> git show --textconv :smarthome/smarthomeproj/server/mqtt.py
> git ls-files --stage -- /home/smarthome/smarthome/smarthomeproj/server/mqtt.py
> git cat-file -s 85e2913b43932959ca411c1b29fe3fca09a1f5a0
> git show --textconv :debug.log
> git ls-files --stage -- /home/smarthome/debug.log
> git cat-file -s 3b71ddc6b40910ef098153b154afdf9be869aa1c
> git show --textconv :smarthome/smarthomeproj/server/mqtt.py
> git ls-files --stage -- /home/smarthome/smarthome/smarthomeproj/server/mqtt.py
> git cat-file -s 85e2913b43932959ca411c1b29fe3fca09a1f5a0
> git show --textconv :smarthome/smarthomeproj/server/apps.py
> git ls-files --stage -- /home/smarthome/smarthome/smarthomeproj/server/apps.py
> git cat-file -s d64f69590c455affafde039f74c3a76467ede955
> git show --textconv :smarthome/smarthomeproj/server/views.py
> git ls-files --stage -- /home/smarthome/smarthome/smarthomeproj/server/views.py
> git cat-file -s 79b3fbfa9a6cb38946fee072f63e5c6a16427ad0
> git show --textconv :smarthome/smarthomeproj/server/mqtt.py
> git ls-files --stage -- /home/smarthome/smarthome/smarthomeproj/server/mqtt.py
> git cat-file -s 85e2913b43932959ca411c1b29fe3fca09a1f5a0
> git show --textconv :smarthome/debug.log
> git ls-files --stage -- /home/smarthome/smarthome/debug.log
> git cat-file -s 76d19b8e19952cfe2931536db6983c59f04c3fe7
> git show --textconv :smarthome/manage.py
> git ls-files --stage -- /home/smarthome/smarthome/manage.py
> git cat-file -s 6d5caf42a1e1f77d4c29346711ef6553ce64355f
> git show --textconv :smarthome/debug.log
> git ls-files --stage -- /home/smarthome/smarthome/debug.log
> git cat-file -s 76d19b8e19952cfe2931536db6983c59f04c3fe7
> git show --textconv :smarthome/smarthomeproj/urls.py
> git ls-files --stage -- /home/smarthome/smarthome/smarthomeproj/urls.py
> git cat-file -s 941aa402b952357c76d3845cac619d2d1068e8cb
> git show --textconv :smarthome/debug.log
> git ls-files --stage -- /home/smarthome/smarthome/debug.log
> git cat-file -s 76d19b8e19952cfe2931536db6983c59f04c3fe7
> git show --textconv :smarthome/manage.py
> git ls-files --stage -- /home/smarthome/smarthome/manage.py
> git cat-file -s 6d5caf42a1e1f77d4c29346711ef6553ce64355f
> git show --textconv :smarthome/smarthomeproj/server/mqtt.py
> git ls-files --stage -- /home/smarthome/smarthome/smarthomeproj/server/mqtt.py
> git cat-file -s 85e2913b43932959ca411c1b29fe3fca09a1f5a0
> git show --textconv :smarthome/debug.log
> git ls-files --stage -- /home/smarthome/smarthome/debug.log
> git cat-file -s 76d19b8e19952cfe2931536db6983c59f04c3fe7
> git show --textconv :smarthome/manage.py
> git ls-files --stage -- /home/smarthome/smarthome/manage.py
> git cat-file -s 6d5caf42a1e1f77d4c29346711ef6553ce64355f
> git show --textconv :smarthome/debug.log
> git ls-files --stage -- /home/smarthome/smarthome/debug.log
> git cat-file -s 76d19b8e19952cfe2931536db6983c59f04c3fe7
> git show --textconv :smarthome/smarthomeproj/server/mqtt.py
> git ls-files --stage -- /home/smarthome/smarthome/smarthomeproj/server/mqtt.py
> git cat-file -s 85e2913b43932959ca411c1b29fe3fca09a1f5a0
> git show --textconv :smarthome/debug.log
> git ls-files --stage -- /home/smarthome/smarthome/debug.log
> git cat-file -s 76d19b8e19952cfe2931536db6983c59f04c3fe7
> git show --textconv :smarthome/smarthomeproj/server/mqtt.py
> git ls-files --stage -- /home/smarthome/smarthome/smarthomeproj/server/mqtt.py
> git cat-file -s 85e2913b43932959ca411c1b29fe3fca09a1f5a0
> git show --textconv :smarthome/smarthomeproj/server/views.py
> git ls-files --stage -- /home/smarthome/smarthome/smarthomeproj/server/views.py
> git cat-file -s 79b3fbfa9a6cb38946fee072f63e5c6a16427ad0
> git show --textconv :smarthome/smarthomeproj/server/apps.py
> git ls-files --stage -- /home/smarthome/smarthome/smarthomeproj/server/apps.py
> git cat-file -s d64f69590c455affafde039f74c3a76467ede955
> git show --textconv :smarthome/debug.log
> git ls-files --stage -- /home/smarthome/smarthome/debug.log
> git cat-file -s 76d19b8e19952cfe2931536db6983c59f04c3fe7
> git show --textconv :smarthome/smarthomeproj/server/mqtt.py
> git ls-files --stage -- /home/smarthome/smarthome/smarthomeproj/server/mqtt.py
> git cat-file -s 85e2913b43932959ca411c1b29fe3fca09a1f5a0
