[2020-12-25 17:20:41.759] [exthost] [info] extension host started
[2020-12-25 17:20:42.896] [exthost] [info] ExtensionService#_doActivateExtension vscode.debug-auto-launch {"startup":true,"extensionId":{"value":"vscode.debug-auto-launch","_lower":"vscode.debug-auto-launch"},"activationEvent":"*"}
[2020-12-25 17:20:42.897] [exthost] [info] ExtensionService#loadCommonJSModule file:///home/smarthome/.vscode-server/bin/ea3859d4ba2f3e577a159bc91e3074c5d85c0523/extensions/debug-auto-launch/dist/extension
[2020-12-25 17:20:42.903] [exthost] [info] ExtensionService#_doActivateExtension vscode.emmet {"startup":true,"extensionId":{"value":"vscode.emmet","_lower":"vscode.emmet"},"activationEvent":"*"}
[2020-12-25 17:20:42.904] [exthost] [info] ExtensionService#loadCommonJSModule file:///home/smarthome/.vscode-server/bin/ea3859d4ba2f3e577a159bc91e3074c5d85c0523/extensions/emmet/dist/node/emmetNodeMain
[2020-12-25 17:20:42.992] [exthost] [info] ExtensionService#_doActivateExtension vscode.git {"startup":true,"extensionId":{"value":"vscode.github","_lower":"vscode.github"},"activationEvent":"*"}
[2020-12-25 17:20:42.993] [exthost] [info] ExtensionService#loadCommonJSModule file:///home/smarthome/.vscode-server/bin/ea3859d4ba2f3e577a159bc91e3074c5d85c0523/extensions/git/dist/main
[2020-12-25 17:20:43.060] [exthost] [info] ExtensionService#_doActivateExtension vscode.merge-conflict {"startup":true,"extensionId":{"value":"vscode.merge-conflict","_lower":"vscode.merge-conflict"},"activationEvent":"*"}
[2020-12-25 17:20:43.060] [exthost] [info] ExtensionService#loadCommonJSModule file:///home/smarthome/.vscode-server/bin/ea3859d4ba2f3e577a159bc91e3074c5d85c0523/extensions/merge-conflict/dist/mergeConflictMain
[2020-12-25 17:20:43.065] [exthost] [info] ExtensionService#_doActivateExtension vscode.search-result {"startup":true,"extensionId":{"value":"vscode.search-result","_lower":"vscode.search-result"},"activationEvent":"*"}
[2020-12-25 17:20:43.066] [exthost] [info] ExtensionService#loadCommonJSModule file:///home/smarthome/.vscode-server/bin/ea3859d4ba2f3e577a159bc91e3074c5d85c0523/extensions/search-result/dist/extension.js
[2020-12-25 17:20:43.266] [exthost] [info] ExtensionService#_doActivateExtension vscode.github {"startup":true,"extensionId":{"value":"vscode.github","_lower":"vscode.github"},"activationEvent":"*"}
[2020-12-25 17:20:43.266] [exthost] [info] ExtensionService#loadCommonJSModule file:///home/smarthome/.vscode-server/bin/ea3859d4ba2f3e577a159bc91e3074c5d85c0523/extensions/github/dist/extension.js
[2020-12-25 17:20:43.585] [exthost] [info] ExtensionService#_doActivateExtension ms-vscode.js-debug {"startup":false,"extensionId":{"value":"ms-vscode.js-debug","_lower":"ms-vscode.js-debug"},"activationEvent":"onCommand:extension.js-debug.clearAutoAttachVariables"}
[2020-12-25 17:20:43.590] [exthost] [info] ExtensionService#loadCommonJSModule file:///home/smarthome/.vscode-server/bin/ea3859d4ba2f3e577a159bc91e3074c5d85c0523/extensions/ms-vscode.js-debug/src/extension.js
[2020-12-25 17:20:44.052] [exthost] [info] eager extensions activated
[2020-12-25 17:20:44.471] [exthost] [warning] [Decorations] CAPPING events from decorations provider vscode.git 5000
[2020-12-25 17:30:39.558] [exthost] [info] ExtensionService#_doActivateExtension ms-toolsai.jupyter {"startup":false,"extensionId":{"value":"ms-toolsai.jupyter","_lower":"ms-toolsai.jupyter"},"activationEvent":"onLanguage:python"}
[2020-12-25 17:30:39.558] [exthost] [info] ExtensionService#loadCommonJSModule file:///home/smarthome/.vscode-server/extensions/ms-toolsai.jupyter-2020.12.414227025/out/client/extension
[2020-12-25 17:30:42.869] [exthost] [info] ExtensionService#_doActivateExtension ms-python.python {"startup":false,"extensionId":{"value":"ms-python.python","_lower":"ms-python.python"},"activationEvent":"onLanguage:python"}
[2020-12-25 17:30:42.874] [exthost] [info] ExtensionService#loadCommonJSModule file:///home/smarthome/.vscode-server/extensions/ms-python.python-2020.12.424452561/out/client/extension
[2020-12-25 18:58:41.583] [exthost] [info] ExtensionService#_doActivateExtension vscode.html-language-features {"startup":false,"extensionId":{"value":"vscode.html-language-features","_lower":"vscode.html-language-features"},"activationEvent":"onLanguage:html"}
[2020-12-25 18:58:41.583] [exthost] [info] ExtensionService#loadCommonJSModule file:///home/smarthome/.vscode-server/bin/ea3859d4ba2f3e577a159bc91e3074c5d85c0523/extensions/html-language-features/client/dist/node/htmlClientMain
